<!DOCTYPE html PUBLIC "-//W3C//DTD XHTML 1.1//EN" "http://www.w3.org/TR/xhtml11/DTD/xhtml11.dtd">
<html xmlns="http://www.w3.org/1999/xhtml">
<head>
<meta http-equiv="content-type" content="text/html; charset=UTF-8"/>
<title>TestNG Report</title>
<style type="text/css">table {margin-bottom:10px;border-collapse:collapse;empty-cells:show}th,td {border:1px solid #009;padding:.25em .5em}th {vertical-align:bottom}td {vertical-align:top}table a {font-weight:bold}.stripe td {background-color: #E6EBF9}.num {text-align:right}.passedodd td {background-color: #3F3}.passedeven td {background-color: #0A0}.skippedodd td {background-color: #DDD}.skippedeven td {background-color: #CCC}.failedodd td,.attn {background-color: #F33}.failedeven td,.stripe .attn {background-color: #D00}.stacktrace {white-space:pre;font-family:monospace}.totop {font-size:85%;text-align:center;border-bottom:2px solid #000}.invisible {display:none}</style>
</head>
<body>
<table>
<tr><th>Test</th><th># Passed</th><th># Skipped</th><th># Failed</th><th>Time (ms)</th><th>Included Groups</th><th>Excluded Groups</th></tr>
<tr><th colspan="7">Sanity Suite</th></tr>
<tr><td><a href="#t0">Login</a></td><td class="num">2</td><td class="num">0</td><td class="num">0</td><td class="num">10,641</td><td></td><td></td></tr>
<tr class="stripe"><td><a href="#t1">DocCategory</a></td><td class="num">12</td><td class="num">0</td><td class="num">0</td><td class="num">24,368</td><td></td><td></td></tr>
<tr><td><a href="#t2">Profile</a></td><td class="num">37</td><td class="num">0</td><td class="num">0</td><td class="num">42,649</td><td></td><td></td></tr>
<tr class="stripe"><td><a href="#t3">MyApplication</a></td><td class="num">13</td><td class="num attn">4</td><td class="num">0</td><td class="num">120,821</td><td></td><td></td></tr>
<tr><td><a href="#t4">ExpertiseUser</a></td><td class="num">14</td><td class="num attn">9</td><td class="num attn">1</td><td class="num">61,903</td><td></td><td></td></tr>
<tr><th>Total</th><th class="num">78</th><th class="num attn">13</th><th class="num attn">1</th><th class="num">260,382</th><th colspan="2"></th></tr>
</table>
<table id='summary'><thead><tr><th>Class</th><th>Method</th><th>Start</th><th>Time (ms)</th></tr></thead><tbody><tr><th colspan="4">Sanity Suite</th></tr></tbody><tbody id="t0"><tr><th colspan="4">Login &#8212; passed</th></tr><tr class="passedeven"><td rowspan="2">uiTest.LogIn</td><td><a href="#m0">failureLogin</a></td><td rowspan="1">1534240511951</td><td rowspan="1">3245</td></tr><tr class="passedeven"><td><a href="#m1">successfulLogin</a></td><td rowspan="1">1534240516779</td><td rowspan="1">1806</td></tr></tbody>
<tbody id="t1"><tr><th colspan="4">DocCategory &#8212; passed</th></tr><tr class="passedeven"><td rowspan="12">uiTest.DocCategory</td><td><a href="#m2">categoryWithOutSubCat</a></td><td rowspan="1">1534240543218</td><td rowspan="1">807</td></tr><tr class="passedeven"><td><a href="#m3">correctDataWithEnterButton</a></td><td rowspan="1">1534240528930</td><td rowspan="1">1430</td></tr><tr class="passedeven"><td><a href="#m4">correctDataWithLupa</a></td><td rowspan="1">1534240527884</td><td rowspan="1">593</td></tr><tr class="passedeven"><td><a href="#m5">dataWithManyLetters</a></td><td rowspan="1">1534240535831</td><td rowspan="1">2140</td></tr><tr class="passedeven"><td><a href="#m6">dataWithOneLetter</a></td><td rowspan="1">1534240532645</td><td rowspan="1">1629</td></tr><tr class="passedeven"><td><a href="#m7">dataWithSlashAndSpace</a></td><td rowspan="1">1534240538329</td><td rowspan="1">1050</td></tr><tr class="passedeven"><td><a href="#m8">dataWithTwoLetter</a></td><td rowspan="1">1534240534635</td><td rowspan="1">807</td></tr><tr class="passedeven"><td><a href="#m9">deleteData</a></td><td rowspan="1">1534240539741</td><td rowspan="1">849</td></tr><tr class="passedeven"><td><a href="#m10">dropdawnList</a></td><td rowspan="1">1534240530738</td><td rowspan="1">1476</td></tr><tr class="passedeven"><td><a href="#m11">login</a></td><td rowspan="1">1534240520465</td><td rowspan="1">5895</td></tr><tr class="passedeven"><td><a href="#m12">spaceData</a></td><td rowspan="1">1534240541040</td><td rowspan="1">627</td></tr><tr class="passedeven"><td><a href="#m13">subcategories</a></td><td rowspan="1">1534240542108</td><td rowspan="1">686</td></tr></tbody>
<tbody id="t2"><tr><th colspan="4">Profile &#8212; passed</th></tr><tr class="passedeven"><td rowspan="37">uiTest.Profile</td><td><a href="#m14">changePassword</a></td><td rowspan="1">1534240585990</td><td rowspan="1">734</td></tr><tr class="passedeven"><td><a href="#m15">deleteAva</a></td><td rowspan="1">1534240556830</td><td rowspan="1">680</td></tr><tr class="passedeven"><td><a href="#m16">dimensionsAva</a></td><td rowspan="1">1534240557946</td><td rowspan="1">803</td></tr><tr class="passedeven"><td><a href="#m17">editUploadedPhoto</a></td><td rowspan="1">1534240559217</td><td rowspan="1">1000</td></tr><tr class="passedeven"><td><a href="#m18">reviewHintMessage</a></td><td rowspan="1">1534240571305</td><td rowspan="1">126</td></tr><tr class="passedeven"><td><a href="#m19">successfulLogin</a></td><td rowspan="1">1534240544785</td><td rowspan="1">2759</td></tr><tr class="passedeven"><td><a href="#m20">toProfile</a></td><td rowspan="1">1534240548978</td><td rowspan="1">220</td></tr><tr class="passedeven"><td><a href="#m21">uploadAvatarBMP</a></td><td rowspan="1">1534240551580</td><td rowspan="1">503</td></tr><tr class="passedeven"><td><a href="#m22">uploadAvatarGIF</a></td><td rowspan="1">1534240550167</td><td rowspan="1">934</td></tr><tr class="passedeven"><td><a href="#m23">uploadAvatarJPG</a></td><td rowspan="1">1534240555600</td><td rowspan="1">788</td></tr><tr class="passedeven"><td><a href="#m24">uploadAvatarPNG</a></td><td rowspan="1">1534240554544</td><td rowspan="1">521</td></tr><tr class="passedeven"><td><a href="#m25">uploadAvatarTIFF</a></td><td rowspan="1">1534240553577</td><td rowspan="1">509</td></tr><tr class="passedeven"><td><a href="#m26">uploadAvatarWEBP</a></td><td rowspan="1">1534240552524</td><td rowspan="1">576</td></tr><tr class="passedeven"><td><a href="#m27">verifyChangePassword</a></td><td rowspan="7">1534240574219</td><td rowspan="7">657</td></tr><tr class="passedeven"><td><a href="#m28">verifyChangePassword</a></td></tr><tr class="passedeven"><td><a href="#m29">verifyChangePassword</a></td></tr><tr class="passedeven"><td><a href="#m30">verifyChangePassword</a></td></tr><tr class="passedeven"><td><a href="#m31">verifyChangePassword</a></td></tr><tr class="passedeven"><td><a href="#m32">verifyChangePassword</a></td></tr><tr class="passedeven"><td><a href="#m33">verifyChangePassword</a></td></tr><tr class="passedeven"><td><a href="#m34">verifyConfirmPassword</a></td><td rowspan="2">1534240582060</td><td rowspan="2">3589</td></tr><tr class="passedeven"><td><a href="#m35">verifyConfirmPassword</a></td></tr><tr class="passedeven"><td><a href="#m36">verifyName</a></td><td rowspan="5">1534240561360</td><td rowspan="5">607</td></tr><tr class="passedeven"><td><a href="#m37">verifyName</a></td></tr><tr class="passedeven"><td><a href="#m38">verifyName</a></td></tr><tr class="passedeven"><td><a href="#m39">verifyName</a></td></tr><tr class="passedeven"><td><a href="#m40">verifyName</a></td></tr><tr class="passedeven"><td><a href="#m41">verifySurName</a></td><td rowspan="5">1534240564147</td><td rowspan="5">265</td></tr><tr class="passedeven"><td><a href="#m42">verifySurName</a></td></tr><tr class="passedeven"><td><a href="#m43">verifySurName</a></td></tr><tr class="passedeven"><td><a href="#m44">verifySurName</a></td></tr><tr class="passedeven"><td><a href="#m45">verifySurName</a></td></tr><tr class="passedeven"><td><a href="#m46">verifylastName</a></td><td rowspan="5">1534240568649</td><td rowspan="5">427</td></tr><tr class="passedeven"><td><a href="#m47">verifylastName</a></td></tr><tr class="passedeven"><td><a href="#m48">verifylastName</a></td></tr><tr class="passedeven"><td><a href="#m49">verifylastName</a></td></tr><tr class="passedeven"><td><a href="#m50">verifylastName</a></td></tr></tbody>
<tbody id="t3"><tr><th colspan="4">MyApplication &#8212; skipped</th></tr><tr class="skippedeven"><td rowspan="4">uiTest.MyApplication</td><td><a href="#m51">downloadAttachment</a></td><td rowspan="1">1534240617856</td><td rowspan="1">1506</td></tr><tr class="skippedeven"><td><a href="#m52">haveNotMoneyWhenWaitForPayDoc</a></td><td rowspan="1">1534240683870</td><td rowspan="1">3919</td></tr><tr class="skippedeven"><td><a href="#m53">rejectedAppToArchive</a></td><td rowspan="1">1534240633289</td><td rowspan="1">968</td></tr><tr class="skippedeven"><td><a href="#m54">updateAppWaitForPay</a></td><td rowspan="1">1534240601000</td><td rowspan="1">1050</td></tr><tr><th colspan="4">MyApplication &#8212; passed</th></tr><tr class="passedeven"><td rowspan="13">uiTest.MyApplication</td><td><a href="#m55">cancelChangesEditApp</a></td><td rowspan="1">1534240666456</td><td rowspan="1">7715</td></tr><tr class="passedeven"><td><a href="#m56">deleteAllAttachWhenEdit</a></td><td rowspan="1">1534240660350</td><td rowspan="1">5768</td></tr><tr class="passedeven"><td><a href="#m57">downloadAttachWhenEditApp</a></td><td rowspan="1">1534240657736</td><td rowspan="1">2269</td></tr><tr class="passedeven"><td><a href="#m58">downloadAttachment</a></td><td rowspan="1">1534240619370</td><td rowspan="1">10902</td></tr><tr class="passedeven"><td><a href="#m59">downloadAttachmentPopUp</a></td><td rowspan="1">1534240630712</td><td rowspan="1">2103</td></tr><tr class="passedeven"><td><a href="#m60">editAppWaitForPay</a></td><td rowspan="1">1534240644271</td><td rowspan="1">12889</td></tr><tr class="passedeven"><td><a href="#m61">haveNotMoneyWhenWaitForPayDoc</a></td><td rowspan="1">1534240687790</td><td rowspan="1">12106</td></tr><tr class="passedeven"><td><a href="#m62">login</a></td><td rowspan="1">1534240587473</td><td rowspan="1">4180</td></tr><tr class="passedeven"><td><a href="#m63">rejectedAppToArchive</a></td><td rowspan="1">1534240634260</td><td rowspan="1">9579</td></tr><tr class="passedeven"><td><a href="#m64">reviewAppInTheWork</a></td><td rowspan="1">1534240592093</td><td rowspan="1">8475</td></tr><tr class="passedeven"><td><a href="#m65">sendToArchivWhenWaitForPay</a></td><td rowspan="1">1534240700264</td><td rowspan="1">7382</td></tr><tr class="passedeven"><td><a href="#m66">successPaymentWhenWaitForPayDoc</a></td><td rowspan="1">1534240674603</td><td rowspan="1">8892</td></tr><tr class="passedeven"><td><a href="#m67">updateAppWaitForPay</a></td><td rowspan="1">1534240602080</td><td rowspan="1">15353</td></tr></tbody>
<tbody id="t4"><tr><th colspan="4">ExpertiseUser &#8212; failed</th></tr><tr class="failedeven"><td rowspan="1">uiTest.ExpertiseUser</td><td><a href="#m68">haveNotMoney</a></td><td rowspan="1">1534240764697</td><td rowspan="1">987</td></tr><tr><th colspan="4">ExpertiseUser &#8212; skipped</th></tr><tr class="skippedeven"><td rowspan="9">uiTest.ExpertiseUser</td><td><a href="#m69">attachment21</a></td><td rowspan="1">1534240743858</td><td rowspan="1">604</td></tr><tr class="skippedeven"><td><a href="#m70">deleteOneOfUploudedFiles</a></td><td rowspan="1">1534240751945</td><td rowspan="1">642</td></tr><tr class="skippedeven"><td><a href="#m71">emptyAttachmentField</a></td><td rowspan="1">1534240740606</td><td rowspan="1">641</td></tr><tr class="skippedeven"><td><a href="#m72">emptyRequisiteField</a></td><td rowspan="1">1534240737856</td><td rowspan="1">650</td></tr><tr class="skippedeven"><td><a href="#m73">emptyWhoYouAreField</a></td><td rowspan="1">1534240724009</td><td rowspan="1">4772</td></tr><tr class="skippedeven"><td><a href="#m74">fileMoreThen50MB</a></td><td rowspan="1">1534240748513</td><td rowspan="1">613</td></tr><tr class="skippedeven"><td><a href="#m75">haveNotMoney</a></td><td rowspan="1">1534240759508</td><td rowspan="1">5188</td></tr><tr class="skippedeven"><td><a href="#m76">incorrectSecondField</a></td><td rowspan="1">1534240731206</td><td rowspan="1">681</td></tr><tr class="skippedeven"><td><a href="#m77">requisitesField</a></td><td rowspan="1">1534240734605</td><td rowspan="1">609</td></tr><tr><th colspan="4">ExpertiseUser &#8212; passed</th></tr><tr class="passedeven"><td rowspan="14">uiTest.ExpertiseUser</td><td><a href="#m78">attachment21</a></td><td rowspan="1">1534240744463</td><td rowspan="1">3726</td></tr><tr class="passedeven"><td><a href="#m79">deleteOneOfUploudedFiles</a></td><td rowspan="1">1534240752589</td><td rowspan="1">3116</td></tr><tr class="passedeven"><td><a href="#m80">doubleAttachment</a></td><td rowspan="1">1534240717026</td><td rowspan="1">3373</td></tr><tr class="passedeven"><td><a href="#m81">emptyAllField</a></td><td rowspan="1">1534240766054</td><td rowspan="1">3530</td></tr><tr class="passedeven"><td><a href="#m82">emptyAttachmentField</a></td><td rowspan="1">1534240741248</td><td rowspan="1">2282</td></tr><tr class="passedeven"><td><a href="#m83">emptyRequisiteField</a></td><td rowspan="1">1534240738509</td><td rowspan="1">1759</td></tr><tr class="passedeven"><td><a href="#m84">emptyTypeField</a></td><td rowspan="1">1534240720727</td><td rowspan="1">2913</td></tr><tr class="passedeven"><td><a href="#m85">emptyWhoYouAreField</a></td><td rowspan="1">1534240728783</td><td rowspan="1">2081</td></tr><tr class="passedeven"><td><a href="#m86">fileMoreThen50MB</a></td><td rowspan="1">1534240749127</td><td rowspan="1">2481</td></tr><tr class="passedeven"><td><a href="#m87">incorrectSecondField</a></td><td rowspan="1">1534240731888</td><td rowspan="1">2389</td></tr><tr class="passedeven"><td><a href="#m88">login</a></td><td rowspan="1">1534240708298</td><td rowspan="1">4227</td></tr><tr class="passedeven"><td><a href="#m89">reestablishUploadedFiles</a></td><td rowspan="1">1534240756024</td><td rowspan="1">3174</td></tr><tr class="passedeven"><td><a href="#m90">requisitesField</a></td><td rowspan="1">1534240735223</td><td rowspan="1">2278</td></tr><tr class="passedeven"><td><a href="#m91">validData</a></td><td rowspan="1">1534240713033</td><td rowspan="1">3672</td></tr></tbody>
</table>
<h2>Login</h2><h3 id="m0">uiTest.LogIn#failureLogin</h3><table class="result"><tr><th class="invisible"/></tr></table><p class="totop"><a href="#summary">back to summary</a></p>
<h3 id="m1">uiTest.LogIn#successfulLogin</h3><table class="result"><tr><th class="invisible"/></tr></table><p class="totop"><a href="#summary">back to summary</a></p>
<h2>DocCategory</h2><h3 id="m2">uiTest.DocCategory#categoryWithOutSubCat</h3><table class="result"><tr><th class="invisible"/></tr></table><p class="totop"><a href="#summary">back to summary</a></p>
<h3 id="m3">uiTest.DocCategory#correctDataWithEnterButton</h3><table class="result"><tr><th class="invisible"/></tr></table><p class="totop"><a href="#summary">back to summary</a></p>
<h3 id="m4">uiTest.DocCategory#correctDataWithLupa</h3><table class="result"><tr><th class="invisible"/></tr></table><p class="totop"><a href="#summary">back to summary</a></p>
<h3 id="m5">uiTest.DocCategory#dataWithManyLetters</h3><table class="result"><tr><th class="invisible"/></tr></table><p class="totop"><a href="#summary">back to summary</a></p>
<h3 id="m6">uiTest.DocCategory#dataWithOneLetter</h3><table class="result"><tr><th class="invisible"/></tr></table><p class="totop"><a href="#summary">back to summary</a></p>
<h3 id="m7">uiTest.DocCategory#dataWithSlashAndSpace</h3><table class="result"><tr><th class="invisible"/></tr></table><p class="totop"><a href="#summary">back to summary</a></p>
<h3 id="m8">uiTest.DocCategory#dataWithTwoLetter</h3><table class="result"><tr><th class="invisible"/></tr></table><p class="totop"><a href="#summary">back to summary</a></p>
<h3 id="m9">uiTest.DocCategory#deleteData</h3><table class="result"><tr><th class="invisible"/></tr></table><p class="totop"><a href="#summary">back to summary</a></p>
<h3 id="m10">uiTest.DocCategory#dropdawnList</h3><table class="result"><tr><th class="invisible"/></tr></table><p class="totop"><a href="#summary">back to summary</a></p>
<h3 id="m11">uiTest.DocCategory#login</h3><table class="result"><tr><th class="invisible"/></tr></table><p class="totop"><a href="#summary">back to summary</a></p>
<h3 id="m12">uiTest.DocCategory#spaceData</h3><table class="result"><tr><th class="invisible"/></tr></table><p class="totop"><a href="#summary">back to summary</a></p>
<h3 id="m13">uiTest.DocCategory#subcategories</h3><table class="result"><tr><th class="invisible"/></tr></table><p class="totop"><a href="#summary">back to summary</a></p>
<h2>Profile</h2><h3 id="m14">uiTest.Profile#changePassword</h3><table class="result"><tr><th class="invisible"/></tr></table><p class="totop"><a href="#summary">back to summary</a></p>
<h3 id="m15">uiTest.Profile#deleteAva</h3><table class="result"><tr><th class="invisible"/></tr></table><p class="totop"><a href="#summary">back to summary</a></p>
<h3 id="m16">uiTest.Profile#dimensionsAva</h3><table class="result"><tr><th class="invisible"/></tr></table><p class="totop"><a href="#summary">back to summary</a></p>
<h3 id="m17">uiTest.Profile#editUploadedPhoto</h3><table class="result"><tr><th class="invisible"/></tr></table><p class="totop"><a href="#summary">back to summary</a></p>
<h3 id="m18">uiTest.Profile#reviewHintMessage</h3><table class="result"><tr><th class="invisible"/></tr></table><p class="totop"><a href="#summary">back to summary</a></p>
<h3 id="m19">uiTest.Profile#successfulLogin</h3><table class="result"><tr><th class="invisible"/></tr></table><p class="totop"><a href="#summary">back to summary</a></p>
<h3 id="m20">uiTest.Profile#toProfile</h3><table class="result"><tr><th class="invisible"/></tr></table><p class="totop"><a href="#summary">back to summary</a></p>
<h3 id="m21">uiTest.Profile#uploadAvatarBMP</h3><table class="result"><tr><th class="invisible"/></tr></table><p class="totop"><a href="#summary">back to summary</a></p>
<h3 id="m22">uiTest.Profile#uploadAvatarGIF</h3><table class="result"><tr><th class="invisible"/></tr></table><p class="totop"><a href="#summary">back to summary</a></p>
<h3 id="m23">uiTest.Profile#uploadAvatarJPG</h3><table class="result"><tr><th class="invisible"/></tr></table><p class="totop"><a href="#summary">back to summary</a></p>
<h3 id="m24">uiTest.Profile#uploadAvatarPNG</h3><table class="result"><tr><th class="invisible"/></tr></table><p class="totop"><a href="#summary">back to summary</a></p>
<h3 id="m25">uiTest.Profile#uploadAvatarTIFF</h3><table class="result"><tr><th class="invisible"/></tr></table><p class="totop"><a href="#summary">back to summary</a></p>
<h3 id="m26">uiTest.Profile#uploadAvatarWEBP</h3><table class="result"><tr><th class="invisible"/></tr></table><p class="totop"><a href="#summary">back to summary</a></p>
<h3 id="m27">uiTest.Profile#verifyChangePassword</h3><table class="result"><tr class="param"><th>Parameter #1</th><th>Parameter #2</th></tr><tr class="param stripe"><td>!@#$%^&amp;*()_+=-&lt;&gt;,.`~</td><td>false</td></tr></table><p class="totop"><a href="#summary">back to summary</a></p>
<h3 id="m28">uiTest.Profile#verifyChangePassword</h3><table class="result"><tr class="param"><th>Parameter #1</th><th>Parameter #2</th></tr><tr class="param stripe"><td>парольнарусском</td><td>false</td></tr></table><p class="totop"><a href="#summary">back to summary</a></p>
<h3 id="m29">uiTest.Profile#verifyChangePassword</h3><table class="result"><tr class="param"><th>Parameter #1</th><th>Parameter #2</th></tr><tr class="param stripe"><td> 12345</td><td>false</td></tr></table><p class="totop"><a href="#summary">back to summary</a></p>
<h3 id="m30">uiTest.Profile#verifyChangePassword</h3><table class="result"><tr class="param"><th>Parameter #1</th><th>Parameter #2</th></tr><tr class="param stripe"><td>123456</td><td>true</td></tr></table><p class="totop"><a href="#summary">back to summary</a></p>
<h3 id="m31">uiTest.Profile#verifyChangePassword</h3><table class="result"><tr class="param"><th>Parameter #1</th><th>Parameter #2</th></tr><tr class="param stripe"><td>0123456789012345678901234</td><td>false</td></tr></table><p class="totop"><a href="#summary">back to summary</a></p>
<h3 id="m32">uiTest.Profile#verifyChangePassword</h3><table class="result"><tr class="param"><th>Parameter #1</th><th>Parameter #2</th></tr><tr class="param stripe"><td>password123</td><td>false</td></tr></table><p class="totop"><a href="#summary">back to summary</a></p>
<h3 id="m33">uiTest.Profile#verifyChangePassword</h3><table class="result"><tr class="param"><th>Parameter #1</th><th>Parameter #2</th></tr><tr class="param stripe"><td>Bad Password</td><td>false</td></tr></table><p class="totop"><a href="#summary">back to summary</a></p>
<h3 id="m34">uiTest.Profile#verifyConfirmPassword</h3><table class="result"><tr class="param"><th>Parameter #1</th><th>Parameter #2</th></tr><tr class="param stripe"><td>testtest</td><td>testtest</td></tr></table><p class="totop"><a href="#summary">back to summary</a></p>
<h3 id="m35">uiTest.Profile#verifyConfirmPassword</h3><table class="result"><tr class="param"><th>Parameter #1</th><th>Parameter #2</th></tr><tr class="param stripe"><td>testtest</td><td>test12345</td></tr></table><p class="totop"><a href="#summary">back to summary</a></p>
<h3 id="m36">uiTest.Profile#verifyName</h3><table class="result"><tr class="param"><th>Parameter #1</th><th>Parameter #2</th></tr><tr class="param stripe"><td>+-*/|?.,@$#%^&amp;()!~</td><td>false</td></tr></table><p class="totop"><a href="#summary">back to summary</a></p>
<h3 id="m37">uiTest.Profile#verifyName</h3><table class="result"><tr class="param"><th>Parameter #1</th><th>Parameter #2</th></tr><tr class="param stripe"><td>Иван123</td><td>false</td></tr></table><p class="totop"><a href="#summary">back to summary</a></p>
<h3 id="m38">uiTest.Profile#verifyName</h3><table class="result"><tr class="param"><th>Parameter #1</th><th>Parameter #2</th></tr><tr class="param stripe"><td>Стас</td><td>true</td></tr></table><p class="totop"><a href="#summary">back to summary</a></p>
<h3 id="m39">uiTest.Profile#verifyName</h3><table class="result"><tr class="param"><th>Parameter #1</th><th>Parameter #2</th></tr><tr class="param stripe"><td>123</td><td>false</td></tr></table><p class="totop"><a href="#summary">back to summary</a></p>
<h3 id="m40">uiTest.Profile#verifyName</h3><table class="result"><tr class="param"><th>Parameter #1</th><th>Parameter #2</th></tr><tr class="param stripe"><td>Ив.ан</td><td>false</td></tr></table><p class="totop"><a href="#summary">back to summary</a></p>
<h3 id="m41">uiTest.Profile#verifySurName</h3><table class="result"><tr class="param"><th>Parameter #1</th><th>Parameter #2</th></tr><tr class="param stripe"><td>123</td><td>false</td></tr></table><p class="totop"><a href="#summary">back to summary</a></p>
<h3 id="m42">uiTest.Profile#verifySurName</h3><table class="result"><tr class="param"><th>Parameter #1</th><th>Parameter #2</th></tr><tr class="param stripe"><td>Иван123</td><td>false</td></tr></table><p class="totop"><a href="#summary">back to summary</a></p>
<h3 id="m43">uiTest.Profile#verifySurName</h3><table class="result"><tr class="param"><th>Parameter #1</th><th>Parameter #2</th></tr><tr class="param stripe"><td>Ив.ан</td><td>false</td></tr></table><p class="totop"><a href="#summary">back to summary</a></p>
<h3 id="m44">uiTest.Profile#verifySurName</h3><table class="result"><tr class="param"><th>Parameter #1</th><th>Parameter #2</th></tr><tr class="param stripe"><td>Мамренко</td><td>true</td></tr></table><p class="totop"><a href="#summary">back to summary</a></p>
<h3 id="m45">uiTest.Profile#verifySurName</h3><table class="result"><tr class="param"><th>Parameter #1</th><th>Parameter #2</th></tr><tr class="param stripe"><td>+-*/|?.,@$#%^&amp;()!~</td><td>false</td></tr></table><p class="totop"><a href="#summary">back to summary</a></p>
<h3 id="m46">uiTest.Profile#verifylastName</h3><table class="result"><tr class="param"><th>Parameter #1</th><th>Parameter #2</th></tr><tr class="param stripe"><td>+-*/|?.,@$#%^&amp;()!~</td><td>false</td></tr></table><p class="totop"><a href="#summary">back to summary</a></p>
<h3 id="m47">uiTest.Profile#verifylastName</h3><table class="result"><tr class="param"><th>Parameter #1</th><th>Parameter #2</th></tr><tr class="param stripe"><td>Иван123</td><td>false</td></tr></table><p class="totop"><a href="#summary">back to summary</a></p>
<h3 id="m48">uiTest.Profile#verifylastName</h3><table class="result"><tr class="param"><th>Parameter #1</th><th>Parameter #2</th></tr><tr class="param stripe"><td>123</td><td>false</td></tr></table><p class="totop"><a href="#summary">back to summary</a></p>
<h3 id="m49">uiTest.Profile#verifylastName</h3><table class="result"><tr class="param"><th>Parameter #1</th><th>Parameter #2</th></tr><tr class="param stripe"><td>Ив.ан</td><td>false</td></tr></table><p class="totop"><a href="#summary">back to summary</a></p>
<h3 id="m50">uiTest.Profile#verifylastName</h3><table class="result"><tr class="param"><th>Parameter #1</th><th>Parameter #2</th></tr><tr class="param stripe"><td>Иванович</td><td>true</td></tr></table><p class="totop"><a href="#summary">back to summary</a></p>
<h2>MyApplication</h2><h3 id="m51">uiTest.MyApplication#downloadAttachment</h3><table class="result"><tr><th>Exception</th></tr><tr><td><div class="stacktrace">org.openqa.selenium.StaleElementReferenceException: stale element reference: element is not attached to the page document
  (Session info: headless chrome=68.0.3440.106)
  (Driver info: chromedriver=2.38.552522 (437e6fbedfa8762dec75e2c5b3ddb86763dc9dcb),platform=Linux 4.9.87-linuxkit-aufs x86_64) (WARNING: The server did not provide any stacktrace information)
Command duration or timeout: 0 milliseconds
For documentation on this error, please visit: http://seleniumhq.org/exceptions/stale_element_reference.html
Build info: version: &apos;3.8.1&apos;, revision: &apos;6e95a6684b&apos;, time: &apos;2017-12-01T18:33:54.468Z&apos;
System info: host: &apos;20dddad52158&apos;, ip: &apos;172.17.0.2&apos;, os.name: &apos;Linux&apos;, os.arch: &apos;amd64&apos;, os.version: &apos;4.9.87-linuxkit-aufs&apos;, java.version: &apos;1.8.0_171&apos;
Driver info: org.openqa.selenium.chrome.ChromeDriver
Capabilities {acceptInsecureCerts: false, acceptSslCerts: false, applicationCacheEnabled: false, browserConnectionEnabled: false, browserName: chrome, chrome: {chromedriverVersion: 2.38.552522 (437e6fbedfa876..., userDataDir: /tmp/.org.chromium.Chromium...}, cssSelectorsEnabled: true, databaseEnabled: false, handlesAlerts: true, hasTouchScreen: false, javascriptEnabled: true, locationContextEnabled: true, mobileEmulationEnabled: false, nativeEvents: true, networkConnectionEnabled: false, pageLoadStrategy: normal, platform: LINUX, platformName: LINUX, rotatable: false, setWindowRect: true, takesHeapSnapshot: true, takesScreenshot: true, unexpectedAlertBehaviour: , unhandledPromptBehavior: , version: 68.0.3440.106, webStorageEnabled: true}
Session ID: 14eaba788c44f8c0cdf6bebaaabed2ff
	at org.openqa.selenium.remote.ErrorHandler.createThrowable(ErrorHandler.java:214)
	at org.openqa.selenium.remote.ErrorHandler.throwIfResponseFailed(ErrorHandler.java:166)
	at org.openqa.selenium.remote.http.JsonHttpResponseCodec.reconstructValue(JsonHttpResponseCodec.java:40)
	at org.openqa.selenium.remote.http.AbstractHttpResponseCodec.decode(AbstractHttpResponseCodec.java:80)
	at org.openqa.selenium.remote.http.AbstractHttpResponseCodec.decode(AbstractHttpResponseCodec.java:44)
	at org.openqa.selenium.remote.HttpCommandExecutor.execute(HttpCommandExecutor.java:164)
	at org.openqa.selenium.remote.service.DriverCommandExecutor.execute(DriverCommandExecutor.java:83)
	at org.openqa.selenium.remote.RemoteWebDriver.execute(RemoteWebDriver.java:601)
	at org.openqa.selenium.remote.RemoteWebElement.execute(RemoteWebElement.java:279)
	at org.openqa.selenium.remote.RemoteWebElement.click(RemoteWebElement.java:83)
	at org.openqa.selenium.support.pagefactory.internal.LocatingElementHandler.invoke(LocatingElementHandler.java:51)
	at com.sun.proxy.$Proxy25.click(Unknown Source)
	at mainPackage.ui.MyApplicationsPage.downloadAttachment(MyApplicationsPage.java:286)
	at uiTest.MyApplication.downloadAttachment(MyApplication.java:45)
... Removed 41 stack frames</div></td></tr></table><p class="totop"><a href="#summary">back to summary</a></p>
<h3 id="m52">uiTest.MyApplication#haveNotMoneyWhenWaitForPayDoc</h3><table class="result"><tr><th>Exception</th></tr><tr><td><div class="stacktrace">org.openqa.selenium.StaleElementReferenceException: stale element reference: element is not attached to the page document
  (Session info: headless chrome=68.0.3440.106)
  (Driver info: chromedriver=2.38.552522 (437e6fbedfa8762dec75e2c5b3ddb86763dc9dcb),platform=Linux 4.9.87-linuxkit-aufs x86_64) (WARNING: The server did not provide any stacktrace information)
Command duration or timeout: 0 milliseconds
For documentation on this error, please visit: http://seleniumhq.org/exceptions/stale_element_reference.html
Build info: version: &apos;3.8.1&apos;, revision: &apos;6e95a6684b&apos;, time: &apos;2017-12-01T18:33:54.468Z&apos;
System info: host: &apos;20dddad52158&apos;, ip: &apos;172.17.0.2&apos;, os.name: &apos;Linux&apos;, os.arch: &apos;amd64&apos;, os.version: &apos;4.9.87-linuxkit-aufs&apos;, java.version: &apos;1.8.0_171&apos;
Driver info: org.openqa.selenium.chrome.ChromeDriver
Capabilities {acceptInsecureCerts: false, acceptSslCerts: false, applicationCacheEnabled: false, browserConnectionEnabled: false, browserName: chrome, chrome: {chromedriverVersion: 2.38.552522 (437e6fbedfa876..., userDataDir: /tmp/.org.chromium.Chromium...}, cssSelectorsEnabled: true, databaseEnabled: false, handlesAlerts: true, hasTouchScreen: false, javascriptEnabled: true, locationContextEnabled: true, mobileEmulationEnabled: false, nativeEvents: true, networkConnectionEnabled: false, pageLoadStrategy: normal, platform: LINUX, platformName: LINUX, rotatable: false, setWindowRect: true, takesHeapSnapshot: true, takesScreenshot: true, unexpectedAlertBehaviour: , unhandledPromptBehavior: , version: 68.0.3440.106, webStorageEnabled: true}
Session ID: 14eaba788c44f8c0cdf6bebaaabed2ff
	at org.openqa.selenium.remote.ErrorHandler.createThrowable(ErrorHandler.java:214)
	at org.openqa.selenium.remote.ErrorHandler.throwIfResponseFailed(ErrorHandler.java:166)
	at org.openqa.selenium.remote.http.JsonHttpResponseCodec.reconstructValue(JsonHttpResponseCodec.java:40)
	at org.openqa.selenium.remote.http.AbstractHttpResponseCodec.decode(AbstractHttpResponseCodec.java:80)
	at org.openqa.selenium.remote.http.AbstractHttpResponseCodec.decode(AbstractHttpResponseCodec.java:44)
	at org.openqa.selenium.remote.HttpCommandExecutor.execute(HttpCommandExecutor.java:164)
	at org.openqa.selenium.remote.service.DriverCommandExecutor.execute(DriverCommandExecutor.java:83)
	at org.openqa.selenium.remote.RemoteWebDriver.execute(RemoteWebDriver.java:601)
	at org.openqa.selenium.remote.RemoteWebElement.execute(RemoteWebElement.java:279)
	at org.openqa.selenium.remote.RemoteWebElement.click(RemoteWebElement.java:83)
	at mainPackage.ui.MyApplicationsPage.logIn(MyApplicationsPage.java:234)
	at mainPackage.ui.MyApplicationsPage.haveNotMoneyWhenWaitForPayDoc(MyApplicationsPage.java:508)
	at uiTest.MyApplication.haveNotMoneyWhenWaitForPayDoc(MyApplication.java:92)
... Removed 38 stack frames</div></td></tr></table><p class="totop"><a href="#summary">back to summary</a></p>
<h3 id="m53">uiTest.MyApplication#rejectedAppToArchive</h3><table class="result"><tr><th>Exception</th></tr><tr><td><div class="stacktrace">org.openqa.selenium.StaleElementReferenceException: stale element reference: element is not attached to the page document
  (Session info: headless chrome=68.0.3440.106)
  (Driver info: chromedriver=2.38.552522 (437e6fbedfa8762dec75e2c5b3ddb86763dc9dcb),platform=Linux 4.9.87-linuxkit-aufs x86_64) (WARNING: The server did not provide any stacktrace information)
Command duration or timeout: 0 milliseconds
For documentation on this error, please visit: http://seleniumhq.org/exceptions/stale_element_reference.html
Build info: version: &apos;3.8.1&apos;, revision: &apos;6e95a6684b&apos;, time: &apos;2017-12-01T18:33:54.468Z&apos;
System info: host: &apos;20dddad52158&apos;, ip: &apos;172.17.0.2&apos;, os.name: &apos;Linux&apos;, os.arch: &apos;amd64&apos;, os.version: &apos;4.9.87-linuxkit-aufs&apos;, java.version: &apos;1.8.0_171&apos;
Driver info: org.openqa.selenium.chrome.ChromeDriver
Capabilities {acceptInsecureCerts: false, acceptSslCerts: false, applicationCacheEnabled: false, browserConnectionEnabled: false, browserName: chrome, chrome: {chromedriverVersion: 2.38.552522 (437e6fbedfa876..., userDataDir: /tmp/.org.chromium.Chromium...}, cssSelectorsEnabled: true, databaseEnabled: false, handlesAlerts: true, hasTouchScreen: false, javascriptEnabled: true, locationContextEnabled: true, mobileEmulationEnabled: false, nativeEvents: true, networkConnectionEnabled: false, pageLoadStrategy: normal, platform: LINUX, platformName: LINUX, rotatable: false, setWindowRect: true, takesHeapSnapshot: true, takesScreenshot: true, unexpectedAlertBehaviour: , unhandledPromptBehavior: , version: 68.0.3440.106, webStorageEnabled: true}
Session ID: 14eaba788c44f8c0cdf6bebaaabed2ff
	at org.openqa.selenium.remote.ErrorHandler.createThrowable(ErrorHandler.java:214)
	at org.openqa.selenium.remote.ErrorHandler.throwIfResponseFailed(ErrorHandler.java:166)
	at org.openqa.selenium.remote.http.JsonHttpResponseCodec.reconstructValue(JsonHttpResponseCodec.java:40)
	at org.openqa.selenium.remote.http.AbstractHttpResponseCodec.decode(AbstractHttpResponseCodec.java:80)
	at org.openqa.selenium.remote.http.AbstractHttpResponseCodec.decode(AbstractHttpResponseCodec.java:44)
	at org.openqa.selenium.remote.HttpCommandExecutor.execute(HttpCommandExecutor.java:164)
	at org.openqa.selenium.remote.service.DriverCommandExecutor.execute(DriverCommandExecutor.java:83)
	at org.openqa.selenium.remote.RemoteWebDriver.execute(RemoteWebDriver.java:601)
	at org.openqa.selenium.remote.RemoteWebElement.execute(RemoteWebElement.java:279)
	at org.openqa.selenium.remote.RemoteWebElement.click(RemoteWebElement.java:83)
	at org.openqa.selenium.support.pagefactory.internal.LocatingElementHandler.invoke(LocatingElementHandler.java:51)
	at com.sun.proxy.$Proxy25.click(Unknown Source)
	at mainPackage.ui.MyApplicationsPage.createDocWaitForPay(MyApplicationsPage.java:163)
	at mainPackage.ui.MyApplicationsPage.rejectedAppToArchive(MyApplicationsPage.java:364)
	at uiTest.MyApplication.rejectedAppToArchive(MyApplication.java:61)
... Removed 41 stack frames</div></td></tr></table><p class="totop"><a href="#summary">back to summary</a></p>
<h3 id="m54">uiTest.MyApplication#updateAppWaitForPay</h3><table class="result"><tr><th>Exception</th></tr><tr><td><div class="stacktrace">org.openqa.selenium.StaleElementReferenceException: stale element reference: element is not attached to the page document
  (Session info: headless chrome=68.0.3440.106)
  (Driver info: chromedriver=2.38.552522 (437e6fbedfa8762dec75e2c5b3ddb86763dc9dcb),platform=Linux 4.9.87-linuxkit-aufs x86_64) (WARNING: The server did not provide any stacktrace information)
Command duration or timeout: 0 milliseconds
For documentation on this error, please visit: http://seleniumhq.org/exceptions/stale_element_reference.html
Build info: version: &apos;3.8.1&apos;, revision: &apos;6e95a6684b&apos;, time: &apos;2017-12-01T18:33:54.468Z&apos;
System info: host: &apos;20dddad52158&apos;, ip: &apos;172.17.0.2&apos;, os.name: &apos;Linux&apos;, os.arch: &apos;amd64&apos;, os.version: &apos;4.9.87-linuxkit-aufs&apos;, java.version: &apos;1.8.0_171&apos;
Driver info: org.openqa.selenium.chrome.ChromeDriver
Capabilities {acceptInsecureCerts: false, acceptSslCerts: false, applicationCacheEnabled: false, browserConnectionEnabled: false, browserName: chrome, chrome: {chromedriverVersion: 2.38.552522 (437e6fbedfa876..., userDataDir: /tmp/.org.chromium.Chromium...}, cssSelectorsEnabled: true, databaseEnabled: false, handlesAlerts: true, hasTouchScreen: false, javascriptEnabled: true, locationContextEnabled: true, mobileEmulationEnabled: false, nativeEvents: true, networkConnectionEnabled: false, pageLoadStrategy: normal, platform: LINUX, platformName: LINUX, rotatable: false, setWindowRect: true, takesHeapSnapshot: true, takesScreenshot: true, unexpectedAlertBehaviour: , unhandledPromptBehavior: , version: 68.0.3440.106, webStorageEnabled: true}
Session ID: 14eaba788c44f8c0cdf6bebaaabed2ff
	at org.openqa.selenium.remote.ErrorHandler.createThrowable(ErrorHandler.java:214)
	at org.openqa.selenium.remote.ErrorHandler.throwIfResponseFailed(ErrorHandler.java:166)
	at org.openqa.selenium.remote.http.JsonHttpResponseCodec.reconstructValue(JsonHttpResponseCodec.java:40)
	at org.openqa.selenium.remote.http.AbstractHttpResponseCodec.decode(AbstractHttpResponseCodec.java:80)
	at org.openqa.selenium.remote.http.AbstractHttpResponseCodec.decode(AbstractHttpResponseCodec.java:44)
	at org.openqa.selenium.remote.HttpCommandExecutor.execute(HttpCommandExecutor.java:164)
	at org.openqa.selenium.remote.service.DriverCommandExecutor.execute(DriverCommandExecutor.java:83)
	at org.openqa.selenium.remote.RemoteWebDriver.execute(RemoteWebDriver.java:601)
	at org.openqa.selenium.remote.RemoteWebElement.execute(RemoteWebElement.java:279)
	at org.openqa.selenium.remote.RemoteWebElement.click(RemoteWebElement.java:83)
	at org.openqa.selenium.support.pagefactory.internal.LocatingElementHandler.invoke(LocatingElementHandler.java:51)
	at com.sun.proxy.$Proxy25.click(Unknown Source)
	at mainPackage.ui.MyApplicationsPage.updateAppWaitForPay(MyApplicationsPage.java:251)
	at uiTest.MyApplication.updateAppWaitForPay(MyApplication.java:40)
... Removed 41 stack frames</div></td></tr></table><p class="totop"><a href="#summary">back to summary</a></p>
<h3 id="m55">uiTest.MyApplication#cancelChangesEditApp</h3><table class="result"><tr><th class="invisible"/></tr></table><p class="totop"><a href="#summary">back to summary</a></p>
<h3 id="m56">uiTest.MyApplication#deleteAllAttachWhenEdit</h3><table class="result"><tr><th class="invisible"/></tr></table><p class="totop"><a href="#summary">back to summary</a></p>
<h3 id="m57">uiTest.MyApplication#downloadAttachWhenEditApp</h3><table class="result"><tr><th class="invisible"/></tr></table><p class="totop"><a href="#summary">back to summary</a></p>
<h3 id="m58">uiTest.MyApplication#downloadAttachment</h3><table class="result"><tr><th class="invisible"/></tr></table><p class="totop"><a href="#summary">back to summary</a></p>
<h3 id="m59">uiTest.MyApplication#downloadAttachmentPopUp</h3><table class="result"><tr><th class="invisible"/></tr></table><p class="totop"><a href="#summary">back to summary</a></p>
<h3 id="m60">uiTest.MyApplication#editAppWaitForPay</h3><table class="result"><tr><th class="invisible"/></tr></table><p class="totop"><a href="#summary">back to summary</a></p>
<h3 id="m61">uiTest.MyApplication#haveNotMoneyWhenWaitForPayDoc</h3><table class="result"><tr><th class="invisible"/></tr></table><p class="totop"><a href="#summary">back to summary</a></p>
<h3 id="m62">uiTest.MyApplication#login</h3><table class="result"><tr><th class="invisible"/></tr></table><p class="totop"><a href="#summary">back to summary</a></p>
<h3 id="m63">uiTest.MyApplication#rejectedAppToArchive</h3><table class="result"><tr><th class="invisible"/></tr></table><p class="totop"><a href="#summary">back to summary</a></p>
<h3 id="m64">uiTest.MyApplication#reviewAppInTheWork</h3><table class="result"><tr><th class="invisible"/></tr></table><p class="totop"><a href="#summary">back to summary</a></p>
<h3 id="m65">uiTest.MyApplication#sendToArchivWhenWaitForPay</h3><table class="result"><tr><th class="invisible"/></tr></table><p class="totop"><a href="#summary">back to summary</a></p>
<h3 id="m66">uiTest.MyApplication#successPaymentWhenWaitForPayDoc</h3><table class="result"><tr><th class="invisible"/></tr></table><p class="totop"><a href="#summary">back to summary</a></p>
<h3 id="m67">uiTest.MyApplication#updateAppWaitForPay</h3><table class="result"><tr><th class="invisible"/></tr></table><p class="totop"><a href="#summary">back to summary</a></p>
<h2>ExpertiseUser</h2><h3 id="m68">uiTest.ExpertiseUser#haveNotMoney</h3><table class="result"><tr><th>Exception</th></tr><tr><td><div class="stacktrace">org.openqa.selenium.WebDriverException: unknown error: Element &lt;button id=&quot;front64fbd75d07ec519ac1c34bbf3c93e41b&quot; tabindex=&quot;-1&quot; type=&quot;button&quot; disabled=&quot;&quot; style=&quot;border: 10px; box-sizing: border-box; display: inline-block; font-family: Open-Sans; -webkit-tap-highlight-color: rgba(0, 0, 0, 0); cursor: default; text-decoration: none; margin: 0px; padding: 0px; outline: none; font-size: inherit; font-weight: inherit; position: absolute; height: 32px; width: 100%; border-radius: 2px; transition: all 450ms cubic-bezier(0.23, 1, 0.32, 1) 0ms; background-color: rgb(34, 37, 53); text-align: center;&quot;&gt;...&lt;/button&gt; is not clickable at point (1339, 28). Other element would receive the click: &lt;span class=&quot;Locker&quot;&gt;&lt;/span&gt;
  (Session info: headless chrome=68.0.3440.106)
  (Driver info: chromedriver=2.38.552522 (437e6fbedfa8762dec75e2c5b3ddb86763dc9dcb),platform=Linux 4.9.87-linuxkit-aufs x86_64) (WARNING: The server did not provide any stacktrace information)
Command duration or timeout: 0 milliseconds
Build info: version: &apos;3.8.1&apos;, revision: &apos;6e95a6684b&apos;, time: &apos;2017-12-01T18:33:54.468Z&apos;
System info: host: &apos;20dddad52158&apos;, ip: &apos;172.17.0.2&apos;, os.name: &apos;Linux&apos;, os.arch: &apos;amd64&apos;, os.version: &apos;4.9.87-linuxkit-aufs&apos;, java.version: &apos;1.8.0_171&apos;
Driver info: org.openqa.selenium.chrome.ChromeDriver
Capabilities {acceptInsecureCerts: false, acceptSslCerts: false, applicationCacheEnabled: false, browserConnectionEnabled: false, browserName: chrome, chrome: {chromedriverVersion: 2.38.552522 (437e6fbedfa876..., userDataDir: /tmp/.org.chromium.Chromium...}, cssSelectorsEnabled: true, databaseEnabled: false, handlesAlerts: true, hasTouchScreen: false, javascriptEnabled: true, locationContextEnabled: true, mobileEmulationEnabled: false, nativeEvents: true, networkConnectionEnabled: false, pageLoadStrategy: normal, platform: LINUX, platformName: LINUX, rotatable: false, setWindowRect: true, takesHeapSnapshot: true, takesScreenshot: true, unexpectedAlertBehaviour: , unhandledPromptBehavior: , version: 68.0.3440.106, webStorageEnabled: true}
Session ID: 30bd05fa0f2eb8b5d60a4d59f1c4f0e1
	at org.openqa.selenium.remote.ErrorHandler.createThrowable(ErrorHandler.java:214)
	at org.openqa.selenium.remote.ErrorHandler.throwIfResponseFailed(ErrorHandler.java:166)
	at org.openqa.selenium.remote.http.JsonHttpResponseCodec.reconstructValue(JsonHttpResponseCodec.java:40)
	at org.openqa.selenium.remote.http.AbstractHttpResponseCodec.decode(AbstractHttpResponseCodec.java:80)
	at org.openqa.selenium.remote.http.AbstractHttpResponseCodec.decode(AbstractHttpResponseCodec.java:44)
	at org.openqa.selenium.remote.HttpCommandExecutor.execute(HttpCommandExecutor.java:164)
	at org.openqa.selenium.remote.service.DriverCommandExecutor.execute(DriverCommandExecutor.java:83)
	at org.openqa.selenium.remote.RemoteWebDriver.execute(RemoteWebDriver.java:601)
	at org.openqa.selenium.remote.RemoteWebElement.execute(RemoteWebElement.java:279)
	at org.openqa.selenium.remote.RemoteWebElement.click(RemoteWebElement.java:83)
	at org.openqa.selenium.support.pagefactory.internal.LocatingElementHandler.invoke(LocatingElementHandler.java:51)
	at com.sun.proxy.$Proxy25.click(Unknown Source)
	at mainPackage.ui.ExpertiseUserPage.haveNotMoney(ExpertiseUserPage.java:355)
	at uiTest.ExpertiseUser.haveNotMoney(ExpertiseUser.java:91)
... Removed 41 stack frames</div></td></tr></table><p class="totop"><a href="#summary">back to summary</a></p>
<h3 id="m69">uiTest.ExpertiseUser#attachment21</h3><table class="result"><tr><th>Exception</th></tr><tr><td><div class="stacktrace">org.openqa.selenium.StaleElementReferenceException: stale element reference: element is not attached to the page document
  (Session info: headless chrome=68.0.3440.106)
  (Driver info: chromedriver=2.38.552522 (437e6fbedfa8762dec75e2c5b3ddb86763dc9dcb),platform=Linux 4.9.87-linuxkit-aufs x86_64) (WARNING: The server did not provide any stacktrace information)
Command duration or timeout: 0 milliseconds
For documentation on this error, please visit: http://seleniumhq.org/exceptions/stale_element_reference.html
Build info: version: &apos;3.8.1&apos;, revision: &apos;6e95a6684b&apos;, time: &apos;2017-12-01T18:33:54.468Z&apos;
System info: host: &apos;20dddad52158&apos;, ip: &apos;172.17.0.2&apos;, os.name: &apos;Linux&apos;, os.arch: &apos;amd64&apos;, os.version: &apos;4.9.87-linuxkit-aufs&apos;, java.version: &apos;1.8.0_171&apos;
Driver info: org.openqa.selenium.chrome.ChromeDriver
Capabilities {acceptInsecureCerts: false, acceptSslCerts: false, applicationCacheEnabled: false, browserConnectionEnabled: false, browserName: chrome, chrome: {chromedriverVersion: 2.38.552522 (437e6fbedfa876..., userDataDir: /tmp/.org.chromium.Chromium...}, cssSelectorsEnabled: true, databaseEnabled: false, handlesAlerts: true, hasTouchScreen: false, javascriptEnabled: true, locationContextEnabled: true, mobileEmulationEnabled: false, nativeEvents: true, networkConnectionEnabled: false, pageLoadStrategy: normal, platform: LINUX, platformName: LINUX, rotatable: false, setWindowRect: true, takesHeapSnapshot: true, takesScreenshot: true, unexpectedAlertBehaviour: , unhandledPromptBehavior: , version: 68.0.3440.106, webStorageEnabled: true}
Session ID: 30bd05fa0f2eb8b5d60a4d59f1c4f0e1
	at org.openqa.selenium.remote.ErrorHandler.createThrowable(ErrorHandler.java:214)
	at org.openqa.selenium.remote.ErrorHandler.throwIfResponseFailed(ErrorHandler.java:166)
	at org.openqa.selenium.remote.http.JsonHttpResponseCodec.reconstructValue(JsonHttpResponseCodec.java:40)
	at org.openqa.selenium.remote.http.AbstractHttpResponseCodec.decode(AbstractHttpResponseCodec.java:80)
	at org.openqa.selenium.remote.http.AbstractHttpResponseCodec.decode(AbstractHttpResponseCodec.java:44)
	at org.openqa.selenium.remote.HttpCommandExecutor.execute(HttpCommandExecutor.java:164)
	at org.openqa.selenium.remote.service.DriverCommandExecutor.execute(DriverCommandExecutor.java:83)
	at org.openqa.selenium.remote.RemoteWebDriver.execute(RemoteWebDriver.java:601)
	at org.openqa.selenium.remote.RemoteWebElement.execute(RemoteWebElement.java:279)
	at org.openqa.selenium.remote.RemoteWebElement.click(RemoteWebElement.java:83)
	at org.openqa.selenium.support.pagefactory.internal.LocatingElementHandler.invoke(LocatingElementHandler.java:51)
	at com.sun.proxy.$Proxy25.click(Unknown Source)
	at mainPackage.ui.ExpertiseUserPage.attachment21(ExpertiseUserPage.java:254)
	at uiTest.ExpertiseUser.attachment21(ExpertiseUser.java:72)
... Removed 41 stack frames</div></td></tr></table><p class="totop"><a href="#summary">back to summary</a></p>
<h3 id="m70">uiTest.ExpertiseUser#deleteOneOfUploudedFiles</h3><table class="result"><tr><th>Exception</th></tr><tr><td><div class="stacktrace">org.openqa.selenium.StaleElementReferenceException: stale element reference: element is not attached to the page document
  (Session info: headless chrome=68.0.3440.106)
  (Driver info: chromedriver=2.38.552522 (437e6fbedfa8762dec75e2c5b3ddb86763dc9dcb),platform=Linux 4.9.87-linuxkit-aufs x86_64) (WARNING: The server did not provide any stacktrace information)
Command duration or timeout: 0 milliseconds
For documentation on this error, please visit: http://seleniumhq.org/exceptions/stale_element_reference.html
Build info: version: &apos;3.8.1&apos;, revision: &apos;6e95a6684b&apos;, time: &apos;2017-12-01T18:33:54.468Z&apos;
System info: host: &apos;20dddad52158&apos;, ip: &apos;172.17.0.2&apos;, os.name: &apos;Linux&apos;, os.arch: &apos;amd64&apos;, os.version: &apos;4.9.87-linuxkit-aufs&apos;, java.version: &apos;1.8.0_171&apos;
Driver info: org.openqa.selenium.chrome.ChromeDriver
Capabilities {acceptInsecureCerts: false, acceptSslCerts: false, applicationCacheEnabled: false, browserConnectionEnabled: false, browserName: chrome, chrome: {chromedriverVersion: 2.38.552522 (437e6fbedfa876..., userDataDir: /tmp/.org.chromium.Chromium...}, cssSelectorsEnabled: true, databaseEnabled: false, handlesAlerts: true, hasTouchScreen: false, javascriptEnabled: true, locationContextEnabled: true, mobileEmulationEnabled: false, nativeEvents: true, networkConnectionEnabled: false, pageLoadStrategy: normal, platform: LINUX, platformName: LINUX, rotatable: false, setWindowRect: true, takesHeapSnapshot: true, takesScreenshot: true, unexpectedAlertBehaviour: , unhandledPromptBehavior: , version: 68.0.3440.106, webStorageEnabled: true}
Session ID: 30bd05fa0f2eb8b5d60a4d59f1c4f0e1
	at org.openqa.selenium.remote.ErrorHandler.createThrowable(ErrorHandler.java:214)
	at org.openqa.selenium.remote.ErrorHandler.throwIfResponseFailed(ErrorHandler.java:166)
	at org.openqa.selenium.remote.http.JsonHttpResponseCodec.reconstructValue(JsonHttpResponseCodec.java:40)
	at org.openqa.selenium.remote.http.AbstractHttpResponseCodec.decode(AbstractHttpResponseCodec.java:80)
	at org.openqa.selenium.remote.http.AbstractHttpResponseCodec.decode(AbstractHttpResponseCodec.java:44)
	at org.openqa.selenium.remote.HttpCommandExecutor.execute(HttpCommandExecutor.java:164)
	at org.openqa.selenium.remote.service.DriverCommandExecutor.execute(DriverCommandExecutor.java:83)
	at org.openqa.selenium.remote.RemoteWebDriver.execute(RemoteWebDriver.java:601)
	at org.openqa.selenium.remote.RemoteWebElement.execute(RemoteWebElement.java:279)
	at org.openqa.selenium.remote.RemoteWebElement.click(RemoteWebElement.java:83)
	at org.openqa.selenium.support.pagefactory.internal.LocatingElementHandler.invoke(LocatingElementHandler.java:51)
	at com.sun.proxy.$Proxy25.click(Unknown Source)
	at mainPackage.ui.ExpertiseUserPage.deleteOneOfUploadedFiles(ExpertiseUserPage.java:296)
	at uiTest.ExpertiseUser.deleteOneOfUploudedFiles(ExpertiseUser.java:81)
... Removed 41 stack frames</div></td></tr></table><p class="totop"><a href="#summary">back to summary</a></p>
<h3 id="m71">uiTest.ExpertiseUser#emptyAttachmentField</h3><table class="result"><tr><th>Exception</th></tr><tr><td><div class="stacktrace">org.openqa.selenium.StaleElementReferenceException: stale element reference: element is not attached to the page document
  (Session info: headless chrome=68.0.3440.106)
  (Driver info: chromedriver=2.38.552522 (437e6fbedfa8762dec75e2c5b3ddb86763dc9dcb),platform=Linux 4.9.87-linuxkit-aufs x86_64) (WARNING: The server did not provide any stacktrace information)
Command duration or timeout: 0 milliseconds
For documentation on this error, please visit: http://seleniumhq.org/exceptions/stale_element_reference.html
Build info: version: &apos;3.8.1&apos;, revision: &apos;6e95a6684b&apos;, time: &apos;2017-12-01T18:33:54.468Z&apos;
System info: host: &apos;20dddad52158&apos;, ip: &apos;172.17.0.2&apos;, os.name: &apos;Linux&apos;, os.arch: &apos;amd64&apos;, os.version: &apos;4.9.87-linuxkit-aufs&apos;, java.version: &apos;1.8.0_171&apos;
Driver info: org.openqa.selenium.chrome.ChromeDriver
Capabilities {acceptInsecureCerts: false, acceptSslCerts: false, applicationCacheEnabled: false, browserConnectionEnabled: false, browserName: chrome, chrome: {chromedriverVersion: 2.38.552522 (437e6fbedfa876..., userDataDir: /tmp/.org.chromium.Chromium...}, cssSelectorsEnabled: true, databaseEnabled: false, handlesAlerts: true, hasTouchScreen: false, javascriptEnabled: true, locationContextEnabled: true, mobileEmulationEnabled: false, nativeEvents: true, networkConnectionEnabled: false, pageLoadStrategy: normal, platform: LINUX, platformName: LINUX, rotatable: false, setWindowRect: true, takesHeapSnapshot: true, takesScreenshot: true, unexpectedAlertBehaviour: , unhandledPromptBehavior: , version: 68.0.3440.106, webStorageEnabled: true}
Session ID: 30bd05fa0f2eb8b5d60a4d59f1c4f0e1
	at org.openqa.selenium.remote.ErrorHandler.createThrowable(ErrorHandler.java:214)
	at org.openqa.selenium.remote.ErrorHandler.throwIfResponseFailed(ErrorHandler.java:166)
	at org.openqa.selenium.remote.http.JsonHttpResponseCodec.reconstructValue(JsonHttpResponseCodec.java:40)
	at org.openqa.selenium.remote.http.AbstractHttpResponseCodec.decode(AbstractHttpResponseCodec.java:80)
	at org.openqa.selenium.remote.http.AbstractHttpResponseCodec.decode(AbstractHttpResponseCodec.java:44)
	at org.openqa.selenium.remote.HttpCommandExecutor.execute(HttpCommandExecutor.java:164)
	at org.openqa.selenium.remote.service.DriverCommandExecutor.execute(DriverCommandExecutor.java:83)
	at org.openqa.selenium.remote.RemoteWebDriver.execute(RemoteWebDriver.java:601)
	at org.openqa.selenium.remote.RemoteWebElement.execute(RemoteWebElement.java:279)
	at org.openqa.selenium.remote.RemoteWebElement.click(RemoteWebElement.java:83)
	at org.openqa.selenium.support.pagefactory.internal.LocatingElementHandler.invoke(LocatingElementHandler.java:51)
	at com.sun.proxy.$Proxy25.click(Unknown Source)
	at mainPackage.ui.ExpertiseUserPage.emptyAttachmentField(ExpertiseUserPage.java:238)
	at uiTest.ExpertiseUser.emptyAttachmentField(ExpertiseUser.java:67)
... Removed 41 stack frames</div></td></tr></table><p class="totop"><a href="#summary">back to summary</a></p>
<h3 id="m72">uiTest.ExpertiseUser#emptyRequisiteField</h3><table class="result"><tr><th>Exception</th></tr><tr><td><div class="stacktrace">org.openqa.selenium.StaleElementReferenceException: stale element reference: element is not attached to the page document
  (Session info: headless chrome=68.0.3440.106)
  (Driver info: chromedriver=2.38.552522 (437e6fbedfa8762dec75e2c5b3ddb86763dc9dcb),platform=Linux 4.9.87-linuxkit-aufs x86_64) (WARNING: The server did not provide any stacktrace information)
Command duration or timeout: 0 milliseconds
For documentation on this error, please visit: http://seleniumhq.org/exceptions/stale_element_reference.html
Build info: version: &apos;3.8.1&apos;, revision: &apos;6e95a6684b&apos;, time: &apos;2017-12-01T18:33:54.468Z&apos;
System info: host: &apos;20dddad52158&apos;, ip: &apos;172.17.0.2&apos;, os.name: &apos;Linux&apos;, os.arch: &apos;amd64&apos;, os.version: &apos;4.9.87-linuxkit-aufs&apos;, java.version: &apos;1.8.0_171&apos;
Driver info: org.openqa.selenium.chrome.ChromeDriver
Capabilities {acceptInsecureCerts: false, acceptSslCerts: false, applicationCacheEnabled: false, browserConnectionEnabled: false, browserName: chrome, chrome: {chromedriverVersion: 2.38.552522 (437e6fbedfa876..., userDataDir: /tmp/.org.chromium.Chromium...}, cssSelectorsEnabled: true, databaseEnabled: false, handlesAlerts: true, hasTouchScreen: false, javascriptEnabled: true, locationContextEnabled: true, mobileEmulationEnabled: false, nativeEvents: true, networkConnectionEnabled: false, pageLoadStrategy: normal, platform: LINUX, platformName: LINUX, rotatable: false, setWindowRect: true, takesHeapSnapshot: true, takesScreenshot: true, unexpectedAlertBehaviour: , unhandledPromptBehavior: , version: 68.0.3440.106, webStorageEnabled: true}
Session ID: 30bd05fa0f2eb8b5d60a4d59f1c4f0e1
	at org.openqa.selenium.remote.ErrorHandler.createThrowable(ErrorHandler.java:214)
	at org.openqa.selenium.remote.ErrorHandler.throwIfResponseFailed(ErrorHandler.java:166)
	at org.openqa.selenium.remote.http.JsonHttpResponseCodec.reconstructValue(JsonHttpResponseCodec.java:40)
	at org.openqa.selenium.remote.http.AbstractHttpResponseCodec.decode(AbstractHttpResponseCodec.java:80)
	at org.openqa.selenium.remote.http.AbstractHttpResponseCodec.decode(AbstractHttpResponseCodec.java:44)
	at org.openqa.selenium.remote.HttpCommandExecutor.execute(HttpCommandExecutor.java:164)
	at org.openqa.selenium.remote.service.DriverCommandExecutor.execute(DriverCommandExecutor.java:83)
	at org.openqa.selenium.remote.RemoteWebDriver.execute(RemoteWebDriver.java:601)
	at org.openqa.selenium.remote.RemoteWebElement.execute(RemoteWebElement.java:279)
	at org.openqa.selenium.remote.RemoteWebElement.click(RemoteWebElement.java:83)
	at org.openqa.selenium.support.pagefactory.internal.LocatingElementHandler.invoke(LocatingElementHandler.java:51)
	at com.sun.proxy.$Proxy25.click(Unknown Source)
	at mainPackage.ui.ExpertiseUserPage.emptyRequisiteField(ExpertiseUserPage.java:221)
	at uiTest.ExpertiseUser.emptyRequisiteField(ExpertiseUser.java:62)
... Removed 41 stack frames</div></td></tr></table><p class="totop"><a href="#summary">back to summary</a></p>
<h3 id="m73">uiTest.ExpertiseUser#emptyWhoYouAreField</h3><table class="result"><tr><th>Exception</th></tr><tr><td><div class="stacktrace">org.openqa.selenium.NoSuchElementException: no such element: Unable to locate element: {&quot;method&quot;:&quot;css selector&quot;,&quot;selector&quot;:&quot;#frontb5fbbf28a9f06b537b590d5f3b4ff32d&quot;}
  (Session info: headless chrome=68.0.3440.106)
  (Driver info: chromedriver=2.38.552522 (437e6fbedfa8762dec75e2c5b3ddb86763dc9dcb),platform=Linux 4.9.87-linuxkit-aufs x86_64) (WARNING: The server did not provide any stacktrace information)
Command duration or timeout: 0 milliseconds
For documentation on this error, please visit: http://seleniumhq.org/exceptions/no_such_element.html
Build info: version: &apos;3.8.1&apos;, revision: &apos;6e95a6684b&apos;, time: &apos;2017-12-01T18:33:54.468Z&apos;
System info: host: &apos;20dddad52158&apos;, ip: &apos;172.17.0.2&apos;, os.name: &apos;Linux&apos;, os.arch: &apos;amd64&apos;, os.version: &apos;4.9.87-linuxkit-aufs&apos;, java.version: &apos;1.8.0_171&apos;
Driver info: org.openqa.selenium.chrome.ChromeDriver
Capabilities {acceptInsecureCerts: false, acceptSslCerts: false, applicationCacheEnabled: false, browserConnectionEnabled: false, browserName: chrome, chrome: {chromedriverVersion: 2.38.552522 (437e6fbedfa876..., userDataDir: /tmp/.org.chromium.Chromium...}, cssSelectorsEnabled: true, databaseEnabled: false, handlesAlerts: true, hasTouchScreen: false, javascriptEnabled: true, locationContextEnabled: true, mobileEmulationEnabled: false, nativeEvents: true, networkConnectionEnabled: false, pageLoadStrategy: normal, platform: LINUX, platformName: LINUX, rotatable: false, setWindowRect: true, takesHeapSnapshot: true, takesScreenshot: true, unexpectedAlertBehaviour: , unhandledPromptBehavior: , version: 68.0.3440.106, webStorageEnabled: true}
Session ID: 30bd05fa0f2eb8b5d60a4d59f1c4f0e1
*** Element info: {Using=css selector, value=#frontb5fbbf28a9f06b537b590d5f3b4ff32d}
	at org.openqa.selenium.remote.ErrorHandler.createThrowable(ErrorHandler.java:214)
	at org.openqa.selenium.remote.ErrorHandler.throwIfResponseFailed(ErrorHandler.java:166)
	at org.openqa.selenium.remote.http.JsonHttpResponseCodec.reconstructValue(JsonHttpResponseCodec.java:40)
	at org.openqa.selenium.remote.http.AbstractHttpResponseCodec.decode(AbstractHttpResponseCodec.java:80)
	at org.openqa.selenium.remote.http.AbstractHttpResponseCodec.decode(AbstractHttpResponseCodec.java:44)
	at org.openqa.selenium.remote.HttpCommandExecutor.execute(HttpCommandExecutor.java:164)
	at org.openqa.selenium.remote.service.DriverCommandExecutor.execute(DriverCommandExecutor.java:83)
	at org.openqa.selenium.remote.RemoteWebDriver.execute(RemoteWebDriver.java:601)
	at org.openqa.selenium.remote.RemoteWebDriver.findElement(RemoteWebDriver.java:371)
	at org.openqa.selenium.remote.RemoteWebDriver.findElementByCssSelector(RemoteWebDriver.java:465)
	at org.openqa.selenium.By$ByCssSelector.findElement(By.java:430)
	at org.openqa.selenium.remote.RemoteWebDriver.findElement(RemoteWebDriver.java:363)
	at org.openqa.selenium.support.pagefactory.DefaultElementLocator.findElement(DefaultElementLocator.java:69)
	at org.openqa.selenium.support.pagefactory.internal.LocatingElementHandler.invoke(LocatingElementHandler.java:38)
	at com.sun.proxy.$Proxy25.click(Unknown Source)
	at mainPackage.ui.ExpertiseUserPage.emptyWhoYouAreField(ExpertiseUserPage.java:167)
	at uiTest.ExpertiseUser.emptyWhoYouAreField(ExpertiseUser.java:47)
... Removed 38 stack frames</div></td></tr></table><p class="totop"><a href="#summary">back to summary</a></p>
<h3 id="m74">uiTest.ExpertiseUser#fileMoreThen50MB</h3><table class="result"><tr><th>Exception</th></tr><tr><td><div class="stacktrace">org.openqa.selenium.StaleElementReferenceException: stale element reference: element is not attached to the page document
  (Session info: headless chrome=68.0.3440.106)
  (Driver info: chromedriver=2.38.552522 (437e6fbedfa8762dec75e2c5b3ddb86763dc9dcb),platform=Linux 4.9.87-linuxkit-aufs x86_64) (WARNING: The server did not provide any stacktrace information)
Command duration or timeout: 0 milliseconds
For documentation on this error, please visit: http://seleniumhq.org/exceptions/stale_element_reference.html
Build info: version: &apos;3.8.1&apos;, revision: &apos;6e95a6684b&apos;, time: &apos;2017-12-01T18:33:54.468Z&apos;
System info: host: &apos;20dddad52158&apos;, ip: &apos;172.17.0.2&apos;, os.name: &apos;Linux&apos;, os.arch: &apos;amd64&apos;, os.version: &apos;4.9.87-linuxkit-aufs&apos;, java.version: &apos;1.8.0_171&apos;
Driver info: org.openqa.selenium.chrome.ChromeDriver
Capabilities {acceptInsecureCerts: false, acceptSslCerts: false, applicationCacheEnabled: false, browserConnectionEnabled: false, browserName: chrome, chrome: {chromedriverVersion: 2.38.552522 (437e6fbedfa876..., userDataDir: /tmp/.org.chromium.Chromium...}, cssSelectorsEnabled: true, databaseEnabled: false, handlesAlerts: true, hasTouchScreen: false, javascriptEnabled: true, locationContextEnabled: true, mobileEmulationEnabled: false, nativeEvents: true, networkConnectionEnabled: false, pageLoadStrategy: normal, platform: LINUX, platformName: LINUX, rotatable: false, setWindowRect: true, takesHeapSnapshot: true, takesScreenshot: true, unexpectedAlertBehaviour: , unhandledPromptBehavior: , version: 68.0.3440.106, webStorageEnabled: true}
Session ID: 30bd05fa0f2eb8b5d60a4d59f1c4f0e1
	at org.openqa.selenium.remote.ErrorHandler.createThrowable(ErrorHandler.java:214)
	at org.openqa.selenium.remote.ErrorHandler.throwIfResponseFailed(ErrorHandler.java:166)
	at org.openqa.selenium.remote.http.JsonHttpResponseCodec.reconstructValue(JsonHttpResponseCodec.java:40)
	at org.openqa.selenium.remote.http.AbstractHttpResponseCodec.decode(AbstractHttpResponseCodec.java:80)
	at org.openqa.selenium.remote.http.AbstractHttpResponseCodec.decode(AbstractHttpResponseCodec.java:44)
	at org.openqa.selenium.remote.HttpCommandExecutor.execute(HttpCommandExecutor.java:164)
	at org.openqa.selenium.remote.service.DriverCommandExecutor.execute(DriverCommandExecutor.java:83)
	at org.openqa.selenium.remote.RemoteWebDriver.execute(RemoteWebDriver.java:601)
	at org.openqa.selenium.remote.RemoteWebElement.execute(RemoteWebElement.java:279)
	at org.openqa.selenium.remote.RemoteWebElement.click(RemoteWebElement.java:83)
	at org.openqa.selenium.support.pagefactory.internal.LocatingElementHandler.invoke(LocatingElementHandler.java:51)
	at com.sun.proxy.$Proxy25.click(Unknown Source)
	at mainPackage.ui.ExpertiseUserPage.fileMoreThen50MB(ExpertiseUserPage.java:276)
	at uiTest.ExpertiseUser.fileMoreThen50MB(ExpertiseUser.java:76)
... Removed 41 stack frames</div></td></tr></table><p class="totop"><a href="#summary">back to summary</a></p>
<h3 id="m75">uiTest.ExpertiseUser#haveNotMoney</h3><table class="result"><tr><th>Exception</th></tr><tr><td><div class="stacktrace">org.openqa.selenium.NoSuchElementException: no such element: Unable to locate element: {&quot;method&quot;:&quot;css selector&quot;,&quot;selector&quot;:&quot;#front64fbd75d07ec519ac1c34bbf3c93e41b&quot;}
  (Session info: headless chrome=68.0.3440.106)
  (Driver info: chromedriver=2.38.552522 (437e6fbedfa8762dec75e2c5b3ddb86763dc9dcb),platform=Linux 4.9.87-linuxkit-aufs x86_64) (WARNING: The server did not provide any stacktrace information)
Command duration or timeout: 0 milliseconds
For documentation on this error, please visit: http://seleniumhq.org/exceptions/no_such_element.html
Build info: version: &apos;3.8.1&apos;, revision: &apos;6e95a6684b&apos;, time: &apos;2017-12-01T18:33:54.468Z&apos;
System info: host: &apos;20dddad52158&apos;, ip: &apos;172.17.0.2&apos;, os.name: &apos;Linux&apos;, os.arch: &apos;amd64&apos;, os.version: &apos;4.9.87-linuxkit-aufs&apos;, java.version: &apos;1.8.0_171&apos;
Driver info: org.openqa.selenium.chrome.ChromeDriver
Capabilities {acceptInsecureCerts: false, acceptSslCerts: false, applicationCacheEnabled: false, browserConnectionEnabled: false, browserName: chrome, chrome: {chromedriverVersion: 2.38.552522 (437e6fbedfa876..., userDataDir: /tmp/.org.chromium.Chromium...}, cssSelectorsEnabled: true, databaseEnabled: false, handlesAlerts: true, hasTouchScreen: false, javascriptEnabled: true, locationContextEnabled: true, mobileEmulationEnabled: false, nativeEvents: true, networkConnectionEnabled: false, pageLoadStrategy: normal, platform: LINUX, platformName: LINUX, rotatable: false, setWindowRect: true, takesHeapSnapshot: true, takesScreenshot: true, unexpectedAlertBehaviour: , unhandledPromptBehavior: , version: 68.0.3440.106, webStorageEnabled: true}
Session ID: 30bd05fa0f2eb8b5d60a4d59f1c4f0e1
*** Element info: {Using=css selector, value=#front64fbd75d07ec519ac1c34bbf3c93e41b}
	at org.openqa.selenium.remote.ErrorHandler.createThrowable(ErrorHandler.java:214)
	at org.openqa.selenium.remote.ErrorHandler.throwIfResponseFailed(ErrorHandler.java:166)
	at org.openqa.selenium.remote.http.JsonHttpResponseCodec.reconstructValue(JsonHttpResponseCodec.java:40)
	at org.openqa.selenium.remote.http.AbstractHttpResponseCodec.decode(AbstractHttpResponseCodec.java:80)
	at org.openqa.selenium.remote.http.AbstractHttpResponseCodec.decode(AbstractHttpResponseCodec.java:44)
	at org.openqa.selenium.remote.HttpCommandExecutor.execute(HttpCommandExecutor.java:164)
	at org.openqa.selenium.remote.service.DriverCommandExecutor.execute(DriverCommandExecutor.java:83)
	at org.openqa.selenium.remote.RemoteWebDriver.execute(RemoteWebDriver.java:601)
	at org.openqa.selenium.remote.RemoteWebDriver.findElement(RemoteWebDriver.java:371)
	at org.openqa.selenium.remote.RemoteWebDriver.findElementByCssSelector(RemoteWebDriver.java:465)
	at org.openqa.selenium.By$ByCssSelector.findElement(By.java:430)
	at org.openqa.selenium.remote.RemoteWebDriver.findElement(RemoteWebDriver.java:363)
	at org.openqa.selenium.support.pagefactory.DefaultElementLocator.findElement(DefaultElementLocator.java:69)
	at org.openqa.selenium.support.pagefactory.internal.LocatingElementHandler.invoke(LocatingElementHandler.java:38)
	at com.sun.proxy.$Proxy25.click(Unknown Source)
	at mainPackage.ui.ExpertiseUserPage.haveNotMoney(ExpertiseUserPage.java:355)
	at uiTest.ExpertiseUser.haveNotMoney(ExpertiseUser.java:91)
... Removed 38 stack frames</div></td></tr></table><p class="totop"><a href="#summary">back to summary</a></p>
<h3 id="m76">uiTest.ExpertiseUser#incorrectSecondField</h3><table class="result"><tr><th>Exception</th></tr><tr><td><div class="stacktrace">org.openqa.selenium.StaleElementReferenceException: stale element reference: element is not attached to the page document
  (Session info: headless chrome=68.0.3440.106)
  (Driver info: chromedriver=2.38.552522 (437e6fbedfa8762dec75e2c5b3ddb86763dc9dcb),platform=Linux 4.9.87-linuxkit-aufs x86_64) (WARNING: The server did not provide any stacktrace information)
Command duration or timeout: 0 milliseconds
For documentation on this error, please visit: http://seleniumhq.org/exceptions/stale_element_reference.html
Build info: version: &apos;3.8.1&apos;, revision: &apos;6e95a6684b&apos;, time: &apos;2017-12-01T18:33:54.468Z&apos;
System info: host: &apos;20dddad52158&apos;, ip: &apos;172.17.0.2&apos;, os.name: &apos;Linux&apos;, os.arch: &apos;amd64&apos;, os.version: &apos;4.9.87-linuxkit-aufs&apos;, java.version: &apos;1.8.0_171&apos;
Driver info: org.openqa.selenium.chrome.ChromeDriver
Capabilities {acceptInsecureCerts: false, acceptSslCerts: false, applicationCacheEnabled: false, browserConnectionEnabled: false, browserName: chrome, chrome: {chromedriverVersion: 2.38.552522 (437e6fbedfa876..., userDataDir: /tmp/.org.chromium.Chromium...}, cssSelectorsEnabled: true, databaseEnabled: false, handlesAlerts: true, hasTouchScreen: false, javascriptEnabled: true, locationContextEnabled: true, mobileEmulationEnabled: false, nativeEvents: true, networkConnectionEnabled: false, pageLoadStrategy: normal, platform: LINUX, platformName: LINUX, rotatable: false, setWindowRect: true, takesHeapSnapshot: true, takesScreenshot: true, unexpectedAlertBehaviour: , unhandledPromptBehavior: , version: 68.0.3440.106, webStorageEnabled: true}
Session ID: 30bd05fa0f2eb8b5d60a4d59f1c4f0e1
	at org.openqa.selenium.remote.ErrorHandler.createThrowable(ErrorHandler.java:214)
	at org.openqa.selenium.remote.ErrorHandler.throwIfResponseFailed(ErrorHandler.java:166)
	at org.openqa.selenium.remote.http.JsonHttpResponseCodec.reconstructValue(JsonHttpResponseCodec.java:40)
	at org.openqa.selenium.remote.http.AbstractHttpResponseCodec.decode(AbstractHttpResponseCodec.java:80)
	at org.openqa.selenium.remote.http.AbstractHttpResponseCodec.decode(AbstractHttpResponseCodec.java:44)
	at org.openqa.selenium.remote.HttpCommandExecutor.execute(HttpCommandExecutor.java:164)
	at org.openqa.selenium.remote.service.DriverCommandExecutor.execute(DriverCommandExecutor.java:83)
	at org.openqa.selenium.remote.RemoteWebDriver.execute(RemoteWebDriver.java:601)
	at org.openqa.selenium.remote.RemoteWebElement.execute(RemoteWebElement.java:279)
	at org.openqa.selenium.remote.RemoteWebElement.click(RemoteWebElement.java:83)
	at org.openqa.selenium.support.pagefactory.internal.LocatingElementHandler.invoke(LocatingElementHandler.java:51)
	at com.sun.proxy.$Proxy25.click(Unknown Source)
	at mainPackage.ui.ExpertiseUserPage.incorrectSecondField(ExpertiseUserPage.java:182)
	at uiTest.ExpertiseUser.incorrectSecondField(ExpertiseUser.java:52)
... Removed 41 stack frames</div></td></tr></table><p class="totop"><a href="#summary">back to summary</a></p>
<h3 id="m77">uiTest.ExpertiseUser#requisitesField</h3><table class="result"><tr><th>Exception</th></tr><tr><td><div class="stacktrace">org.openqa.selenium.StaleElementReferenceException: stale element reference: element is not attached to the page document
  (Session info: headless chrome=68.0.3440.106)
  (Driver info: chromedriver=2.38.552522 (437e6fbedfa8762dec75e2c5b3ddb86763dc9dcb),platform=Linux 4.9.87-linuxkit-aufs x86_64) (WARNING: The server did not provide any stacktrace information)
Command duration or timeout: 0 milliseconds
For documentation on this error, please visit: http://seleniumhq.org/exceptions/stale_element_reference.html
Build info: version: &apos;3.8.1&apos;, revision: &apos;6e95a6684b&apos;, time: &apos;2017-12-01T18:33:54.468Z&apos;
System info: host: &apos;20dddad52158&apos;, ip: &apos;172.17.0.2&apos;, os.name: &apos;Linux&apos;, os.arch: &apos;amd64&apos;, os.version: &apos;4.9.87-linuxkit-aufs&apos;, java.version: &apos;1.8.0_171&apos;
Driver info: org.openqa.selenium.chrome.ChromeDriver
Capabilities {acceptInsecureCerts: false, acceptSslCerts: false, applicationCacheEnabled: false, browserConnectionEnabled: false, browserName: chrome, chrome: {chromedriverVersion: 2.38.552522 (437e6fbedfa876..., userDataDir: /tmp/.org.chromium.Chromium...}, cssSelectorsEnabled: true, databaseEnabled: false, handlesAlerts: true, hasTouchScreen: false, javascriptEnabled: true, locationContextEnabled: true, mobileEmulationEnabled: false, nativeEvents: true, networkConnectionEnabled: false, pageLoadStrategy: normal, platform: LINUX, platformName: LINUX, rotatable: false, setWindowRect: true, takesHeapSnapshot: true, takesScreenshot: true, unexpectedAlertBehaviour: , unhandledPromptBehavior: , version: 68.0.3440.106, webStorageEnabled: true}
Session ID: 30bd05fa0f2eb8b5d60a4d59f1c4f0e1
	at org.openqa.selenium.remote.ErrorHandler.createThrowable(ErrorHandler.java:214)
	at org.openqa.selenium.remote.ErrorHandler.throwIfResponseFailed(ErrorHandler.java:166)
	at org.openqa.selenium.remote.http.JsonHttpResponseCodec.reconstructValue(JsonHttpResponseCodec.java:40)
	at org.openqa.selenium.remote.http.AbstractHttpResponseCodec.decode(AbstractHttpResponseCodec.java:80)
	at org.openqa.selenium.remote.http.AbstractHttpResponseCodec.decode(AbstractHttpResponseCodec.java:44)
	at org.openqa.selenium.remote.HttpCommandExecutor.execute(HttpCommandExecutor.java:164)
	at org.openqa.selenium.remote.service.DriverCommandExecutor.execute(DriverCommandExecutor.java:83)
	at org.openqa.selenium.remote.RemoteWebDriver.execute(RemoteWebDriver.java:601)
	at org.openqa.selenium.remote.RemoteWebElement.execute(RemoteWebElement.java:279)
	at org.openqa.selenium.remote.RemoteWebElement.click(RemoteWebElement.java:83)
	at org.openqa.selenium.support.pagefactory.internal.LocatingElementHandler.invoke(LocatingElementHandler.java:51)
	at com.sun.proxy.$Proxy25.click(Unknown Source)
	at mainPackage.ui.ExpertiseUserPage.requisitesField(ExpertiseUserPage.java:203)
	at uiTest.ExpertiseUser.requisitesField(ExpertiseUser.java:57)
... Removed 41 stack frames</div></td></tr></table><p class="totop"><a href="#summary">back to summary</a></p>
<h3 id="m78">uiTest.ExpertiseUser#attachment21</h3><table class="result"><tr><th class="invisible"/></tr></table><p class="totop"><a href="#summary">back to summary</a></p>
<h3 id="m79">uiTest.ExpertiseUser#deleteOneOfUploudedFiles</h3><table class="result"><tr><th class="invisible"/></tr></table><p class="totop"><a href="#summary">back to summary</a></p>
<h3 id="m80">uiTest.ExpertiseUser#doubleAttachment</h3><table class="result"><tr><th class="invisible"/></tr></table><p class="totop"><a href="#summary">back to summary</a></p>
<h3 id="m81">uiTest.ExpertiseUser#emptyAllField</h3><table class="result"><tr><th class="invisible"/></tr></table><p class="totop"><a href="#summary">back to summary</a></p>
<h3 id="m82">uiTest.ExpertiseUser#emptyAttachmentField</h3><table class="result"><tr><th class="invisible"/></tr></table><p class="totop"><a href="#summary">back to summary</a></p>
<h3 id="m83">uiTest.ExpertiseUser#emptyRequisiteField</h3><table class="result"><tr><th class="invisible"/></tr></table><p class="totop"><a href="#summary">back to summary</a></p>
<h3 id="m84">uiTest.ExpertiseUser#emptyTypeField</h3><table class="result"><tr><th class="invisible"/></tr></table><p class="totop"><a href="#summary">back to summary</a></p>
<h3 id="m85">uiTest.ExpertiseUser#emptyWhoYouAreField</h3><table class="result"><tr><th class="invisible"/></tr></table><p class="totop"><a href="#summary">back to summary</a></p>
<h3 id="m86">uiTest.ExpertiseUser#fileMoreThen50MB</h3><table class="result"><tr><th class="invisible"/></tr></table><p class="totop"><a href="#summary">back to summary</a></p>
<h3 id="m87">uiTest.ExpertiseUser#incorrectSecondField</h3><table class="result"><tr><th class="invisible"/></tr></table><p class="totop"><a href="#summary">back to summary</a></p>
<h3 id="m88">uiTest.ExpertiseUser#login</h3><table class="result"><tr><th class="invisible"/></tr></table><p class="totop"><a href="#summary">back to summary</a></p>
<h3 id="m89">uiTest.ExpertiseUser#reestablishUploadedFiles</h3><table class="result"><tr><th class="invisible"/></tr></table><p class="totop"><a href="#summary">back to summary</a></p>
<h3 id="m90">uiTest.ExpertiseUser#requisitesField</h3><table class="result"><tr><th class="invisible"/></tr></table><p class="totop"><a href="#summary">back to summary</a></p>
<h3 id="m91">uiTest.ExpertiseUser#validData</h3><table class="result"><tr><th class="invisible"/></tr></table><p class="totop"><a href="#summary">back to summary</a></p>
</body>
</html>
