<?xml version="1.0" encoding="UTF-8"?>
<testsuite name="TestSuite" time="234.137" tests="92" errors="0" skipped="13" failures="1">
  <properties>
    <property name="java.runtime.name" value="OpenJDK Runtime Environment"/>
    <property name="sun.boot.library.path" value="/usr/lib/jvm/java-8-openjdk-amd64/jre/lib/amd64"/>
    <property name="java.vm.version" value="25.171-b11"/>
    <property name="java.vm.vendor" value="Oracle Corporation"/>
    <property name="maven.multiModuleProjectDirectory" value="/var/www/tests"/>
    <property name="java.vendor.url" value="http://java.oracle.com/"/>
    <property name="path.separator" value=":"/>
    <property name="guice.disable.misplaced.annotation.check" value="true"/>
    <property name="java.vm.name" value="OpenJDK 64-Bit Server VM"/>
    <property name="file.encoding.pkg" value="sun.io"/>
    <property name="sun.java.launcher" value="SUN_STANDARD"/>
    <property name="sun.os.patch.level" value="unknown"/>
    <property name="java.vm.specification.name" value="Java Virtual Machine Specification"/>
    <property name="user.dir" value="/var/www/tests"/>
    <property name="java.runtime.version" value="1.8.0_171-8u171-b11-1~deb9u1-b11"/>
    <property name="java.awt.graphicsenv" value="sun.awt.X11GraphicsEnvironment"/>
    <property name="java.endorsed.dirs" value="/usr/lib/jvm/java-8-openjdk-amd64/jre/lib/endorsed"/>
    <property name="os.arch" value="amd64"/>
    <property name="java.io.tmpdir" value="/tmp"/>
    <property name="line.separator" value="&#10;"/>
    <property name="java.vm.specification.vendor" value="Oracle Corporation"/>
    <property name="os.name" value="Linux"/>
    <property name="classworlds.conf" value="/usr/share/maven/bin/m2.conf"/>
    <property name="sun.jnu.encoding" value="UTF-8"/>
    <property name="java.library.path" value="/usr/java/packages/lib/amd64:/usr/lib/x86_64-linux-gnu/jni:/lib/x86_64-linux-gnu:/usr/lib/x86_64-linux-gnu:/usr/lib/jni:/lib:/usr/lib"/>
    <property name="maven.conf" value="/usr/share/maven/conf"/>
    <property name="java.specification.name" value="Java Platform API Specification"/>
    <property name="java.class.version" value="52.0"/>
    <property name="sun.management.compiler" value="HotSpot 64-Bit Tiered Compilers"/>
    <property name="os.version" value="4.9.87-linuxkit-aufs"/>
    <property name="library.jansi.path" value="/usr/share/maven/lib/jansi-native"/>
    <property name="user.home" value="/root"/>
    <property name="user.timezone" value="Etc/UTC"/>
    <property name="java.awt.printerjob" value="sun.print.PSPrinterJob"/>
    <property name="java.specification.version" value="1.8"/>
    <property name="file.encoding" value="UTF-8"/>
    <property name="user.name" value="root"/>
    <property name="java.class.path" value="/usr/share/maven/boot/plexus-classworlds-2.5.2.jar"/>
    <property name="java.vm.specification.version" value="1.8"/>
    <property name="sun.arch.data.model" value="64"/>
    <property name="java.home" value="/usr/lib/jvm/java-8-openjdk-amd64/jre"/>
    <property name="sun.java.command" value="org.codehaus.plexus.classworlds.launcher.Launcher clean test"/>
    <property name="java.specification.vendor" value="Oracle Corporation"/>
    <property name="user.language" value="en"/>
    <property name="awt.toolkit" value="sun.awt.X11.XToolkit"/>
    <property name="java.vm.info" value="mixed mode"/>
    <property name="java.version" value="1.8.0_171"/>
    <property name="java.ext.dirs" value="/usr/lib/jvm/java-8-openjdk-amd64/jre/lib/ext:/usr/java/packages/lib/ext"/>
    <property name="securerandom.source" value="file:/dev/./urandom"/>
    <property name="sun.boot.class.path" value="/usr/lib/jvm/java-8-openjdk-amd64/jre/lib/resources.jar:/usr/lib/jvm/java-8-openjdk-amd64/jre/lib/rt.jar:/usr/lib/jvm/java-8-openjdk-amd64/jre/lib/sunrsasign.jar:/usr/lib/jvm/java-8-openjdk-amd64/jre/lib/jsse.jar:/usr/lib/jvm/java-8-openjdk-amd64/jre/lib/jce.jar:/usr/lib/jvm/java-8-openjdk-amd64/jre/lib/charsets.jar:/usr/lib/jvm/java-8-openjdk-amd64/jre/lib/jfr.jar:/usr/lib/jvm/java-8-openjdk-amd64/jre/classes"/>
    <property name="java.vendor" value="Oracle Corporation"/>
    <property name="maven.home" value="/usr/share/maven"/>
    <property name="file.separator" value="/"/>
    <property name="java.vendor.url.bug" value="http://bugreport.sun.com/bugreport/"/>
    <property name="sun.cpu.endian" value="little"/>
    <property name="sun.io.unicode.encoding" value="UnicodeLittle"/>
    <property name="sun.cpu.isalist" value=""/>
  </properties>
  <testcase name="failureLogin" classname="uiTest.LogIn" time="4.731"/>
  <testcase name="successfulLogin" classname="uiTest.LogIn" time="3.213"/>
  <testcase name="login" classname="uiTest.DocCategory" time="7.407"/>
  <testcase name="correctDataWithLupa" classname="uiTest.DocCategory" time="1.041"/>
  <testcase name="correctDataWithEnterButton" classname="uiTest.DocCategory" time="1.805"/>
  <testcase name="dropdawnList" classname="uiTest.DocCategory" time="1.899"/>
  <testcase name="dataWithOneLetter" classname="uiTest.DocCategory" time="1.984"/>
  <testcase name="dataWithTwoLetter" classname="uiTest.DocCategory" time="1.19"/>
  <testcase name="dataWithManyLetters" classname="uiTest.DocCategory" time="2.49"/>
  <testcase name="dataWithSlashAndSpace" classname="uiTest.DocCategory" time="1.409"/>
  <testcase name="deleteData" classname="uiTest.DocCategory" time="1.295"/>
  <testcase name="spaceData" classname="uiTest.DocCategory" time="1.065"/>
  <testcase name="subcategories" classname="uiTest.DocCategory" time="1.106"/>
  <testcase name="categoryWithOutSubCat" classname="uiTest.DocCategory" time="1.215"/>
  <testcase name="successfulLogin" classname="uiTest.Profile" time="4.189"/>
  <testcase name="toProfile" classname="uiTest.Profile" time="1.185"/>
  <testcase name="uploadAvatarGIF" classname="uiTest.Profile" time="1.409"/>
  <testcase name="uploadAvatarBMP" classname="uiTest.Profile" time="0.941"/>
  <testcase name="uploadAvatarWEBP" classname="uiTest.Profile" time="1.054"/>
  <testcase name="uploadAvatarTIFF" classname="uiTest.Profile" time="0.958"/>
  <testcase name="uploadAvatarPNG" classname="uiTest.Profile" time="1.052"/>
  <testcase name="uploadAvatarJPG" classname="uiTest.Profile" time="1.227"/>
  <testcase name="deleteAva" classname="uiTest.Profile" time="1.109"/>
  <testcase name="dimensionsAva" classname="uiTest.Profile" time="1.267"/>
  <testcase name="editUploadedPhoto" classname="uiTest.Profile" time="1.42"/>
  <testcase name="verifyName" classname="uiTest.Profile" time="0.701"/>
  <testcase name="verifyName" classname="uiTest.Profile" time="0.966"/>
  <testcase name="verifyName" classname="uiTest.Profile" time="0.595"/>
  <testcase name="verifyName" classname="uiTest.Profile" time="0.629"/>
  <testcase name="verifyName" classname="uiTest.Profile" time="0.586"/>
  <testcase name="verifySurName" classname="uiTest.Profile" time="0.655"/>
  <testcase name="verifySurName" classname="uiTest.Profile" time="0.874"/>
  <testcase name="verifySurName" classname="uiTest.Profile" time="0.641"/>
  <testcase name="verifySurName" classname="uiTest.Profile" time="1.036"/>
  <testcase name="verifySurName" classname="uiTest.Profile" time="0.685"/>
  <testcase name="verifylastName" classname="uiTest.Profile" time="0.586"/>
  <testcase name="verifylastName" classname="uiTest.Profile" time="0.789"/>
  <testcase name="verifylastName" classname="uiTest.Profile" time="0.608"/>
  <testcase name="verifylastName" classname="uiTest.Profile" time="0.603"/>
  <testcase name="verifylastName" classname="uiTest.Profile" time="0.641"/>
  <testcase name="reviewHintMessage" classname="uiTest.Profile" time="0.482"/>
  <testcase name="verifyChangePassword" classname="uiTest.Profile" time="0.954"/>
  <testcase name="verifyChangePassword" classname="uiTest.Profile" time="0.769"/>
  <testcase name="verifyChangePassword" classname="uiTest.Profile" time="0.681"/>
  <testcase name="verifyChangePassword" classname="uiTest.Profile" time="1.043"/>
  <testcase name="verifyChangePassword" classname="uiTest.Profile" time="0.868"/>
  <testcase name="verifyChangePassword" classname="uiTest.Profile" time="1.179"/>
  <testcase name="verifyChangePassword" classname="uiTest.Profile" time="0.74"/>
  <testcase name="verifyConfirmPassword" classname="uiTest.Profile" time="3.989"/>
  <testcase name="verifyConfirmPassword" classname="uiTest.Profile" time="3.927"/>
  <testcase name="changePassword" classname="uiTest.Profile" time="1.139"/>
  <testcase name="login" classname="uiTest.MyApplication" time="4.617"/>
  <testcase name="reviewAppInTheWork" classname="uiTest.MyApplication" time="8.903"/>
  <testcase name="updateAppWaitForPay" classname="uiTest.MyApplication" time="0">
    <skipped/>
    <system-out>============Test started============
============Test started============
Retrying test updateAppWaitForPay
</system-out>
  </testcase>
  <testcase name="updateAppWaitForPay" classname="uiTest.MyApplication" time="15.768"/>
  <testcase name="downloadAttachment" classname="uiTest.MyApplication" time="0">
    <skipped/>
    <system-out>============Test started============
============Test started============
Retrying test downloadAttachment
</system-out>
  </testcase>
  <testcase name="downloadAttachment" classname="uiTest.MyApplication" time="11.327"/>
  <testcase name="downloadAttachmentPopUp" classname="uiTest.MyApplication" time="2.561"/>
  <testcase name="rejectedAppToArchive" classname="uiTest.MyApplication" time="0">
    <skipped/>
    <system-out>============Test started============
============Test started============
Retrying test rejectedAppToArchive
</system-out>
  </testcase>
  <testcase name="rejectedAppToArchive" classname="uiTest.MyApplication" time="10.003"/>
  <testcase name="editAppWaitForPay" classname="uiTest.MyApplication" time="13.461"/>
  <testcase name="downloadAttachWhenEditApp" classname="uiTest.MyApplication" time="2.594"/>
  <testcase name="deleteAllAttachWhenEdit" classname="uiTest.MyApplication" time="6.103"/>
  <testcase name="cancelChangesEditApp" classname="uiTest.MyApplication" time="8.142"/>
  <testcase name="successPaymentWhenWaitForPayDoc" classname="uiTest.MyApplication" time="9.264"/>
  <testcase name="haveNotMoneyWhenWaitForPayDoc" classname="uiTest.MyApplication" time="0">
    <skipped/>
    <system-out>============Test started============
============Test started============
Here will be payDoc 

This is my token UI: 7b353f5201b469c26002c052418a091f6a534748655ea9bae24a9979b91569c0

get balance

787878784
{"password":"123456","forAdminPanel":1,"grant_type":"password","client_secret":"SomeRandomCharsAndNumbers","client_id":"android","email":"admnAutoTest@email.ua","username":"admnAutoTest@email.ua"}
Response body: {"access_token":"5ac5c102888f4bba7d677ab523031c6c0386bb3d211bcea3e1a5910a23aa5f39","refresh_token":"9a03315d5926099db93ef05bd96d5adfbfd10f5a5b3ba0bc365efe92f7743303","expires_in":360000000,"token_type":"Bearer"}
This is my token ADMIN: 5ac5c102888f4bba7d677ab523031c6c0386bb3d211bcea3e1a5910a23aa5f39

{"forAdminPanel":1,"change":-787878784,"userId":"5af40ce5bb4c21029830830d"}
Response body: {"success":true,"data":{"account":0,"payment":{"__v":0,"receipt":11482,"userId":"5af40ce5bb4c21029830830d","accountId":"5af40ce5bb4c21050530830e","operatorId":"5b1657495779d2a028c983aa","oldAccount":787878784,"newAccount":0,"serviceType":null,"serviceId":null,"comment":null,"_id":"5b72a7a975c147688e414b12","createDate":"2018-08-14T09:58:01.497Z"}}}
io.restassured.internal.RequestSpecificationImpl@5acc9fdf

Retrying test haveNotMoneyWhenWaitForPayDoc
</system-out>
  </testcase>
  <testcase name="haveNotMoneyWhenWaitForPayDoc" classname="uiTest.MyApplication" time="12.465"/>
  <testcase name="sendToArchivWhenWaitForPay" classname="uiTest.MyApplication" time="7.729"/>
  <testcase name="login" classname="uiTest.ExpertiseUser" time="4.73"/>
  <testcase name="validData" classname="uiTest.ExpertiseUser" time="3.99"/>
  <testcase name="doubleAttachment" classname="uiTest.ExpertiseUser" time="3.7"/>
  <testcase name="emptyTypeField" classname="uiTest.ExpertiseUser" time="3.28"/>
  <testcase name="emptyWhoYouAreField" classname="uiTest.ExpertiseUser" time="0">
    <skipped/>
    <system-out>============Test started============
============Test started============
Retrying test emptyWhoYouAreField
</system-out>
  </testcase>
  <testcase name="emptyWhoYouAreField" classname="uiTest.ExpertiseUser" time="2.418"/>
  <testcase name="incorrectSecondField" classname="uiTest.ExpertiseUser" time="0">
    <skipped/>
    <system-out>============Test started============
============Test started============
Retrying test incorrectSecondField
</system-out>
  </testcase>
  <testcase name="incorrectSecondField" classname="uiTest.ExpertiseUser" time="2.712"/>
  <testcase name="requisitesField" classname="uiTest.ExpertiseUser" time="0">
    <skipped/>
    <system-out>============Test started============
============Test started============
Retrying test requisitesField
</system-out>
  </testcase>
  <testcase name="requisitesField" classname="uiTest.ExpertiseUser" time="2.631"/>
  <testcase name="emptyRequisiteField" classname="uiTest.ExpertiseUser" time="0">
    <skipped/>
    <system-out>============Test started============
============Test started============
Retrying test emptyRequisiteField
</system-out>
  </testcase>
  <testcase name="emptyRequisiteField" classname="uiTest.ExpertiseUser" time="2.093"/>
  <testcase name="emptyAttachmentField" classname="uiTest.ExpertiseUser" time="0">
    <skipped/>
    <system-out>============Test started============
============Test started============
Retrying test emptyAttachmentField
</system-out>
  </testcase>
  <testcase name="emptyAttachmentField" classname="uiTest.ExpertiseUser" time="2.606"/>
  <testcase name="attachment21" classname="uiTest.ExpertiseUser" time="0">
    <skipped/>
    <system-out>============Test started============
============Test started============
Retrying test attachment21
</system-out>
  </testcase>
  <testcase name="attachment21" classname="uiTest.ExpertiseUser" time="4.05"/>
  <testcase name="fileMoreThen50MB" classname="uiTest.ExpertiseUser" time="0">
    <skipped/>
    <system-out>============Test started============
============Test started============
Retrying test fileMoreThen50MB
</system-out>
  </testcase>
  <testcase name="fileMoreThen50MB" classname="uiTest.ExpertiseUser" time="2.813"/>
  <testcase name="deleteOneOfUploudedFiles" classname="uiTest.ExpertiseUser" time="0">
    <skipped/>
    <system-out>============Test started============
============Test started============
Retrying test deleteOneOfUploudedFiles
</system-out>
  </testcase>
  <testcase name="deleteOneOfUploudedFiles" classname="uiTest.ExpertiseUser" time="3.432"/>
  <testcase name="reestablishUploadedFiles" classname="uiTest.ExpertiseUser" time="3.482"/>
  <testcase name="haveNotMoney" classname="uiTest.ExpertiseUser" time="0">
    <skipped/>
    <system-out>============Test started============
============Test started============
Here will be payDoc 

This is my token UI: f5363fa1b82dd97bbf77c83d2752c8d90c88689b385557c8d309616dd93fc918

get balance

96
{"password":"123456","forAdminPanel":1,"grant_type":"password","client_secret":"SomeRandomCharsAndNumbers","client_id":"android","email":"admnAutoTest@email.ua","username":"admnAutoTest@email.ua"}
Response body: {"access_token":"fcb60bc1a4d861935f3e10b57c0e9c6756ae44fb6893c89d6a4897ef686655d5","refresh_token":"01b68e7e304274c6515389ef14a05cc241848132085cb73560951116df259228","expires_in":360000000,"token_type":"Bearer"}
This is my token ADMIN: fcb60bc1a4d861935f3e10b57c0e9c6756ae44fb6893c89d6a4897ef686655d5

{"forAdminPanel":1,"change":-96,"userId":"5af40ce5bb4c21029830830d"}
Response body: {"success":true,"data":{"account":0,"payment":{"__v":0,"receipt":11488,"userId":"5af40ce5bb4c21029830830d","accountId":"5af40ce5bb4c21050530830e","operatorId":"5b1657495779d2a028c983aa","oldAccount":96,"newAccount":0,"serviceType":null,"serviceId":null,"comment":null,"_id":"5b72a7f375c14796dd414b5e","createDate":"2018-08-14T09:59:15.450Z"}}}
io.restassured.internal.RequestSpecificationImpl@252a8aae

Retrying test haveNotMoney
</system-out>
  </testcase>
  <testcase name="haveNotMoney" classname="uiTest.ExpertiseUser" time="1.357">
    <failure message="unknown error: Element &lt;button id=&quot;front64fbd75d07ec519ac1c34bbf3c93e41b&quot; tabindex=&quot;-1&quot; type=&quot;button&quot; disabled=&quot;&quot; style=&quot;border: 10px; box-sizing: border-box; display: inline-block; font-family: Open-Sans; -webkit-tap-highlight-color: rgba(0, 0, 0, 0); cursor: default; text-decoration: none; margin: 0px; padding: 0px; outline: none; font-size: inherit; font-weight: inherit; position: absolute; height: 32px; width: 100%; border-radius: 2px; transition: all 450ms cubic-bezier(0.23, 1, 0.32, 1) 0ms; background-color: rgb(34, 37, 53); text-align: center;&quot;&gt;...&lt;/button&gt; is not clickable at point (1339, 28). Other element would receive the click: &lt;span class=&quot;Locker&quot;&gt;&lt;/span&gt;&#10;  (Session info: headless chrome=68.0.3440.106)&#10;  (Driver info: chromedriver=2.38.552522 (437e6fbedfa8762dec75e2c5b3ddb86763dc9dcb),platform=Linux 4.9.87-linuxkit-aufs x86_64) (WARNING: The server did not provide any stacktrace information)&#10;Command duration or timeout: 0 milliseconds&#10;Build info: version: &apos;3.8.1&apos;, revision: &apos;6e95a6684b&apos;, time: &apos;2017-12-01T18:33:54.468Z&apos;&#10;System info: host: &apos;20dddad52158&apos;, ip: &apos;172.17.0.2&apos;, os.name: &apos;Linux&apos;, os.arch: &apos;amd64&apos;, os.version: &apos;4.9.87-linuxkit-aufs&apos;, java.version: &apos;1.8.0_171&apos;&#10;Driver info: org.openqa.selenium.chrome.ChromeDriver&#10;Capabilities {acceptInsecureCerts: false, acceptSslCerts: false, applicationCacheEnabled: false, browserConnectionEnabled: false, browserName: chrome, chrome: {chromedriverVersion: 2.38.552522 (437e6fbedfa876..., userDataDir: /tmp/.org.chromium.Chromium...}, cssSelectorsEnabled: true, databaseEnabled: false, handlesAlerts: true, hasTouchScreen: false, javascriptEnabled: true, locationContextEnabled: true, mobileEmulationEnabled: false, nativeEvents: true, networkConnectionEnabled: false, pageLoadStrategy: normal, platform: LINUX, platformName: LINUX, rotatable: false, setWindowRect: true, takesHeapSnapshot: true, takesScreenshot: true, unexpectedAlertBehaviour: , unhandledPromptBehavior: , version: 68.0.3440.106, webStorageEnabled: true}&#10;Session ID: 30bd05fa0f2eb8b5d60a4d59f1c4f0e1" type="org.openqa.selenium.WebDriverException"><![CDATA[org.openqa.selenium.WebDriverException: unknown error: Element <button id="front64fbd75d07ec519ac1c34bbf3c93e41b" tabindex="-1" type="button" disabled="" style="border: 10px; box-sizing: border-box; display: inline-block; font-family: Open-Sans; -webkit-tap-highlight-color: rgba(0, 0, 0, 0); cursor: default; text-decoration: none; margin: 0px; padding: 0px; outline: none; font-size: inherit; font-weight: inherit; position: absolute; height: 32px; width: 100%; border-radius: 2px; transition: all 450ms cubic-bezier(0.23, 1, 0.32, 1) 0ms; background-color: rgb(34, 37, 53); text-align: center;">...</button> is not clickable at point (1339, 28). Other element would receive the click: <span class="Locker"></span>
  (Session info: headless chrome=68.0.3440.106)
  (Driver info: chromedriver=2.38.552522 (437e6fbedfa8762dec75e2c5b3ddb86763dc9dcb),platform=Linux 4.9.87-linuxkit-aufs x86_64) (WARNING: The server did not provide any stacktrace information)
Command duration or timeout: 0 milliseconds
Build info: version: '3.8.1', revision: '6e95a6684b', time: '2017-12-01T18:33:54.468Z'
System info: host: '20dddad52158', ip: '172.17.0.2', os.name: 'Linux', os.arch: 'amd64', os.version: '4.9.87-linuxkit-aufs', java.version: '1.8.0_171'
Driver info: org.openqa.selenium.chrome.ChromeDriver
Capabilities {acceptInsecureCerts: false, acceptSslCerts: false, applicationCacheEnabled: false, browserConnectionEnabled: false, browserName: chrome, chrome: {chromedriverVersion: 2.38.552522 (437e6fbedfa876..., userDataDir: /tmp/.org.chromium.Chromium...}, cssSelectorsEnabled: true, databaseEnabled: false, handlesAlerts: true, hasTouchScreen: false, javascriptEnabled: true, locationContextEnabled: true, mobileEmulationEnabled: false, nativeEvents: true, networkConnectionEnabled: false, pageLoadStrategy: normal, platform: LINUX, platformName: LINUX, rotatable: false, setWindowRect: true, takesHeapSnapshot: true, takesScreenshot: true, unexpectedAlertBehaviour: , unhandledPromptBehavior: , version: 68.0.3440.106, webStorageEnabled: true}
Session ID: 30bd05fa0f2eb8b5d60a4d59f1c4f0e1
	at sun.reflect.NativeConstructorAccessorImpl.newInstance0(Native Method)
	at sun.reflect.NativeConstructorAccessorImpl.newInstance(NativeConstructorAccessorImpl.java:62)
	at sun.reflect.DelegatingConstructorAccessorImpl.newInstance(DelegatingConstructorAccessorImpl.java:45)
	at java.lang.reflect.Constructor.newInstance(Constructor.java:423)
	at org.openqa.selenium.remote.ErrorHandler.createThrowable(ErrorHandler.java:214)
	at org.openqa.selenium.remote.ErrorHandler.throwIfResponseFailed(ErrorHandler.java:166)
	at org.openqa.selenium.remote.http.JsonHttpResponseCodec.reconstructValue(JsonHttpResponseCodec.java:40)
	at org.openqa.selenium.remote.http.AbstractHttpResponseCodec.decode(AbstractHttpResponseCodec.java:80)
	at org.openqa.selenium.remote.http.AbstractHttpResponseCodec.decode(AbstractHttpResponseCodec.java:44)
	at org.openqa.selenium.remote.HttpCommandExecutor.execute(HttpCommandExecutor.java:164)
	at org.openqa.selenium.remote.service.DriverCommandExecutor.execute(DriverCommandExecutor.java:83)
	at org.openqa.selenium.remote.RemoteWebDriver.execute(RemoteWebDriver.java:601)
	at org.openqa.selenium.remote.RemoteWebElement.execute(RemoteWebElement.java:279)
	at org.openqa.selenium.remote.RemoteWebElement.click(RemoteWebElement.java:83)
	at sun.reflect.GeneratedMethodAccessor1.invoke(Unknown Source)
	at sun.reflect.DelegatingMethodAccessorImpl.invoke(DelegatingMethodAccessorImpl.java:43)
	at java.lang.reflect.Method.invoke(Method.java:498)
	at org.openqa.selenium.support.pagefactory.internal.LocatingElementHandler.invoke(LocatingElementHandler.java:51)
	at com.sun.proxy.$Proxy25.click(Unknown Source)
	at mainPackage.ui.ExpertiseUserPage.haveNotMoney(ExpertiseUserPage.java:355)
	at uiTest.ExpertiseUser.haveNotMoney(ExpertiseUser.java:91)
]]></failure>
    <system-out>============Test started============
============Test started============
Here will be payDoc 

This is my token UI: a4d7bd7913ddb877c7df53b75076a568ae60bf9d8d25880c16daf131bfb958b1

get balance

0
============Test failed============
Screenshot captured for test case:haveNotMoney
============Test failed============
Screenshot captured for test case:haveNotMoney
</system-out>
  </testcase>
  <testcase name="emptyAllField" classname="uiTest.ExpertiseUser" time="3.879"/>
</testsuite>