<?xml version="1.0" encoding="UTF-8"?>
<testng-results skipped="13" failed="1" ignored="4" total="96" passed="78">
  <reporter-output>
  </reporter-output>
  <suite name="Sanity Suite" duration-ms="260566" started-at="2018-08-14T09:55:09Z" finished-at="2018-08-14T09:59:30Z">
    <groups>
      <group name="disabled">
        <method signature="DocCategory.login()[pri:-1, instance:uiTest.DocCategory@149e0f5d]" name="login" class="uiTest.DocCategory"/>
        <method signature="Profile.successfulLogin()[pri:1, instance:uiTest.Profile@6ef888f6]" name="successfulLogin" class="uiTest.Profile"/>
        <method signature="MyApplication.login()[pri:-1, instance:uiTest.MyApplication@22a637e7]" name="login" class="uiTest.MyApplication"/>
        <method signature="ExpertiseUser.login()[pri:1, instance:uiTest.ExpertiseUser@49b0b76]" name="login" class="uiTest.ExpertiseUser"/>
      </group> <!-- disabled -->
      <group name="LogIn">
        <method signature="LogIn.failureLogin()[pri:-1, instance:uiTest.LogIn@4313f5bc]" name="failureLogin" class="uiTest.LogIn"/>
        <method signature="LogIn.successfulLogin()[pri:1, instance:uiTest.LogIn@4313f5bc]" name="successfulLogin" class="uiTest.LogIn"/>
      </group> <!-- LogIn -->
      <group name="DocCategory">
        <method signature="DocCategory.categoryWithOutSubCat()[pri:11, instance:uiTest.DocCategory@149e0f5d]" name="categoryWithOutSubCat" class="uiTest.DocCategory"/>
        <method signature="DocCategory.correctDataWithEnterButton()[pri:2, instance:uiTest.DocCategory@149e0f5d]" name="correctDataWithEnterButton" class="uiTest.DocCategory"/>
        <method signature="DocCategory.correctDataWithLupa()[pri:1, instance:uiTest.DocCategory@149e0f5d]" name="correctDataWithLupa" class="uiTest.DocCategory"/>
        <method signature="DocCategory.dataWithManyLetters()[pri:6, instance:uiTest.DocCategory@149e0f5d]" name="dataWithManyLetters" class="uiTest.DocCategory"/>
        <method signature="DocCategory.dataWithOneLetter()[pri:4, instance:uiTest.DocCategory@149e0f5d]" name="dataWithOneLetter" class="uiTest.DocCategory"/>
        <method signature="DocCategory.dataWithSlashAndSpace()[pri:7, instance:uiTest.DocCategory@149e0f5d]" name="dataWithSlashAndSpace" class="uiTest.DocCategory"/>
        <method signature="DocCategory.dataWithTwoLetter()[pri:5, instance:uiTest.DocCategory@149e0f5d]" name="dataWithTwoLetter" class="uiTest.DocCategory"/>
        <method signature="DocCategory.deleteData()[pri:8, instance:uiTest.DocCategory@149e0f5d]" name="deleteData" class="uiTest.DocCategory"/>
        <method signature="DocCategory.dropdawnList()[pri:3, instance:uiTest.DocCategory@149e0f5d]" name="dropdawnList" class="uiTest.DocCategory"/>
        <method signature="DocCategory.spaceData()[pri:9, instance:uiTest.DocCategory@149e0f5d]" name="spaceData" class="uiTest.DocCategory"/>
        <method signature="DocCategory.subcategories()[pri:10, instance:uiTest.DocCategory@149e0f5d]" name="subcategories" class="uiTest.DocCategory"/>
      </group> <!-- DocCategory -->
      <group name="Profile">
        <method signature="Profile.changePassword()[pri:23, instance:uiTest.Profile@6ef888f6]" name="changePassword" class="uiTest.Profile"/>
        <method signature="Profile.deleteAva()[pri:12, instance:uiTest.Profile@6ef888f6]" name="deleteAva" class="uiTest.Profile"/>
        <method signature="Profile.dimensionsAva()[pri:13, instance:uiTest.Profile@6ef888f6]" name="dimensionsAva" class="uiTest.Profile"/>
        <method signature="Profile.editUploadedPhoto()[pri:14, instance:uiTest.Profile@6ef888f6]" name="editUploadedPhoto" class="uiTest.Profile"/>
        <method signature="Profile.reviewHintMessage()[pri:18, instance:uiTest.Profile@6ef888f6]" name="reviewHintMessage" class="uiTest.Profile"/>
        <method signature="Profile.toProfile()[pri:2, instance:uiTest.Profile@6ef888f6]" name="toProfile" class="uiTest.Profile"/>
        <method signature="Profile.uploadAvatarBMP()[pri:4, instance:uiTest.Profile@6ef888f6]" name="uploadAvatarBMP" class="uiTest.Profile"/>
        <method signature="Profile.uploadAvatarGIF()[pri:3, instance:uiTest.Profile@6ef888f6]" name="uploadAvatarGIF" class="uiTest.Profile"/>
        <method signature="Profile.uploadAvatarJPG()[pri:11, instance:uiTest.Profile@6ef888f6]" name="uploadAvatarJPG" class="uiTest.Profile"/>
        <method signature="Profile.uploadAvatarPNG()[pri:10, instance:uiTest.Profile@6ef888f6]" name="uploadAvatarPNG" class="uiTest.Profile"/>
        <method signature="Profile.uploadAvatarTIFF()[pri:6, instance:uiTest.Profile@6ef888f6]" name="uploadAvatarTIFF" class="uiTest.Profile"/>
        <method signature="Profile.uploadAvatarWEBP()[pri:5, instance:uiTest.Profile@6ef888f6]" name="uploadAvatarWEBP" class="uiTest.Profile"/>
        <method signature="Profile.verifyChangePassword(java.lang.String, boolean)[pri:21, instance:uiTest.Profile@6ef888f6]" name="verifyChangePassword" class="uiTest.Profile"/>
        <method signature="Profile.verifyConfirmPassword(java.lang.String, java.lang.String)[pri:22, instance:uiTest.Profile@6ef888f6]" name="verifyConfirmPassword" class="uiTest.Profile"/>
        <method signature="Profile.verifyName(java.lang.String, boolean)[pri:15, instance:uiTest.Profile@6ef888f6]" name="verifyName" class="uiTest.Profile"/>
        <method signature="Profile.verifySurName(java.lang.String, boolean)[pri:16, instance:uiTest.Profile@6ef888f6]" name="verifySurName" class="uiTest.Profile"/>
        <method signature="Profile.verifylastName(java.lang.String, boolean)[pri:17, instance:uiTest.Profile@6ef888f6]" name="verifylastName" class="uiTest.Profile"/>
      </group> <!-- Profile -->
      <group name="Expertise">
        <method signature="MyApplication.cancelChangesEditApp()[pri:10, instance:uiTest.MyApplication@22a637e7]" name="cancelChangesEditApp" class="uiTest.MyApplication"/>
        <method signature="MyApplication.deleteAllAttachWhenEdit()[pri:9, instance:uiTest.MyApplication@22a637e7]" name="deleteAllAttachWhenEdit" class="uiTest.MyApplication"/>
        <method signature="MyApplication.downloadAttachWhenEditApp()[pri:8, instance:uiTest.MyApplication@22a637e7]" name="downloadAttachWhenEditApp" class="uiTest.MyApplication"/>
        <method signature="MyApplication.downloadAttachment()[pri:3, instance:uiTest.MyApplication@22a637e7]" name="downloadAttachment" class="uiTest.MyApplication"/>
        <method signature="MyApplication.downloadAttachmentPopUp()[pri:4, instance:uiTest.MyApplication@22a637e7]" name="downloadAttachmentPopUp" class="uiTest.MyApplication"/>
        <method signature="MyApplication.editAppWaitForPay()[pri:7, instance:uiTest.MyApplication@22a637e7]" name="editAppWaitForPay" class="uiTest.MyApplication"/>
        <method signature="MyApplication.haveNotMoneyWhenWaitForPayDoc()[pri:12, instance:uiTest.MyApplication@22a637e7]" name="haveNotMoneyWhenWaitForPayDoc" class="uiTest.MyApplication"/>
        <method signature="MyApplication.rejectedAppToArchive()[pri:6, instance:uiTest.MyApplication@22a637e7]" name="rejectedAppToArchive" class="uiTest.MyApplication"/>
        <method signature="MyApplication.reviewAppInTheWork()[pri:1, instance:uiTest.MyApplication@22a637e7]" name="reviewAppInTheWork" class="uiTest.MyApplication"/>
        <method signature="MyApplication.sendToArchivWhenWaitForPay()[pri:13, instance:uiTest.MyApplication@22a637e7]" name="sendToArchivWhenWaitForPay" class="uiTest.MyApplication"/>
        <method signature="MyApplication.successPaymentWhenWaitForPayDoc()[pri:11, instance:uiTest.MyApplication@22a637e7]" name="successPaymentWhenWaitForPayDoc" class="uiTest.MyApplication"/>
        <method signature="MyApplication.updateAppWaitForPay()[pri:2, instance:uiTest.MyApplication@22a637e7]" name="updateAppWaitForPay" class="uiTest.MyApplication"/>
        <method signature="ExpertiseUser.attachment21()[pri:10, instance:uiTest.ExpertiseUser@49b0b76]" name="attachment21" class="uiTest.ExpertiseUser"/>
        <method signature="ExpertiseUser.deleteOneOfUploudedFiles()[pri:12, instance:uiTest.ExpertiseUser@49b0b76]" name="deleteOneOfUploudedFiles" class="uiTest.ExpertiseUser"/>
        <method signature="ExpertiseUser.doubleAttachment()[pri:3, instance:uiTest.ExpertiseUser@49b0b76]" name="doubleAttachment" class="uiTest.ExpertiseUser"/>
        <method signature="ExpertiseUser.emptyAllField()[pri:16, instance:uiTest.ExpertiseUser@49b0b76]" name="emptyAllField" class="uiTest.ExpertiseUser"/>
        <method signature="ExpertiseUser.emptyAttachmentField()[pri:9, instance:uiTest.ExpertiseUser@49b0b76]" name="emptyAttachmentField" class="uiTest.ExpertiseUser"/>
        <method signature="ExpertiseUser.emptyRequisiteField()[pri:8, instance:uiTest.ExpertiseUser@49b0b76]" name="emptyRequisiteField" class="uiTest.ExpertiseUser"/>
        <method signature="ExpertiseUser.emptyTypeField()[pri:4, instance:uiTest.ExpertiseUser@49b0b76]" name="emptyTypeField" class="uiTest.ExpertiseUser"/>
        <method signature="ExpertiseUser.emptyWhoYouAreField()[pri:5, instance:uiTest.ExpertiseUser@49b0b76]" name="emptyWhoYouAreField" class="uiTest.ExpertiseUser"/>
        <method signature="ExpertiseUser.fileMoreThen50MB()[pri:11, instance:uiTest.ExpertiseUser@49b0b76]" name="fileMoreThen50MB" class="uiTest.ExpertiseUser"/>
        <method signature="ExpertiseUser.haveNotMoney()[pri:15, instance:uiTest.ExpertiseUser@49b0b76]" name="haveNotMoney" class="uiTest.ExpertiseUser"/>
        <method signature="ExpertiseUser.incorrectSecondField()[pri:6, instance:uiTest.ExpertiseUser@49b0b76]" name="incorrectSecondField" class="uiTest.ExpertiseUser"/>
        <method signature="ExpertiseUser.reestablishUploadedFiles()[pri:13, instance:uiTest.ExpertiseUser@49b0b76]" name="reestablishUploadedFiles" class="uiTest.ExpertiseUser"/>
        <method signature="ExpertiseUser.requisitesField()[pri:7, instance:uiTest.ExpertiseUser@49b0b76]" name="requisitesField" class="uiTest.ExpertiseUser"/>
      </group> <!-- Expertise -->
    </groups>
    <test name="Login" duration-ms="10641" started-at="2018-08-14T09:55:09Z" finished-at="2018-08-14T09:55:20Z">
      <class name="uiTest.LogIn">
        <test-method status="PASS" signature="setUp(java.lang.String)[pri:0, instance:uiTest.LogIn@4313f5bc]" name="setUp" is-config="true" duration-ms="2429" started-at="2018-08-14T09:55:09Z" finished-at="2018-08-14T09:55:11Z">
          <params>
            <param index="0">
              <value>
                <![CDATA[linux]]>
              </value>
            </param>
          </params>
          <reporter-output>
          </reporter-output>
        </test-method> <!-- setUp -->
        <test-method status="PASS" signature="initPages()[pri:0, instance:uiTest.LogIn@4313f5bc]" name="initPages" is-config="true" duration-ms="10" started-at="2018-08-14T09:55:11Z" finished-at="2018-08-14T09:55:11Z">
          <reporter-output>
          </reporter-output>
        </test-method> <!-- initPages -->
        <test-method status="PASS" signature="failureLogin()[pri:-1, instance:uiTest.LogIn@4313f5bc]" name="failureLogin" duration-ms="3245" started-at="2018-08-14T09:55:11Z" description="Invalid Login" finished-at="2018-08-14T09:55:15Z">
          <reporter-output>
          </reporter-output>
        </test-method> <!-- failureLogin -->
        <test-method status="PASS" signature="successfulLogin()[pri:1, instance:uiTest.LogIn@4313f5bc]" name="successfulLogin" duration-ms="1806" started-at="2018-08-14T09:55:16Z" description="Valid Login" finished-at="2018-08-14T09:55:18Z">
          <reporter-output>
          </reporter-output>
        </test-method> <!-- successfulLogin -->
        <test-method status="PASS" signature="finish()[pri:0, instance:uiTest.LogIn@4313f5bc]" name="finish" is-config="true" duration-ms="93" started-at="2018-08-14T09:55:20Z" finished-at="2018-08-14T09:55:20Z">
          <reporter-output>
          </reporter-output>
        </test-method> <!-- finish -->
      </class> <!-- uiTest.LogIn -->
    </test> <!-- Login -->
    <test name="DocCategory" duration-ms="24368" started-at="2018-08-14T09:55:20Z" finished-at="2018-08-14T09:55:44Z">
      <class name="uiTest.DocCategory">
        <test-method status="PASS" signature="setUp(java.lang.String)[pri:0, instance:uiTest.DocCategory@149e0f5d]" name="setUp" is-config="true" duration-ms="229" started-at="2018-08-14T09:55:20Z" finished-at="2018-08-14T09:55:20Z">
          <params>
            <param index="0">
              <value>
                <![CDATA[linux]]>
              </value>
            </param>
          </params>
          <reporter-output>
          </reporter-output>
        </test-method> <!-- setUp -->
        <test-method status="PASS" signature="initPages()[pri:0, instance:uiTest.DocCategory@149e0f5d]" name="initPages" is-config="true" duration-ms="50" started-at="2018-08-14T09:55:20Z" finished-at="2018-08-14T09:55:20Z">
          <reporter-output>
          </reporter-output>
        </test-method> <!-- initPages -->
        <test-method status="PASS" signature="login()[pri:-1, instance:uiTest.DocCategory@149e0f5d]" name="login" duration-ms="5895" started-at="2018-08-14T09:55:20Z" description="logIn" finished-at="2018-08-14T09:55:26Z">
          <reporter-output>
          </reporter-output>
        </test-method> <!-- login -->
        <test-method status="PASS" signature="correctDataWithLupa()[pri:1, instance:uiTest.DocCategory@149e0f5d]" name="correctDataWithLupa" duration-ms="593" started-at="2018-08-14T09:55:27Z" description="correct Data Lupa" finished-at="2018-08-14T09:55:28Z">
          <reporter-output>
          </reporter-output>
        </test-method> <!-- correctDataWithLupa -->
        <test-method status="PASS" signature="correctDataWithEnterButton()[pri:2, instance:uiTest.DocCategory@149e0f5d]" name="correctDataWithEnterButton" duration-ms="1430" started-at="2018-08-14T09:55:28Z" description="correct Data Enter" finished-at="2018-08-14T09:55:30Z">
          <reporter-output>
          </reporter-output>
        </test-method> <!-- correctDataWithEnterButton -->
        <test-method status="PASS" signature="dropdawnList()[pri:3, instance:uiTest.DocCategory@149e0f5d]" name="dropdawnList" duration-ms="1476" started-at="2018-08-14T09:55:30Z" description="dropdawn List" finished-at="2018-08-14T09:55:32Z">
          <reporter-output>
          </reporter-output>
        </test-method> <!-- dropdawnList -->
        <test-method status="PASS" signature="dataWithOneLetter()[pri:4, instance:uiTest.DocCategory@149e0f5d]" name="dataWithOneLetter" duration-ms="1629" started-at="2018-08-14T09:55:32Z" description="data With One Leter" finished-at="2018-08-14T09:55:34Z">
          <reporter-output>
          </reporter-output>
        </test-method> <!-- dataWithOneLetter -->
        <test-method status="PASS" signature="dataWithTwoLetter()[pri:5, instance:uiTest.DocCategory@149e0f5d]" name="dataWithTwoLetter" duration-ms="807" started-at="2018-08-14T09:55:34Z" description="data With Two Leter" finished-at="2018-08-14T09:55:35Z">
          <reporter-output>
          </reporter-output>
        </test-method> <!-- dataWithTwoLetter -->
        <test-method status="PASS" signature="dataWithManyLetters()[pri:6, instance:uiTest.DocCategory@149e0f5d]" name="dataWithManyLetters" duration-ms="2140" started-at="2018-08-14T09:55:35Z" description="data With Many Letters" finished-at="2018-08-14T09:55:37Z">
          <reporter-output>
          </reporter-output>
        </test-method> <!-- dataWithManyLetters -->
        <test-method status="PASS" signature="dataWithSlashAndSpace()[pri:7, instance:uiTest.DocCategory@149e0f5d]" name="dataWithSlashAndSpace" duration-ms="1050" started-at="2018-08-14T09:55:38Z" description="data With Slash And Space" finished-at="2018-08-14T09:55:39Z">
          <reporter-output>
          </reporter-output>
        </test-method> <!-- dataWithSlashAndSpace -->
        <test-method status="PASS" signature="deleteData()[pri:8, instance:uiTest.DocCategory@149e0f5d]" name="deleteData" duration-ms="849" started-at="2018-08-14T09:55:39Z" description="delete data" finished-at="2018-08-14T09:55:40Z">
          <reporter-output>
          </reporter-output>
        </test-method> <!-- deleteData -->
        <test-method status="PASS" signature="spaceData()[pri:9, instance:uiTest.DocCategory@149e0f5d]" name="spaceData" duration-ms="627" started-at="2018-08-14T09:55:41Z" description="space data" finished-at="2018-08-14T09:55:41Z">
          <reporter-output>
          </reporter-output>
        </test-method> <!-- spaceData -->
        <test-method status="PASS" signature="subcategories()[pri:10, instance:uiTest.DocCategory@149e0f5d]" name="subcategories" duration-ms="686" started-at="2018-08-14T09:55:42Z" description="subcategories" finished-at="2018-08-14T09:55:42Z">
          <reporter-output>
          </reporter-output>
        </test-method> <!-- subcategories -->
        <test-method status="PASS" signature="categoryWithOutSubCat()[pri:11, instance:uiTest.DocCategory@149e0f5d]" name="categoryWithOutSubCat" duration-ms="807" started-at="2018-08-14T09:55:43Z" description="category With Out Sub Cat" finished-at="2018-08-14T09:55:44Z">
          <reporter-output>
          </reporter-output>
        </test-method> <!-- categoryWithOutSubCat -->
        <test-method status="PASS" signature="finish()[pri:0, instance:uiTest.DocCategory@149e0f5d]" name="finish" is-config="true" duration-ms="116" started-at="2018-08-14T09:55:44Z" finished-at="2018-08-14T09:55:44Z">
          <reporter-output>
          </reporter-output>
        </test-method> <!-- finish -->
      </class> <!-- uiTest.DocCategory -->
    </test> <!-- DocCategory -->
    <test name="Profile" duration-ms="42649" started-at="2018-08-14T09:55:44Z" finished-at="2018-08-14T09:56:27Z">
      <class name="uiTest.Profile">
        <test-method status="PASS" signature="setUp(java.lang.String)[pri:0, instance:uiTest.Profile@6ef888f6]" name="setUp" is-config="true" duration-ms="181" started-at="2018-08-14T09:55:44Z" finished-at="2018-08-14T09:55:44Z">
          <params>
            <param index="0">
              <value>
                <![CDATA[linux]]>
              </value>
            </param>
          </params>
          <reporter-output>
          </reporter-output>
        </test-method> <!-- setUp -->
        <test-method status="PASS" signature="initPages()[pri:0, instance:uiTest.Profile@6ef888f6]" name="initPages" is-config="true" duration-ms="15" started-at="2018-08-14T09:55:44Z" finished-at="2018-08-14T09:55:44Z">
          <reporter-output>
          </reporter-output>
        </test-method> <!-- initPages -->
        <test-method status="PASS" signature="successfulLogin()[pri:1, instance:uiTest.Profile@6ef888f6]" name="successfulLogin" duration-ms="2759" started-at="2018-08-14T09:55:44Z" description="Valid Login" finished-at="2018-08-14T09:55:47Z">
          <reporter-output>
          </reporter-output>
        </test-method> <!-- successfulLogin -->
        <test-method status="PASS" signature="toProfile()[pri:2, instance:uiTest.Profile@6ef888f6]" name="toProfile" duration-ms="220" started-at="2018-08-14T09:55:48Z" description="to Profile" finished-at="2018-08-14T09:55:49Z">
          <reporter-output>
          </reporter-output>
        </test-method> <!-- toProfile -->
        <test-method status="PASS" signature="uploadAvatarGIF()[pri:3, instance:uiTest.Profile@6ef888f6]" name="uploadAvatarGIF" duration-ms="934" started-at="2018-08-14T09:55:50Z" description="upload Avatar GIF" finished-at="2018-08-14T09:55:51Z">
          <reporter-output>
          </reporter-output>
        </test-method> <!-- uploadAvatarGIF -->
        <test-method status="PASS" signature="uploadAvatarBMP()[pri:4, instance:uiTest.Profile@6ef888f6]" name="uploadAvatarBMP" duration-ms="503" started-at="2018-08-14T09:55:51Z" description="upload Avatar BMP" finished-at="2018-08-14T09:55:52Z">
          <reporter-output>
          </reporter-output>
        </test-method> <!-- uploadAvatarBMP -->
        <test-method status="PASS" signature="uploadAvatarWEBP()[pri:5, instance:uiTest.Profile@6ef888f6]" name="uploadAvatarWEBP" duration-ms="576" started-at="2018-08-14T09:55:52Z" description="upload Avatar WEBP" finished-at="2018-08-14T09:55:53Z">
          <reporter-output>
          </reporter-output>
        </test-method> <!-- uploadAvatarWEBP -->
        <test-method status="PASS" signature="uploadAvatarTIFF()[pri:6, instance:uiTest.Profile@6ef888f6]" name="uploadAvatarTIFF" duration-ms="509" started-at="2018-08-14T09:55:53Z" description="upload Avatar TIFF" finished-at="2018-08-14T09:55:54Z">
          <reporter-output>
          </reporter-output>
        </test-method> <!-- uploadAvatarTIFF -->
        <test-method status="PASS" signature="uploadAvatarPNG()[pri:10, instance:uiTest.Profile@6ef888f6]" name="uploadAvatarPNG" duration-ms="521" started-at="2018-08-14T09:55:54Z" description="upload Avatar PNG" finished-at="2018-08-14T09:55:55Z">
          <reporter-output>
          </reporter-output>
        </test-method> <!-- uploadAvatarPNG -->
        <test-method status="PASS" signature="uploadAvatarJPG()[pri:11, instance:uiTest.Profile@6ef888f6]" name="uploadAvatarJPG" duration-ms="788" started-at="2018-08-14T09:55:55Z" description="upload Avatar JPG" finished-at="2018-08-14T09:55:56Z">
          <reporter-output>
          </reporter-output>
        </test-method> <!-- uploadAvatarJPG -->
        <test-method status="PASS" signature="deleteAva()[pri:12, instance:uiTest.Profile@6ef888f6]" name="deleteAva" duration-ms="680" started-at="2018-08-14T09:55:56Z" description="delete ava" finished-at="2018-08-14T09:55:57Z">
          <reporter-output>
          </reporter-output>
        </test-method> <!-- deleteAva -->
        <test-method status="PASS" signature="dimensionsAva()[pri:13, instance:uiTest.Profile@6ef888f6]" name="dimensionsAva" duration-ms="803" started-at="2018-08-14T09:55:57Z" description="dimensions Ava" finished-at="2018-08-14T09:55:58Z">
          <reporter-output>
          </reporter-output>
        </test-method> <!-- dimensionsAva -->
        <test-method status="PASS" signature="editUploadedPhoto()[pri:14, instance:uiTest.Profile@6ef888f6]" name="editUploadedPhoto" duration-ms="1000" started-at="2018-08-14T09:55:59Z" description="edit Uploaded Photo" finished-at="2018-08-14T09:56:00Z">
          <reporter-output>
          </reporter-output>
        </test-method> <!-- editUploadedPhoto -->
        <test-method status="PASS" signature="verifyName(java.lang.String, boolean)[pri:15, instance:uiTest.Profile@6ef888f6]" name="verifyName" duration-ms="302" started-at="2018-08-14T09:56:00Z" description="check different Name" data-provider="name" finished-at="2018-08-14T09:56:00Z">
          <params>
            <param index="0">
              <value>
                <![CDATA[123]]>
              </value>
            </param>
            <param index="1">
              <value>
                <![CDATA[false]]>
              </value>
            </param>
          </params>
          <reporter-output>
          </reporter-output>
        </test-method> <!-- verifyName -->
        <test-method status="PASS" signature="verifyName(java.lang.String, boolean)[pri:15, instance:uiTest.Profile@6ef888f6]" name="verifyName" duration-ms="607" started-at="2018-08-14T09:56:01Z" description="check different Name" data-provider="name" finished-at="2018-08-14T09:56:01Z">
          <params>
            <param index="0">
              <value>
                <![CDATA[+-*/|?.,@$#%^&()!~]]>
              </value>
            </param>
            <param index="1">
              <value>
                <![CDATA[false]]>
              </value>
            </param>
          </params>
          <reporter-output>
          </reporter-output>
        </test-method> <!-- verifyName -->
        <test-method status="PASS" signature="verifyName(java.lang.String, boolean)[pri:15, instance:uiTest.Profile@6ef888f6]" name="verifyName" duration-ms="240" started-at="2018-08-14T09:56:02Z" description="check different Name" data-provider="name" finished-at="2018-08-14T09:56:02Z">
          <params>
            <param index="0">
              <value>
                <![CDATA[Ив.ан]]>
              </value>
            </param>
            <param index="1">
              <value>
                <![CDATA[false]]>
              </value>
            </param>
          </params>
          <reporter-output>
          </reporter-output>
        </test-method> <!-- verifyName -->
        <test-method status="PASS" signature="verifyName(java.lang.String, boolean)[pri:15, instance:uiTest.Profile@6ef888f6]" name="verifyName" duration-ms="260" started-at="2018-08-14T09:56:02Z" description="check different Name" data-provider="name" finished-at="2018-08-14T09:56:03Z">
          <params>
            <param index="0">
              <value>
                <![CDATA[Иван123]]>
              </value>
            </param>
            <param index="1">
              <value>
                <![CDATA[false]]>
              </value>
            </param>
          </params>
          <reporter-output>
          </reporter-output>
        </test-method> <!-- verifyName -->
        <test-method status="PASS" signature="verifyName(java.lang.String, boolean)[pri:15, instance:uiTest.Profile@6ef888f6]" name="verifyName" duration-ms="203" started-at="2018-08-14T09:56:03Z" description="check different Name" data-provider="name" finished-at="2018-08-14T09:56:03Z">
          <params>
            <param index="0">
              <value>
                <![CDATA[Стас]]>
              </value>
            </param>
            <param index="1">
              <value>
                <![CDATA[true]]>
              </value>
            </param>
          </params>
          <reporter-output>
          </reporter-output>
        </test-method> <!-- verifyName -->
        <test-method status="PASS" signature="verifySurName(java.lang.String, boolean)[pri:16, instance:uiTest.Profile@6ef888f6]" name="verifySurName" duration-ms="265" started-at="2018-08-14T09:56:04Z" description="check different Surname" data-provider="surName" finished-at="2018-08-14T09:56:04Z">
          <params>
            <param index="0">
              <value>
                <![CDATA[123]]>
              </value>
            </param>
            <param index="1">
              <value>
                <![CDATA[false]]>
              </value>
            </param>
          </params>
          <reporter-output>
          </reporter-output>
        </test-method> <!-- verifySurName -->
        <test-method status="PASS" signature="verifySurName(java.lang.String, boolean)[pri:16, instance:uiTest.Profile@6ef888f6]" name="verifySurName" duration-ms="497" started-at="2018-08-14T09:56:04Z" description="check different Surname" data-provider="surName" finished-at="2018-08-14T09:56:05Z">
          <params>
            <param index="0">
              <value>
                <![CDATA[+-*/|?.,@$#%^&()!~]]>
              </value>
            </param>
            <param index="1">
              <value>
                <![CDATA[false]]>
              </value>
            </param>
          </params>
          <reporter-output>
          </reporter-output>
        </test-method> <!-- verifySurName -->
        <test-method status="PASS" signature="verifySurName(java.lang.String, boolean)[pri:16, instance:uiTest.Profile@6ef888f6]" name="verifySurName" duration-ms="257" started-at="2018-08-14T09:56:05Z" description="check different Surname" data-provider="surName" finished-at="2018-08-14T09:56:05Z">
          <params>
            <param index="0">
              <value>
                <![CDATA[Ив.ан]]>
              </value>
            </param>
            <param index="1">
              <value>
                <![CDATA[false]]>
              </value>
            </param>
          </params>
          <reporter-output>
          </reporter-output>
        </test-method> <!-- verifySurName -->
        <test-method status="PASS" signature="verifySurName(java.lang.String, boolean)[pri:16, instance:uiTest.Profile@6ef888f6]" name="verifySurName" duration-ms="667" started-at="2018-08-14T09:56:06Z" description="check different Surname" data-provider="surName" finished-at="2018-08-14T09:56:06Z">
          <params>
            <param index="0">
              <value>
                <![CDATA[Иван123]]>
              </value>
            </param>
            <param index="1">
              <value>
                <![CDATA[false]]>
              </value>
            </param>
          </params>
          <reporter-output>
          </reporter-output>
        </test-method> <!-- verifySurName -->
        <test-method status="PASS" signature="verifySurName(java.lang.String, boolean)[pri:16, instance:uiTest.Profile@6ef888f6]" name="verifySurName" duration-ms="305" started-at="2018-08-14T09:56:07Z" description="check different Surname" data-provider="surName" finished-at="2018-08-14T09:56:07Z">
          <params>
            <param index="0">
              <value>
                <![CDATA[Мамренко]]>
              </value>
            </param>
            <param index="1">
              <value>
                <![CDATA[true]]>
              </value>
            </param>
          </params>
          <reporter-output>
          </reporter-output>
        </test-method> <!-- verifySurName -->
        <test-method status="PASS" signature="verifylastName(java.lang.String, boolean)[pri:17, instance:uiTest.Profile@6ef888f6]" name="verifylastName" duration-ms="225" started-at="2018-08-14T09:56:08Z" description="check different Lastname" data-provider="lastName" finished-at="2018-08-14T09:56:08Z">
          <params>
            <param index="0">
              <value>
                <![CDATA[123]]>
              </value>
            </param>
            <param index="1">
              <value>
                <![CDATA[false]]>
              </value>
            </param>
          </params>
          <reporter-output>
          </reporter-output>
        </test-method> <!-- verifylastName -->
        <test-method status="PASS" signature="verifylastName(java.lang.String, boolean)[pri:17, instance:uiTest.Profile@6ef888f6]" name="verifylastName" duration-ms="427" started-at="2018-08-14T09:56:08Z" description="check different Lastname" data-provider="lastName" finished-at="2018-08-14T09:56:09Z">
          <params>
            <param index="0">
              <value>
                <![CDATA[+-*/|?.,@$#%^&()!~]]>
              </value>
            </param>
            <param index="1">
              <value>
                <![CDATA[false]]>
              </value>
            </param>
          </params>
          <reporter-output>
          </reporter-output>
        </test-method> <!-- verifylastName -->
        <test-method status="PASS" signature="verifylastName(java.lang.String, boolean)[pri:17, instance:uiTest.Profile@6ef888f6]" name="verifylastName" duration-ms="242" started-at="2018-08-14T09:56:09Z" description="check different Lastname" data-provider="lastName" finished-at="2018-08-14T09:56:09Z">
          <params>
            <param index="0">
              <value>
                <![CDATA[Ив.ан]]>
              </value>
            </param>
            <param index="1">
              <value>
                <![CDATA[false]]>
              </value>
            </param>
          </params>
          <reporter-output>
          </reporter-output>
        </test-method> <!-- verifylastName -->
        <test-method status="PASS" signature="verifylastName(java.lang.String, boolean)[pri:17, instance:uiTest.Profile@6ef888f6]" name="verifylastName" duration-ms="246" started-at="2018-08-14T09:56:10Z" description="check different Lastname" data-provider="lastName" finished-at="2018-08-14T09:56:10Z">
          <params>
            <param index="0">
              <value>
                <![CDATA[Иван123]]>
              </value>
            </param>
            <param index="1">
              <value>
                <![CDATA[false]]>
              </value>
            </param>
          </params>
          <reporter-output>
          </reporter-output>
        </test-method> <!-- verifylastName -->
        <test-method status="PASS" signature="verifylastName(java.lang.String, boolean)[pri:17, instance:uiTest.Profile@6ef888f6]" name="verifylastName" duration-ms="274" started-at="2018-08-14T09:56:10Z" description="check different Lastname" data-provider="lastName" finished-at="2018-08-14T09:56:10Z">
          <params>
            <param index="0">
              <value>
                <![CDATA[Иванович]]>
              </value>
            </param>
            <param index="1">
              <value>
                <![CDATA[true]]>
              </value>
            </param>
          </params>
          <reporter-output>
          </reporter-output>
        </test-method> <!-- verifylastName -->
        <test-method status="PASS" signature="reviewHintMessage()[pri:18, instance:uiTest.Profile@6ef888f6]" name="reviewHintMessage" duration-ms="126" started-at="2018-08-14T09:56:11Z" description="review Hint Message" finished-at="2018-08-14T09:56:11Z">
          <reporter-output>
          </reporter-output>
        </test-method> <!-- reviewHintMessage -->
        <test-method status="PASS" signature="verifyChangePassword(java.lang.String, boolean)[pri:21, instance:uiTest.Profile@6ef888f6]" name="verifyChangePassword" duration-ms="592" started-at="2018-08-14T09:56:11Z" description="verify Change Password" data-provider="newPassword" finished-at="2018-08-14T09:56:12Z">
          <params>
            <param index="0">
              <value>
                <![CDATA[Bad Password]]>
              </value>
            </param>
            <param index="1">
              <value>
                <![CDATA[false]]>
              </value>
            </param>
          </params>
          <reporter-output>
          </reporter-output>
        </test-method> <!-- verifyChangePassword -->
        <test-method status="PASS" signature="verifyChangePassword(java.lang.String, boolean)[pri:21, instance:uiTest.Profile@6ef888f6]" name="verifyChangePassword" duration-ms="415" started-at="2018-08-14T09:56:12Z" description="verify Change Password" data-provider="newPassword" finished-at="2018-08-14T09:56:13Z">
          <params>
            <param index="0">
              <value>
                <![CDATA[password123]]>
              </value>
            </param>
            <param index="1">
              <value>
                <![CDATA[false]]>
              </value>
            </param>
          </params>
          <reporter-output>
          </reporter-output>
        </test-method> <!-- verifyChangePassword -->
        <test-method status="PASS" signature="verifyChangePassword(java.lang.String, boolean)[pri:21, instance:uiTest.Profile@6ef888f6]" name="verifyChangePassword" duration-ms="331" started-at="2018-08-14T09:56:13Z" description="verify Change Password" data-provider="newPassword" finished-at="2018-08-14T09:56:13Z">
          <params>
            <param index="0">
              <value>
                <![CDATA[ 12345]]>
              </value>
            </param>
            <param index="1">
              <value>
                <![CDATA[false]]>
              </value>
            </param>
          </params>
          <reporter-output>
          </reporter-output>
        </test-method> <!-- verifyChangePassword -->
        <test-method status="PASS" signature="verifyChangePassword(java.lang.String, boolean)[pri:21, instance:uiTest.Profile@6ef888f6]" name="verifyChangePassword" duration-ms="657" started-at="2018-08-14T09:56:14Z" description="verify Change Password" data-provider="newPassword" finished-at="2018-08-14T09:56:14Z">
          <params>
            <param index="0">
              <value>
                <![CDATA[!@#$%^&*()_+=-<>,.`~]]>
              </value>
            </param>
            <param index="1">
              <value>
                <![CDATA[false]]>
              </value>
            </param>
          </params>
          <reporter-output>
          </reporter-output>
        </test-method> <!-- verifyChangePassword -->
        <test-method status="PASS" signature="verifyChangePassword(java.lang.String, boolean)[pri:21, instance:uiTest.Profile@6ef888f6]" name="verifyChangePassword" duration-ms="510" started-at="2018-08-14T09:56:15Z" description="verify Change Password" data-provider="newPassword" finished-at="2018-08-14T09:56:15Z">
          <params>
            <param index="0">
              <value>
                <![CDATA[парольнарусском]]>
              </value>
            </param>
            <param index="1">
              <value>
                <![CDATA[false]]>
              </value>
            </param>
          </params>
          <reporter-output>
          </reporter-output>
        </test-method> <!-- verifyChangePassword -->
        <test-method status="PASS" signature="verifyChangePassword(java.lang.String, boolean)[pri:21, instance:uiTest.Profile@6ef888f6]" name="verifyChangePassword" duration-ms="828" started-at="2018-08-14T09:56:16Z" description="verify Change Password" data-provider="newPassword" finished-at="2018-08-14T09:56:16Z">
          <params>
            <param index="0">
              <value>
                <![CDATA[0123456789012345678901234]]>
              </value>
            </param>
            <param index="1">
              <value>
                <![CDATA[false]]>
              </value>
            </param>
          </params>
          <reporter-output>
          </reporter-output>
        </test-method> <!-- verifyChangePassword -->
        <test-method status="PASS" signature="verifyChangePassword(java.lang.String, boolean)[pri:21, instance:uiTest.Profile@6ef888f6]" name="verifyChangePassword" duration-ms="351" started-at="2018-08-14T09:56:17Z" description="verify Change Password" data-provider="newPassword" finished-at="2018-08-14T09:56:17Z">
          <params>
            <param index="0">
              <value>
                <![CDATA[123456]]>
              </value>
            </param>
            <param index="1">
              <value>
                <![CDATA[true]]>
              </value>
            </param>
          </params>
          <reporter-output>
          </reporter-output>
        </test-method> <!-- verifyChangePassword -->
        <test-method status="PASS" signature="verifyConfirmPassword(java.lang.String, java.lang.String)[pri:22, instance:uiTest.Profile@6ef888f6]" name="verifyConfirmPassword" duration-ms="3660" started-at="2018-08-14T09:56:18Z" description="verify Confirm Password" data-provider="confirmPassword" finished-at="2018-08-14T09:56:21Z">
          <params>
            <param index="0">
              <value>
                <![CDATA[testtest]]>
              </value>
            </param>
            <param index="1">
              <value>
                <![CDATA[test12345]]>
              </value>
            </param>
          </params>
          <reporter-output>
          </reporter-output>
        </test-method> <!-- verifyConfirmPassword -->
        <test-method status="PASS" signature="verifyConfirmPassword(java.lang.String, java.lang.String)[pri:22, instance:uiTest.Profile@6ef888f6]" name="verifyConfirmPassword" duration-ms="3589" started-at="2018-08-14T09:56:22Z" description="verify Confirm Password" data-provider="confirmPassword" finished-at="2018-08-14T09:56:25Z">
          <params>
            <param index="0">
              <value>
                <![CDATA[testtest]]>
              </value>
            </param>
            <param index="1">
              <value>
                <![CDATA[testtest]]>
              </value>
            </param>
          </params>
          <reporter-output>
          </reporter-output>
        </test-method> <!-- verifyConfirmPassword -->
        <test-method status="PASS" signature="changePassword()[pri:23, instance:uiTest.Profile@6ef888f6]" name="changePassword" duration-ms="734" started-at="2018-08-14T09:56:25Z" description="change Password" finished-at="2018-08-14T09:56:26Z">
          <reporter-output>
          </reporter-output>
        </test-method> <!-- changePassword -->
        <test-method status="PASS" signature="finish()[pri:0, instance:uiTest.Profile@6ef888f6]" name="finish" is-config="true" duration-ms="87" started-at="2018-08-14T09:56:27Z" finished-at="2018-08-14T09:56:27Z">
          <reporter-output>
          </reporter-output>
        </test-method> <!-- finish -->
      </class> <!-- uiTest.Profile -->
    </test> <!-- Profile -->
    <test name="MyApplication" duration-ms="120821" started-at="2018-08-14T09:56:27Z" finished-at="2018-08-14T09:58:28Z">
      <class name="uiTest.MyApplication">
        <test-method status="PASS" signature="setUp(java.lang.String)[pri:0, instance:uiTest.MyApplication@22a637e7]" name="setUp" is-config="true" duration-ms="208" started-at="2018-08-14T09:56:27Z" finished-at="2018-08-14T09:56:27Z">
          <params>
            <param index="0">
              <value>
                <![CDATA[linux]]>
              </value>
            </param>
          </params>
          <reporter-output>
          </reporter-output>
        </test-method> <!-- setUp -->
        <test-method status="PASS" signature="initPages()[pri:0, instance:uiTest.MyApplication@22a637e7]" name="initPages" is-config="true" duration-ms="8" started-at="2018-08-14T09:56:27Z" finished-at="2018-08-14T09:56:27Z">
          <reporter-output>
          </reporter-output>
        </test-method> <!-- initPages -->
        <test-method status="PASS" signature="login()[pri:-1, instance:uiTest.MyApplication@22a637e7]" name="login" duration-ms="4180" started-at="2018-08-14T09:56:27Z" description="Go to my applications" finished-at="2018-08-14T09:56:31Z">
          <reporter-output>
          </reporter-output>
        </test-method> <!-- login -->
        <test-method status="PASS" signature="reviewAppInTheWork()[pri:1, instance:uiTest.MyApplication@22a637e7]" name="reviewAppInTheWork" duration-ms="8475" started-at="2018-08-14T09:56:32Z" description="Detail view application in the work" finished-at="2018-08-14T09:56:40Z">
          <reporter-output>
          </reporter-output>
        </test-method> <!-- reviewAppInTheWork -->
        <test-method status="SKIP" signature="updateAppWaitForPay()[pri:2, instance:uiTest.MyApplication@22a637e7]" name="updateAppWaitForPay" duration-ms="1050" started-at="2018-08-14T09:56:41Z" description="update App Wait For Pay" finished-at="2018-08-14T09:56:42Z">
          <exception class="org.openqa.selenium.StaleElementReferenceException">
            <message>
              <![CDATA[stale element reference: element is not attached to the page document
  (Session info: headless chrome=68.0.3440.106)
  (Driver info: chromedriver=2.38.552522 (437e6fbedfa8762dec75e2c5b3ddb86763dc9dcb),platform=Linux 4.9.87-linuxkit-aufs x86_64) (WARNING: The server did not provide any stacktrace information)
Command duration or timeout: 0 milliseconds
For documentation on this error, please visit: http://seleniumhq.org/exceptions/stale_element_reference.html
Build info: version: '3.8.1', revision: '6e95a6684b', time: '2017-12-01T18:33:54.468Z'
System info: host: '20dddad52158', ip: '172.17.0.2', os.name: 'Linux', os.arch: 'amd64', os.version: '4.9.87-linuxkit-aufs', java.version: '1.8.0_171'
Driver info: org.openqa.selenium.chrome.ChromeDriver
Capabilities {acceptInsecureCerts: false, acceptSslCerts: false, applicationCacheEnabled: false, browserConnectionEnabled: false, browserName: chrome, chrome: {chromedriverVersion: 2.38.552522 (437e6fbedfa876..., userDataDir: /tmp/.org.chromium.Chromium...}, cssSelectorsEnabled: true, databaseEnabled: false, handlesAlerts: true, hasTouchScreen: false, javascriptEnabled: true, locationContextEnabled: true, mobileEmulationEnabled: false, nativeEvents: true, networkConnectionEnabled: false, pageLoadStrategy: normal, platform: LINUX, platformName: LINUX, rotatable: false, setWindowRect: true, takesHeapSnapshot: true, takesScreenshot: true, unexpectedAlertBehaviour: , unhandledPromptBehavior: , version: 68.0.3440.106, webStorageEnabled: true}
Session ID: 14eaba788c44f8c0cdf6bebaaabed2ff]]>
            </message>
            <full-stacktrace>
              <![CDATA[org.openqa.selenium.StaleElementReferenceException: stale element reference: element is not attached to the page document
  (Session info: headless chrome=68.0.3440.106)
  (Driver info: chromedriver=2.38.552522 (437e6fbedfa8762dec75e2c5b3ddb86763dc9dcb),platform=Linux 4.9.87-linuxkit-aufs x86_64) (WARNING: The server did not provide any stacktrace information)
Command duration or timeout: 0 milliseconds
For documentation on this error, please visit: http://seleniumhq.org/exceptions/stale_element_reference.html
Build info: version: '3.8.1', revision: '6e95a6684b', time: '2017-12-01T18:33:54.468Z'
System info: host: '20dddad52158', ip: '172.17.0.2', os.name: 'Linux', os.arch: 'amd64', os.version: '4.9.87-linuxkit-aufs', java.version: '1.8.0_171'
Driver info: org.openqa.selenium.chrome.ChromeDriver
Capabilities {acceptInsecureCerts: false, acceptSslCerts: false, applicationCacheEnabled: false, browserConnectionEnabled: false, browserName: chrome, chrome: {chromedriverVersion: 2.38.552522 (437e6fbedfa876..., userDataDir: /tmp/.org.chromium.Chromium...}, cssSelectorsEnabled: true, databaseEnabled: false, handlesAlerts: true, hasTouchScreen: false, javascriptEnabled: true, locationContextEnabled: true, mobileEmulationEnabled: false, nativeEvents: true, networkConnectionEnabled: false, pageLoadStrategy: normal, platform: LINUX, platformName: LINUX, rotatable: false, setWindowRect: true, takesHeapSnapshot: true, takesScreenshot: true, unexpectedAlertBehaviour: , unhandledPromptBehavior: , version: 68.0.3440.106, webStorageEnabled: true}
Session ID: 14eaba788c44f8c0cdf6bebaaabed2ff
at sun.reflect.NativeConstructorAccessorImpl.newInstance0(Native Method)
at sun.reflect.NativeConstructorAccessorImpl.newInstance(NativeConstructorAccessorImpl.java:62)
at sun.reflect.DelegatingConstructorAccessorImpl.newInstance(DelegatingConstructorAccessorImpl.java:45)
at java.lang.reflect.Constructor.newInstance(Constructor.java:423)
at org.openqa.selenium.remote.ErrorHandler.createThrowable(ErrorHandler.java:214)
at org.openqa.selenium.remote.ErrorHandler.throwIfResponseFailed(ErrorHandler.java:166)
at org.openqa.selenium.remote.http.JsonHttpResponseCodec.reconstructValue(JsonHttpResponseCodec.java:40)
at org.openqa.selenium.remote.http.AbstractHttpResponseCodec.decode(AbstractHttpResponseCodec.java:80)
at org.openqa.selenium.remote.http.AbstractHttpResponseCodec.decode(AbstractHttpResponseCodec.java:44)
at org.openqa.selenium.remote.HttpCommandExecutor.execute(HttpCommandExecutor.java:164)
at org.openqa.selenium.remote.service.DriverCommandExecutor.execute(DriverCommandExecutor.java:83)
at org.openqa.selenium.remote.RemoteWebDriver.execute(RemoteWebDriver.java:601)
at org.openqa.selenium.remote.RemoteWebElement.execute(RemoteWebElement.java:279)
at org.openqa.selenium.remote.RemoteWebElement.click(RemoteWebElement.java:83)
at sun.reflect.GeneratedMethodAccessor1.invoke(Unknown Source)
at sun.reflect.DelegatingMethodAccessorImpl.invoke(DelegatingMethodAccessorImpl.java:43)
at java.lang.reflect.Method.invoke(Method.java:498)
at org.openqa.selenium.support.pagefactory.internal.LocatingElementHandler.invoke(LocatingElementHandler.java:51)
at com.sun.proxy.$Proxy25.click(Unknown Source)
at mainPackage.ui.MyApplicationsPage.updateAppWaitForPay(MyApplicationsPage.java:251)
at uiTest.MyApplication.updateAppWaitForPay(MyApplication.java:40)
at sun.reflect.NativeMethodAccessorImpl.invoke0(Native Method)
at sun.reflect.NativeMethodAccessorImpl.invoke(NativeMethodAccessorImpl.java:62)
at sun.reflect.DelegatingMethodAccessorImpl.invoke(DelegatingMethodAccessorImpl.java:43)
at java.lang.reflect.Method.invoke(Method.java:498)
at org.testng.internal.MethodInvocationHelper.invokeMethod(MethodInvocationHelper.java:124)
at org.testng.internal.Invoker.invokeMethod(Invoker.java:583)
at org.testng.internal.Invoker.invokeTestMethod(Invoker.java:719)
at org.testng.internal.Invoker.invokeTestMethods(Invoker.java:989)
at org.testng.internal.TestMethodWorker.invokeTestMethods(TestMethodWorker.java:125)
at org.testng.internal.TestMethodWorker.run(TestMethodWorker.java:109)
at org.testng.TestRunner.privateRun(TestRunner.java:648)
at org.testng.TestRunner.run(TestRunner.java:505)
at org.testng.SuiteRunner.runTest(SuiteRunner.java:455)
at org.testng.SuiteRunner.runSequentially(SuiteRunner.java:450)
at org.testng.SuiteRunner.privateRun(SuiteRunner.java:415)
at org.testng.SuiteRunner.run(SuiteRunner.java:364)
at org.testng.SuiteRunnerWorker.runSuite(SuiteRunnerWorker.java:52)
at org.testng.SuiteRunnerWorker.run(SuiteRunnerWorker.java:84)
at org.testng.TestNG.runSuitesSequentially(TestNG.java:1208)
at org.testng.TestNG.runSuitesLocally(TestNG.java:1137)
at org.testng.TestNG.runSuites(TestNG.java:1049)
at org.testng.TestNG.run(TestNG.java:1017)
at org.apache.maven.surefire.testng.TestNGExecutor.run(TestNGExecutor.java:178)
at org.apache.maven.surefire.testng.TestNGXmlTestSuite.execute(TestNGXmlTestSuite.java:92)
at org.apache.maven.surefire.testng.TestNGProvider.invoke(TestNGProvider.java:96)
at sun.reflect.NativeMethodAccessorImpl.invoke0(Native Method)
at sun.reflect.NativeMethodAccessorImpl.invoke(NativeMethodAccessorImpl.java:62)
at sun.reflect.DelegatingMethodAccessorImpl.invoke(DelegatingMethodAccessorImpl.java:43)
at java.lang.reflect.Method.invoke(Method.java:498)
at org.apache.maven.surefire.util.ReflectionUtils.invokeMethodWithArray2(ReflectionUtils.java:208)
at org.apache.maven.surefire.booter.ProviderFactory$ProviderProxy.invoke(ProviderFactory.java:159)
at org.apache.maven.surefire.booter.ProviderFactory.invokeProvider(ProviderFactory.java:87)
at org.apache.maven.surefire.booter.ForkedBooter.runSuitesInProcess(ForkedBooter.java:153)
at org.apache.maven.surefire.booter.ForkedBooter.main(ForkedBooter.java:95)
]]>
            </full-stacktrace>
          </exception> <!-- org.openqa.selenium.StaleElementReferenceException -->
          <reporter-output>
          </reporter-output>
        </test-method> <!-- updateAppWaitForPay -->
        <test-method status="PASS" signature="updateAppWaitForPay()[pri:2, instance:uiTest.MyApplication@22a637e7]" name="updateAppWaitForPay" duration-ms="15353" started-at="2018-08-14T09:56:42Z" description="update App Wait For Pay" finished-at="2018-08-14T09:56:57Z">
          <reporter-output>
          </reporter-output>
        </test-method> <!-- updateAppWaitForPay -->
        <test-method status="SKIP" signature="downloadAttachment()[pri:3, instance:uiTest.MyApplication@22a637e7]" name="downloadAttachment" duration-ms="1506" started-at="2018-08-14T09:56:57Z" description="download Attachment from preview in work Doc" finished-at="2018-08-14T09:56:59Z">
          <exception class="org.openqa.selenium.StaleElementReferenceException">
            <message>
              <![CDATA[stale element reference: element is not attached to the page document
  (Session info: headless chrome=68.0.3440.106)
  (Driver info: chromedriver=2.38.552522 (437e6fbedfa8762dec75e2c5b3ddb86763dc9dcb),platform=Linux 4.9.87-linuxkit-aufs x86_64) (WARNING: The server did not provide any stacktrace information)
Command duration or timeout: 0 milliseconds
For documentation on this error, please visit: http://seleniumhq.org/exceptions/stale_element_reference.html
Build info: version: '3.8.1', revision: '6e95a6684b', time: '2017-12-01T18:33:54.468Z'
System info: host: '20dddad52158', ip: '172.17.0.2', os.name: 'Linux', os.arch: 'amd64', os.version: '4.9.87-linuxkit-aufs', java.version: '1.8.0_171'
Driver info: org.openqa.selenium.chrome.ChromeDriver
Capabilities {acceptInsecureCerts: false, acceptSslCerts: false, applicationCacheEnabled: false, browserConnectionEnabled: false, browserName: chrome, chrome: {chromedriverVersion: 2.38.552522 (437e6fbedfa876..., userDataDir: /tmp/.org.chromium.Chromium...}, cssSelectorsEnabled: true, databaseEnabled: false, handlesAlerts: true, hasTouchScreen: false, javascriptEnabled: true, locationContextEnabled: true, mobileEmulationEnabled: false, nativeEvents: true, networkConnectionEnabled: false, pageLoadStrategy: normal, platform: LINUX, platformName: LINUX, rotatable: false, setWindowRect: true, takesHeapSnapshot: true, takesScreenshot: true, unexpectedAlertBehaviour: , unhandledPromptBehavior: , version: 68.0.3440.106, webStorageEnabled: true}
Session ID: 14eaba788c44f8c0cdf6bebaaabed2ff]]>
            </message>
            <full-stacktrace>
              <![CDATA[org.openqa.selenium.StaleElementReferenceException: stale element reference: element is not attached to the page document
  (Session info: headless chrome=68.0.3440.106)
  (Driver info: chromedriver=2.38.552522 (437e6fbedfa8762dec75e2c5b3ddb86763dc9dcb),platform=Linux 4.9.87-linuxkit-aufs x86_64) (WARNING: The server did not provide any stacktrace information)
Command duration or timeout: 0 milliseconds
For documentation on this error, please visit: http://seleniumhq.org/exceptions/stale_element_reference.html
Build info: version: '3.8.1', revision: '6e95a6684b', time: '2017-12-01T18:33:54.468Z'
System info: host: '20dddad52158', ip: '172.17.0.2', os.name: 'Linux', os.arch: 'amd64', os.version: '4.9.87-linuxkit-aufs', java.version: '1.8.0_171'
Driver info: org.openqa.selenium.chrome.ChromeDriver
Capabilities {acceptInsecureCerts: false, acceptSslCerts: false, applicationCacheEnabled: false, browserConnectionEnabled: false, browserName: chrome, chrome: {chromedriverVersion: 2.38.552522 (437e6fbedfa876..., userDataDir: /tmp/.org.chromium.Chromium...}, cssSelectorsEnabled: true, databaseEnabled: false, handlesAlerts: true, hasTouchScreen: false, javascriptEnabled: true, locationContextEnabled: true, mobileEmulationEnabled: false, nativeEvents: true, networkConnectionEnabled: false, pageLoadStrategy: normal, platform: LINUX, platformName: LINUX, rotatable: false, setWindowRect: true, takesHeapSnapshot: true, takesScreenshot: true, unexpectedAlertBehaviour: , unhandledPromptBehavior: , version: 68.0.3440.106, webStorageEnabled: true}
Session ID: 14eaba788c44f8c0cdf6bebaaabed2ff
at sun.reflect.NativeConstructorAccessorImpl.newInstance0(Native Method)
at sun.reflect.NativeConstructorAccessorImpl.newInstance(NativeConstructorAccessorImpl.java:62)
at sun.reflect.DelegatingConstructorAccessorImpl.newInstance(DelegatingConstructorAccessorImpl.java:45)
at java.lang.reflect.Constructor.newInstance(Constructor.java:423)
at org.openqa.selenium.remote.ErrorHandler.createThrowable(ErrorHandler.java:214)
at org.openqa.selenium.remote.ErrorHandler.throwIfResponseFailed(ErrorHandler.java:166)
at org.openqa.selenium.remote.http.JsonHttpResponseCodec.reconstructValue(JsonHttpResponseCodec.java:40)
at org.openqa.selenium.remote.http.AbstractHttpResponseCodec.decode(AbstractHttpResponseCodec.java:80)
at org.openqa.selenium.remote.http.AbstractHttpResponseCodec.decode(AbstractHttpResponseCodec.java:44)
at org.openqa.selenium.remote.HttpCommandExecutor.execute(HttpCommandExecutor.java:164)
at org.openqa.selenium.remote.service.DriverCommandExecutor.execute(DriverCommandExecutor.java:83)
at org.openqa.selenium.remote.RemoteWebDriver.execute(RemoteWebDriver.java:601)
at org.openqa.selenium.remote.RemoteWebElement.execute(RemoteWebElement.java:279)
at org.openqa.selenium.remote.RemoteWebElement.click(RemoteWebElement.java:83)
at sun.reflect.GeneratedMethodAccessor1.invoke(Unknown Source)
at sun.reflect.DelegatingMethodAccessorImpl.invoke(DelegatingMethodAccessorImpl.java:43)
at java.lang.reflect.Method.invoke(Method.java:498)
at org.openqa.selenium.support.pagefactory.internal.LocatingElementHandler.invoke(LocatingElementHandler.java:51)
at com.sun.proxy.$Proxy25.click(Unknown Source)
at mainPackage.ui.MyApplicationsPage.downloadAttachment(MyApplicationsPage.java:286)
at uiTest.MyApplication.downloadAttachment(MyApplication.java:45)
at sun.reflect.NativeMethodAccessorImpl.invoke0(Native Method)
at sun.reflect.NativeMethodAccessorImpl.invoke(NativeMethodAccessorImpl.java:62)
at sun.reflect.DelegatingMethodAccessorImpl.invoke(DelegatingMethodAccessorImpl.java:43)
at java.lang.reflect.Method.invoke(Method.java:498)
at org.testng.internal.MethodInvocationHelper.invokeMethod(MethodInvocationHelper.java:124)
at org.testng.internal.Invoker.invokeMethod(Invoker.java:583)
at org.testng.internal.Invoker.invokeTestMethod(Invoker.java:719)
at org.testng.internal.Invoker.invokeTestMethods(Invoker.java:989)
at org.testng.internal.TestMethodWorker.invokeTestMethods(TestMethodWorker.java:125)
at org.testng.internal.TestMethodWorker.run(TestMethodWorker.java:109)
at org.testng.TestRunner.privateRun(TestRunner.java:648)
at org.testng.TestRunner.run(TestRunner.java:505)
at org.testng.SuiteRunner.runTest(SuiteRunner.java:455)
at org.testng.SuiteRunner.runSequentially(SuiteRunner.java:450)
at org.testng.SuiteRunner.privateRun(SuiteRunner.java:415)
at org.testng.SuiteRunner.run(SuiteRunner.java:364)
at org.testng.SuiteRunnerWorker.runSuite(SuiteRunnerWorker.java:52)
at org.testng.SuiteRunnerWorker.run(SuiteRunnerWorker.java:84)
at org.testng.TestNG.runSuitesSequentially(TestNG.java:1208)
at org.testng.TestNG.runSuitesLocally(TestNG.java:1137)
at org.testng.TestNG.runSuites(TestNG.java:1049)
at org.testng.TestNG.run(TestNG.java:1017)
at org.apache.maven.surefire.testng.TestNGExecutor.run(TestNGExecutor.java:178)
at org.apache.maven.surefire.testng.TestNGXmlTestSuite.execute(TestNGXmlTestSuite.java:92)
at org.apache.maven.surefire.testng.TestNGProvider.invoke(TestNGProvider.java:96)
at sun.reflect.NativeMethodAccessorImpl.invoke0(Native Method)
at sun.reflect.NativeMethodAccessorImpl.invoke(NativeMethodAccessorImpl.java:62)
at sun.reflect.DelegatingMethodAccessorImpl.invoke(DelegatingMethodAccessorImpl.java:43)
at java.lang.reflect.Method.invoke(Method.java:498)
at org.apache.maven.surefire.util.ReflectionUtils.invokeMethodWithArray2(ReflectionUtils.java:208)
at org.apache.maven.surefire.booter.ProviderFactory$ProviderProxy.invoke(ProviderFactory.java:159)
at org.apache.maven.surefire.booter.ProviderFactory.invokeProvider(ProviderFactory.java:87)
at org.apache.maven.surefire.booter.ForkedBooter.runSuitesInProcess(ForkedBooter.java:153)
at org.apache.maven.surefire.booter.ForkedBooter.main(ForkedBooter.java:95)
]]>
            </full-stacktrace>
          </exception> <!-- org.openqa.selenium.StaleElementReferenceException -->
          <reporter-output>
          </reporter-output>
        </test-method> <!-- downloadAttachment -->
        <test-method status="PASS" signature="downloadAttachment()[pri:3, instance:uiTest.MyApplication@22a637e7]" name="downloadAttachment" duration-ms="10902" started-at="2018-08-14T09:56:59Z" description="download Attachment from preview in work Doc" finished-at="2018-08-14T09:57:10Z">
          <reporter-output>
          </reporter-output>
        </test-method> <!-- downloadAttachment -->
        <test-method status="PASS" signature="downloadAttachmentPopUp()[pri:4, instance:uiTest.MyApplication@22a637e7]" name="downloadAttachmentPopUp" duration-ms="2103" started-at="2018-08-14T09:57:10Z" description="download Attachment when edit app" finished-at="2018-08-14T09:57:12Z">
          <reporter-output>
          </reporter-output>
        </test-method> <!-- downloadAttachmentPopUp -->
        <test-method status="SKIP" signature="rejectedAppToArchive()[pri:6, instance:uiTest.MyApplication@22a637e7]" name="rejectedAppToArchive" duration-ms="968" started-at="2018-08-14T09:57:13Z" description="rejected App To Archive" finished-at="2018-08-14T09:57:14Z">
          <exception class="org.openqa.selenium.StaleElementReferenceException">
            <message>
              <![CDATA[stale element reference: element is not attached to the page document
  (Session info: headless chrome=68.0.3440.106)
  (Driver info: chromedriver=2.38.552522 (437e6fbedfa8762dec75e2c5b3ddb86763dc9dcb),platform=Linux 4.9.87-linuxkit-aufs x86_64) (WARNING: The server did not provide any stacktrace information)
Command duration or timeout: 0 milliseconds
For documentation on this error, please visit: http://seleniumhq.org/exceptions/stale_element_reference.html
Build info: version: '3.8.1', revision: '6e95a6684b', time: '2017-12-01T18:33:54.468Z'
System info: host: '20dddad52158', ip: '172.17.0.2', os.name: 'Linux', os.arch: 'amd64', os.version: '4.9.87-linuxkit-aufs', java.version: '1.8.0_171'
Driver info: org.openqa.selenium.chrome.ChromeDriver
Capabilities {acceptInsecureCerts: false, acceptSslCerts: false, applicationCacheEnabled: false, browserConnectionEnabled: false, browserName: chrome, chrome: {chromedriverVersion: 2.38.552522 (437e6fbedfa876..., userDataDir: /tmp/.org.chromium.Chromium...}, cssSelectorsEnabled: true, databaseEnabled: false, handlesAlerts: true, hasTouchScreen: false, javascriptEnabled: true, locationContextEnabled: true, mobileEmulationEnabled: false, nativeEvents: true, networkConnectionEnabled: false, pageLoadStrategy: normal, platform: LINUX, platformName: LINUX, rotatable: false, setWindowRect: true, takesHeapSnapshot: true, takesScreenshot: true, unexpectedAlertBehaviour: , unhandledPromptBehavior: , version: 68.0.3440.106, webStorageEnabled: true}
Session ID: 14eaba788c44f8c0cdf6bebaaabed2ff]]>
            </message>
            <full-stacktrace>
              <![CDATA[org.openqa.selenium.StaleElementReferenceException: stale element reference: element is not attached to the page document
  (Session info: headless chrome=68.0.3440.106)
  (Driver info: chromedriver=2.38.552522 (437e6fbedfa8762dec75e2c5b3ddb86763dc9dcb),platform=Linux 4.9.87-linuxkit-aufs x86_64) (WARNING: The server did not provide any stacktrace information)
Command duration or timeout: 0 milliseconds
For documentation on this error, please visit: http://seleniumhq.org/exceptions/stale_element_reference.html
Build info: version: '3.8.1', revision: '6e95a6684b', time: '2017-12-01T18:33:54.468Z'
System info: host: '20dddad52158', ip: '172.17.0.2', os.name: 'Linux', os.arch: 'amd64', os.version: '4.9.87-linuxkit-aufs', java.version: '1.8.0_171'
Driver info: org.openqa.selenium.chrome.ChromeDriver
Capabilities {acceptInsecureCerts: false, acceptSslCerts: false, applicationCacheEnabled: false, browserConnectionEnabled: false, browserName: chrome, chrome: {chromedriverVersion: 2.38.552522 (437e6fbedfa876..., userDataDir: /tmp/.org.chromium.Chromium...}, cssSelectorsEnabled: true, databaseEnabled: false, handlesAlerts: true, hasTouchScreen: false, javascriptEnabled: true, locationContextEnabled: true, mobileEmulationEnabled: false, nativeEvents: true, networkConnectionEnabled: false, pageLoadStrategy: normal, platform: LINUX, platformName: LINUX, rotatable: false, setWindowRect: true, takesHeapSnapshot: true, takesScreenshot: true, unexpectedAlertBehaviour: , unhandledPromptBehavior: , version: 68.0.3440.106, webStorageEnabled: true}
Session ID: 14eaba788c44f8c0cdf6bebaaabed2ff
at sun.reflect.NativeConstructorAccessorImpl.newInstance0(Native Method)
at sun.reflect.NativeConstructorAccessorImpl.newInstance(NativeConstructorAccessorImpl.java:62)
at sun.reflect.DelegatingConstructorAccessorImpl.newInstance(DelegatingConstructorAccessorImpl.java:45)
at java.lang.reflect.Constructor.newInstance(Constructor.java:423)
at org.openqa.selenium.remote.ErrorHandler.createThrowable(ErrorHandler.java:214)
at org.openqa.selenium.remote.ErrorHandler.throwIfResponseFailed(ErrorHandler.java:166)
at org.openqa.selenium.remote.http.JsonHttpResponseCodec.reconstructValue(JsonHttpResponseCodec.java:40)
at org.openqa.selenium.remote.http.AbstractHttpResponseCodec.decode(AbstractHttpResponseCodec.java:80)
at org.openqa.selenium.remote.http.AbstractHttpResponseCodec.decode(AbstractHttpResponseCodec.java:44)
at org.openqa.selenium.remote.HttpCommandExecutor.execute(HttpCommandExecutor.java:164)
at org.openqa.selenium.remote.service.DriverCommandExecutor.execute(DriverCommandExecutor.java:83)
at org.openqa.selenium.remote.RemoteWebDriver.execute(RemoteWebDriver.java:601)
at org.openqa.selenium.remote.RemoteWebElement.execute(RemoteWebElement.java:279)
at org.openqa.selenium.remote.RemoteWebElement.click(RemoteWebElement.java:83)
at sun.reflect.GeneratedMethodAccessor1.invoke(Unknown Source)
at sun.reflect.DelegatingMethodAccessorImpl.invoke(DelegatingMethodAccessorImpl.java:43)
at java.lang.reflect.Method.invoke(Method.java:498)
at org.openqa.selenium.support.pagefactory.internal.LocatingElementHandler.invoke(LocatingElementHandler.java:51)
at com.sun.proxy.$Proxy25.click(Unknown Source)
at mainPackage.ui.MyApplicationsPage.createDocWaitForPay(MyApplicationsPage.java:163)
at mainPackage.ui.MyApplicationsPage.rejectedAppToArchive(MyApplicationsPage.java:364)
at uiTest.MyApplication.rejectedAppToArchive(MyApplication.java:61)
at sun.reflect.NativeMethodAccessorImpl.invoke0(Native Method)
at sun.reflect.NativeMethodAccessorImpl.invoke(NativeMethodAccessorImpl.java:62)
at sun.reflect.DelegatingMethodAccessorImpl.invoke(DelegatingMethodAccessorImpl.java:43)
at java.lang.reflect.Method.invoke(Method.java:498)
at org.testng.internal.MethodInvocationHelper.invokeMethod(MethodInvocationHelper.java:124)
at org.testng.internal.Invoker.invokeMethod(Invoker.java:583)
at org.testng.internal.Invoker.invokeTestMethod(Invoker.java:719)
at org.testng.internal.Invoker.invokeTestMethods(Invoker.java:989)
at org.testng.internal.TestMethodWorker.invokeTestMethods(TestMethodWorker.java:125)
at org.testng.internal.TestMethodWorker.run(TestMethodWorker.java:109)
at org.testng.TestRunner.privateRun(TestRunner.java:648)
at org.testng.TestRunner.run(TestRunner.java:505)
at org.testng.SuiteRunner.runTest(SuiteRunner.java:455)
at org.testng.SuiteRunner.runSequentially(SuiteRunner.java:450)
at org.testng.SuiteRunner.privateRun(SuiteRunner.java:415)
at org.testng.SuiteRunner.run(SuiteRunner.java:364)
at org.testng.SuiteRunnerWorker.runSuite(SuiteRunnerWorker.java:52)
at org.testng.SuiteRunnerWorker.run(SuiteRunnerWorker.java:84)
at org.testng.TestNG.runSuitesSequentially(TestNG.java:1208)
at org.testng.TestNG.runSuitesLocally(TestNG.java:1137)
at org.testng.TestNG.runSuites(TestNG.java:1049)
at org.testng.TestNG.run(TestNG.java:1017)
at org.apache.maven.surefire.testng.TestNGExecutor.run(TestNGExecutor.java:178)
at org.apache.maven.surefire.testng.TestNGXmlTestSuite.execute(TestNGXmlTestSuite.java:92)
at org.apache.maven.surefire.testng.TestNGProvider.invoke(TestNGProvider.java:96)
at sun.reflect.NativeMethodAccessorImpl.invoke0(Native Method)
at sun.reflect.NativeMethodAccessorImpl.invoke(NativeMethodAccessorImpl.java:62)
at sun.reflect.DelegatingMethodAccessorImpl.invoke(DelegatingMethodAccessorImpl.java:43)
at java.lang.reflect.Method.invoke(Method.java:498)
at org.apache.maven.surefire.util.ReflectionUtils.invokeMethodWithArray2(ReflectionUtils.java:208)
at org.apache.maven.surefire.booter.ProviderFactory$ProviderProxy.invoke(ProviderFactory.java:159)
at org.apache.maven.surefire.booter.ProviderFactory.invokeProvider(ProviderFactory.java:87)
at org.apache.maven.surefire.booter.ForkedBooter.runSuitesInProcess(ForkedBooter.java:153)
at org.apache.maven.surefire.booter.ForkedBooter.main(ForkedBooter.java:95)
]]>
            </full-stacktrace>
          </exception> <!-- org.openqa.selenium.StaleElementReferenceException -->
          <reporter-output>
          </reporter-output>
        </test-method> <!-- rejectedAppToArchive -->
        <test-method status="PASS" signature="rejectedAppToArchive()[pri:6, instance:uiTest.MyApplication@22a637e7]" name="rejectedAppToArchive" duration-ms="9579" started-at="2018-08-14T09:57:14Z" description="rejected App To Archive" finished-at="2018-08-14T09:57:23Z">
          <reporter-output>
          </reporter-output>
        </test-method> <!-- rejectedAppToArchive -->
        <test-method status="PASS" signature="editAppWaitForPay()[pri:7, instance:uiTest.MyApplication@22a637e7]" name="editAppWaitForPay" duration-ms="12889" started-at="2018-08-14T09:57:24Z" description="edit App Wait for Pay" finished-at="2018-08-14T09:57:37Z">
          <reporter-output>
          </reporter-output>
        </test-method> <!-- editAppWaitForPay -->
        <test-method status="PASS" signature="downloadAttachWhenEditApp()[pri:8, instance:uiTest.MyApplication@22a637e7]" name="downloadAttachWhenEditApp" duration-ms="2269" started-at="2018-08-14T09:57:37Z" description="download Attach When Edit App" finished-at="2018-08-14T09:57:40Z">
          <reporter-output>
          </reporter-output>
        </test-method> <!-- downloadAttachWhenEditApp -->
        <test-method status="PASS" signature="deleteAllAttachWhenEdit()[pri:9, instance:uiTest.MyApplication@22a637e7]" name="deleteAllAttachWhenEdit" duration-ms="5768" started-at="2018-08-14T09:57:40Z" description="delete All Attach When Edit" finished-at="2018-08-14T09:57:46Z">
          <reporter-output>
          </reporter-output>
        </test-method> <!-- deleteAllAttachWhenEdit -->
        <test-method status="PASS" signature="cancelChangesEditApp()[pri:10, instance:uiTest.MyApplication@22a637e7]" name="cancelChangesEditApp" duration-ms="7715" started-at="2018-08-14T09:57:46Z" description="delete All Attach When Edit" finished-at="2018-08-14T09:57:54Z">
          <reporter-output>
          </reporter-output>
        </test-method> <!-- cancelChangesEditApp -->
        <test-method status="PASS" signature="successPaymentWhenWaitForPayDoc()[pri:11, instance:uiTest.MyApplication@22a637e7]" name="successPaymentWhenWaitForPayDoc" duration-ms="8892" started-at="2018-08-14T09:57:54Z" description="success Payment When Wait For Pay Doc" finished-at="2018-08-14T09:58:03Z">
          <reporter-output>
          </reporter-output>
        </test-method> <!-- successPaymentWhenWaitForPayDoc -->
        <test-method status="SKIP" signature="haveNotMoneyWhenWaitForPayDoc()[pri:12, instance:uiTest.MyApplication@22a637e7]" name="haveNotMoneyWhenWaitForPayDoc" duration-ms="3919" started-at="2018-08-14T09:58:03Z" description="have Not Money When Wait For Pay Doc" finished-at="2018-08-14T09:58:07Z">
          <exception class="org.openqa.selenium.StaleElementReferenceException">
            <message>
              <![CDATA[stale element reference: element is not attached to the page document
  (Session info: headless chrome=68.0.3440.106)
  (Driver info: chromedriver=2.38.552522 (437e6fbedfa8762dec75e2c5b3ddb86763dc9dcb),platform=Linux 4.9.87-linuxkit-aufs x86_64) (WARNING: The server did not provide any stacktrace information)
Command duration or timeout: 0 milliseconds
For documentation on this error, please visit: http://seleniumhq.org/exceptions/stale_element_reference.html
Build info: version: '3.8.1', revision: '6e95a6684b', time: '2017-12-01T18:33:54.468Z'
System info: host: '20dddad52158', ip: '172.17.0.2', os.name: 'Linux', os.arch: 'amd64', os.version: '4.9.87-linuxkit-aufs', java.version: '1.8.0_171'
Driver info: org.openqa.selenium.chrome.ChromeDriver
Capabilities {acceptInsecureCerts: false, acceptSslCerts: false, applicationCacheEnabled: false, browserConnectionEnabled: false, browserName: chrome, chrome: {chromedriverVersion: 2.38.552522 (437e6fbedfa876..., userDataDir: /tmp/.org.chromium.Chromium...}, cssSelectorsEnabled: true, databaseEnabled: false, handlesAlerts: true, hasTouchScreen: false, javascriptEnabled: true, locationContextEnabled: true, mobileEmulationEnabled: false, nativeEvents: true, networkConnectionEnabled: false, pageLoadStrategy: normal, platform: LINUX, platformName: LINUX, rotatable: false, setWindowRect: true, takesHeapSnapshot: true, takesScreenshot: true, unexpectedAlertBehaviour: , unhandledPromptBehavior: , version: 68.0.3440.106, webStorageEnabled: true}
Session ID: 14eaba788c44f8c0cdf6bebaaabed2ff]]>
            </message>
            <full-stacktrace>
              <![CDATA[org.openqa.selenium.StaleElementReferenceException: stale element reference: element is not attached to the page document
  (Session info: headless chrome=68.0.3440.106)
  (Driver info: chromedriver=2.38.552522 (437e6fbedfa8762dec75e2c5b3ddb86763dc9dcb),platform=Linux 4.9.87-linuxkit-aufs x86_64) (WARNING: The server did not provide any stacktrace information)
Command duration or timeout: 0 milliseconds
For documentation on this error, please visit: http://seleniumhq.org/exceptions/stale_element_reference.html
Build info: version: '3.8.1', revision: '6e95a6684b', time: '2017-12-01T18:33:54.468Z'
System info: host: '20dddad52158', ip: '172.17.0.2', os.name: 'Linux', os.arch: 'amd64', os.version: '4.9.87-linuxkit-aufs', java.version: '1.8.0_171'
Driver info: org.openqa.selenium.chrome.ChromeDriver
Capabilities {acceptInsecureCerts: false, acceptSslCerts: false, applicationCacheEnabled: false, browserConnectionEnabled: false, browserName: chrome, chrome: {chromedriverVersion: 2.38.552522 (437e6fbedfa876..., userDataDir: /tmp/.org.chromium.Chromium...}, cssSelectorsEnabled: true, databaseEnabled: false, handlesAlerts: true, hasTouchScreen: false, javascriptEnabled: true, locationContextEnabled: true, mobileEmulationEnabled: false, nativeEvents: true, networkConnectionEnabled: false, pageLoadStrategy: normal, platform: LINUX, platformName: LINUX, rotatable: false, setWindowRect: true, takesHeapSnapshot: true, takesScreenshot: true, unexpectedAlertBehaviour: , unhandledPromptBehavior: , version: 68.0.3440.106, webStorageEnabled: true}
Session ID: 14eaba788c44f8c0cdf6bebaaabed2ff
at sun.reflect.NativeConstructorAccessorImpl.newInstance0(Native Method)
at sun.reflect.NativeConstructorAccessorImpl.newInstance(NativeConstructorAccessorImpl.java:62)
at sun.reflect.DelegatingConstructorAccessorImpl.newInstance(DelegatingConstructorAccessorImpl.java:45)
at java.lang.reflect.Constructor.newInstance(Constructor.java:423)
at org.openqa.selenium.remote.ErrorHandler.createThrowable(ErrorHandler.java:214)
at org.openqa.selenium.remote.ErrorHandler.throwIfResponseFailed(ErrorHandler.java:166)
at org.openqa.selenium.remote.http.JsonHttpResponseCodec.reconstructValue(JsonHttpResponseCodec.java:40)
at org.openqa.selenium.remote.http.AbstractHttpResponseCodec.decode(AbstractHttpResponseCodec.java:80)
at org.openqa.selenium.remote.http.AbstractHttpResponseCodec.decode(AbstractHttpResponseCodec.java:44)
at org.openqa.selenium.remote.HttpCommandExecutor.execute(HttpCommandExecutor.java:164)
at org.openqa.selenium.remote.service.DriverCommandExecutor.execute(DriverCommandExecutor.java:83)
at org.openqa.selenium.remote.RemoteWebDriver.execute(RemoteWebDriver.java:601)
at org.openqa.selenium.remote.RemoteWebElement.execute(RemoteWebElement.java:279)
at org.openqa.selenium.remote.RemoteWebElement.click(RemoteWebElement.java:83)
at mainPackage.ui.MyApplicationsPage.logIn(MyApplicationsPage.java:234)
at mainPackage.ui.MyApplicationsPage.haveNotMoneyWhenWaitForPayDoc(MyApplicationsPage.java:508)
at uiTest.MyApplication.haveNotMoneyWhenWaitForPayDoc(MyApplication.java:92)
at sun.reflect.NativeMethodAccessorImpl.invoke0(Native Method)
at sun.reflect.NativeMethodAccessorImpl.invoke(NativeMethodAccessorImpl.java:62)
at sun.reflect.DelegatingMethodAccessorImpl.invoke(DelegatingMethodAccessorImpl.java:43)
at java.lang.reflect.Method.invoke(Method.java:498)
at org.testng.internal.MethodInvocationHelper.invokeMethod(MethodInvocationHelper.java:124)
at org.testng.internal.Invoker.invokeMethod(Invoker.java:583)
at org.testng.internal.Invoker.invokeTestMethod(Invoker.java:719)
at org.testng.internal.Invoker.invokeTestMethods(Invoker.java:989)
at org.testng.internal.TestMethodWorker.invokeTestMethods(TestMethodWorker.java:125)
at org.testng.internal.TestMethodWorker.run(TestMethodWorker.java:109)
at org.testng.TestRunner.privateRun(TestRunner.java:648)
at org.testng.TestRunner.run(TestRunner.java:505)
at org.testng.SuiteRunner.runTest(SuiteRunner.java:455)
at org.testng.SuiteRunner.runSequentially(SuiteRunner.java:450)
at org.testng.SuiteRunner.privateRun(SuiteRunner.java:415)
at org.testng.SuiteRunner.run(SuiteRunner.java:364)
at org.testng.SuiteRunnerWorker.runSuite(SuiteRunnerWorker.java:52)
at org.testng.SuiteRunnerWorker.run(SuiteRunnerWorker.java:84)
at org.testng.TestNG.runSuitesSequentially(TestNG.java:1208)
at org.testng.TestNG.runSuitesLocally(TestNG.java:1137)
at org.testng.TestNG.runSuites(TestNG.java:1049)
at org.testng.TestNG.run(TestNG.java:1017)
at org.apache.maven.surefire.testng.TestNGExecutor.run(TestNGExecutor.java:178)
at org.apache.maven.surefire.testng.TestNGXmlTestSuite.execute(TestNGXmlTestSuite.java:92)
at org.apache.maven.surefire.testng.TestNGProvider.invoke(TestNGProvider.java:96)
at sun.reflect.NativeMethodAccessorImpl.invoke0(Native Method)
at sun.reflect.NativeMethodAccessorImpl.invoke(NativeMethodAccessorImpl.java:62)
at sun.reflect.DelegatingMethodAccessorImpl.invoke(DelegatingMethodAccessorImpl.java:43)
at java.lang.reflect.Method.invoke(Method.java:498)
at org.apache.maven.surefire.util.ReflectionUtils.invokeMethodWithArray2(ReflectionUtils.java:208)
at org.apache.maven.surefire.booter.ProviderFactory$ProviderProxy.invoke(ProviderFactory.java:159)
at org.apache.maven.surefire.booter.ProviderFactory.invokeProvider(ProviderFactory.java:87)
at org.apache.maven.surefire.booter.ForkedBooter.runSuitesInProcess(ForkedBooter.java:153)
at org.apache.maven.surefire.booter.ForkedBooter.main(ForkedBooter.java:95)
]]>
            </full-stacktrace>
          </exception> <!-- org.openqa.selenium.StaleElementReferenceException -->
          <reporter-output>
          </reporter-output>
        </test-method> <!-- haveNotMoneyWhenWaitForPayDoc -->
        <test-method status="PASS" signature="haveNotMoneyWhenWaitForPayDoc()[pri:12, instance:uiTest.MyApplication@22a637e7]" name="haveNotMoneyWhenWaitForPayDoc" duration-ms="12106" started-at="2018-08-14T09:58:07Z" description="have Not Money When Wait For Pay Doc" finished-at="2018-08-14T09:58:19Z">
          <reporter-output>
          </reporter-output>
        </test-method> <!-- haveNotMoneyWhenWaitForPayDoc -->
        <test-method status="PASS" signature="sendToArchivWhenWaitForPay()[pri:13, instance:uiTest.MyApplication@22a637e7]" name="sendToArchivWhenWaitForPay" duration-ms="7382" started-at="2018-08-14T09:58:20Z" description="send To Archiv When Wait For Pay" finished-at="2018-08-14T09:58:27Z">
          <reporter-output>
          </reporter-output>
        </test-method> <!-- sendToArchivWhenWaitForPay -->
        <test-method status="PASS" signature="finish()[pri:0, instance:uiTest.MyApplication@22a637e7]" name="finish" is-config="true" duration-ms="80" started-at="2018-08-14T09:58:27Z" finished-at="2018-08-14T09:58:28Z">
          <reporter-output>
          </reporter-output>
        </test-method> <!-- finish -->
      </class> <!-- uiTest.MyApplication -->
    </test> <!-- MyApplication -->
    <test name="ExpertiseUser" duration-ms="61903" started-at="2018-08-14T09:58:28Z" finished-at="2018-08-14T09:59:30Z">
      <class name="uiTest.ExpertiseUser">
        <test-method status="PASS" signature="setUp(java.lang.String)[pri:0, instance:uiTest.ExpertiseUser@49b0b76]" name="setUp" is-config="true" duration-ms="174" started-at="2018-08-14T09:58:28Z" finished-at="2018-08-14T09:58:28Z">
          <params>
            <param index="0">
              <value>
                <![CDATA[linux]]>
              </value>
            </param>
          </params>
          <reporter-output>
          </reporter-output>
        </test-method> <!-- setUp -->
        <test-method status="PASS" signature="initPages()[pri:0, instance:uiTest.ExpertiseUser@49b0b76]" name="initPages" is-config="true" duration-ms="4" started-at="2018-08-14T09:58:28Z" finished-at="2018-08-14T09:58:28Z">
          <reporter-output>
          </reporter-output>
        </test-method> <!-- initPages -->
        <test-method status="PASS" signature="login()[pri:1, instance:uiTest.ExpertiseUser@49b0b76]" name="login" duration-ms="4227" started-at="2018-08-14T09:58:28Z" description="Go to the Expertise module" finished-at="2018-08-14T09:58:32Z">
          <reporter-output>
          </reporter-output>
        </test-method> <!-- login -->
        <test-method status="PASS" signature="validData()[pri:2, instance:uiTest.ExpertiseUser@49b0b76]" name="validData" duration-ms="3672" started-at="2018-08-14T09:58:33Z" description="test case with valid data" finished-at="2018-08-14T09:58:36Z">
          <reporter-output>
          </reporter-output>
        </test-method> <!-- validData -->
        <test-method status="PASS" signature="doubleAttachment()[pri:3, instance:uiTest.ExpertiseUser@49b0b76]" name="doubleAttachment" duration-ms="3373" started-at="2018-08-14T09:58:37Z" description="test case with double attachment" finished-at="2018-08-14T09:58:40Z">
          <reporter-output>
          </reporter-output>
        </test-method> <!-- doubleAttachment -->
        <test-method status="PASS" signature="emptyTypeField()[pri:4, instance:uiTest.ExpertiseUser@49b0b76]" name="emptyTypeField" duration-ms="2913" started-at="2018-08-14T09:58:40Z" description="test case with empty first field" finished-at="2018-08-14T09:58:43Z">
          <reporter-output>
          </reporter-output>
        </test-method> <!-- emptyTypeField -->
        <test-method status="SKIP" signature="emptyWhoYouAreField()[pri:5, instance:uiTest.ExpertiseUser@49b0b76]" name="emptyWhoYouAreField" duration-ms="4772" started-at="2018-08-14T09:58:44Z" description="test case with empty second field" finished-at="2018-08-14T09:58:48Z">
          <exception class="org.openqa.selenium.NoSuchElementException">
            <message>
              <![CDATA[no such element: Unable to locate element: {"method":"css selector","selector":"#frontb5fbbf28a9f06b537b590d5f3b4ff32d"}
  (Session info: headless chrome=68.0.3440.106)
  (Driver info: chromedriver=2.38.552522 (437e6fbedfa8762dec75e2c5b3ddb86763dc9dcb),platform=Linux 4.9.87-linuxkit-aufs x86_64) (WARNING: The server did not provide any stacktrace information)
Command duration or timeout: 0 milliseconds
For documentation on this error, please visit: http://seleniumhq.org/exceptions/no_such_element.html
Build info: version: '3.8.1', revision: '6e95a6684b', time: '2017-12-01T18:33:54.468Z'
System info: host: '20dddad52158', ip: '172.17.0.2', os.name: 'Linux', os.arch: 'amd64', os.version: '4.9.87-linuxkit-aufs', java.version: '1.8.0_171'
Driver info: org.openqa.selenium.chrome.ChromeDriver
Capabilities {acceptInsecureCerts: false, acceptSslCerts: false, applicationCacheEnabled: false, browserConnectionEnabled: false, browserName: chrome, chrome: {chromedriverVersion: 2.38.552522 (437e6fbedfa876..., userDataDir: /tmp/.org.chromium.Chromium...}, cssSelectorsEnabled: true, databaseEnabled: false, handlesAlerts: true, hasTouchScreen: false, javascriptEnabled: true, locationContextEnabled: true, mobileEmulationEnabled: false, nativeEvents: true, networkConnectionEnabled: false, pageLoadStrategy: normal, platform: LINUX, platformName: LINUX, rotatable: false, setWindowRect: true, takesHeapSnapshot: true, takesScreenshot: true, unexpectedAlertBehaviour: , unhandledPromptBehavior: , version: 68.0.3440.106, webStorageEnabled: true}
Session ID: 30bd05fa0f2eb8b5d60a4d59f1c4f0e1
*** Element info: {Using=css selector, value=#frontb5fbbf28a9f06b537b590d5f3b4ff32d}]]>
            </message>
            <full-stacktrace>
              <![CDATA[org.openqa.selenium.NoSuchElementException: no such element: Unable to locate element: {"method":"css selector","selector":"#frontb5fbbf28a9f06b537b590d5f3b4ff32d"}
  (Session info: headless chrome=68.0.3440.106)
  (Driver info: chromedriver=2.38.552522 (437e6fbedfa8762dec75e2c5b3ddb86763dc9dcb),platform=Linux 4.9.87-linuxkit-aufs x86_64) (WARNING: The server did not provide any stacktrace information)
Command duration or timeout: 0 milliseconds
For documentation on this error, please visit: http://seleniumhq.org/exceptions/no_such_element.html
Build info: version: '3.8.1', revision: '6e95a6684b', time: '2017-12-01T18:33:54.468Z'
System info: host: '20dddad52158', ip: '172.17.0.2', os.name: 'Linux', os.arch: 'amd64', os.version: '4.9.87-linuxkit-aufs', java.version: '1.8.0_171'
Driver info: org.openqa.selenium.chrome.ChromeDriver
Capabilities {acceptInsecureCerts: false, acceptSslCerts: false, applicationCacheEnabled: false, browserConnectionEnabled: false, browserName: chrome, chrome: {chromedriverVersion: 2.38.552522 (437e6fbedfa876..., userDataDir: /tmp/.org.chromium.Chromium...}, cssSelectorsEnabled: true, databaseEnabled: false, handlesAlerts: true, hasTouchScreen: false, javascriptEnabled: true, locationContextEnabled: true, mobileEmulationEnabled: false, nativeEvents: true, networkConnectionEnabled: false, pageLoadStrategy: normal, platform: LINUX, platformName: LINUX, rotatable: false, setWindowRect: true, takesHeapSnapshot: true, takesScreenshot: true, unexpectedAlertBehaviour: , unhandledPromptBehavior: , version: 68.0.3440.106, webStorageEnabled: true}
Session ID: 30bd05fa0f2eb8b5d60a4d59f1c4f0e1
*** Element info: {Using=css selector, value=#frontb5fbbf28a9f06b537b590d5f3b4ff32d}
at sun.reflect.NativeConstructorAccessorImpl.newInstance0(Native Method)
at sun.reflect.NativeConstructorAccessorImpl.newInstance(NativeConstructorAccessorImpl.java:62)
at sun.reflect.DelegatingConstructorAccessorImpl.newInstance(DelegatingConstructorAccessorImpl.java:45)
at java.lang.reflect.Constructor.newInstance(Constructor.java:423)
at org.openqa.selenium.remote.ErrorHandler.createThrowable(ErrorHandler.java:214)
at org.openqa.selenium.remote.ErrorHandler.throwIfResponseFailed(ErrorHandler.java:166)
at org.openqa.selenium.remote.http.JsonHttpResponseCodec.reconstructValue(JsonHttpResponseCodec.java:40)
at org.openqa.selenium.remote.http.AbstractHttpResponseCodec.decode(AbstractHttpResponseCodec.java:80)
at org.openqa.selenium.remote.http.AbstractHttpResponseCodec.decode(AbstractHttpResponseCodec.java:44)
at org.openqa.selenium.remote.HttpCommandExecutor.execute(HttpCommandExecutor.java:164)
at org.openqa.selenium.remote.service.DriverCommandExecutor.execute(DriverCommandExecutor.java:83)
at org.openqa.selenium.remote.RemoteWebDriver.execute(RemoteWebDriver.java:601)
at org.openqa.selenium.remote.RemoteWebDriver.findElement(RemoteWebDriver.java:371)
at org.openqa.selenium.remote.RemoteWebDriver.findElementByCssSelector(RemoteWebDriver.java:465)
at org.openqa.selenium.By$ByCssSelector.findElement(By.java:430)
at org.openqa.selenium.remote.RemoteWebDriver.findElement(RemoteWebDriver.java:363)
at org.openqa.selenium.support.pagefactory.DefaultElementLocator.findElement(DefaultElementLocator.java:69)
at org.openqa.selenium.support.pagefactory.internal.LocatingElementHandler.invoke(LocatingElementHandler.java:38)
at com.sun.proxy.$Proxy25.click(Unknown Source)
at mainPackage.ui.ExpertiseUserPage.emptyWhoYouAreField(ExpertiseUserPage.java:167)
at uiTest.ExpertiseUser.emptyWhoYouAreField(ExpertiseUser.java:47)
at sun.reflect.NativeMethodAccessorImpl.invoke0(Native Method)
at sun.reflect.NativeMethodAccessorImpl.invoke(NativeMethodAccessorImpl.java:62)
at sun.reflect.DelegatingMethodAccessorImpl.invoke(DelegatingMethodAccessorImpl.java:43)
at java.lang.reflect.Method.invoke(Method.java:498)
at org.testng.internal.MethodInvocationHelper.invokeMethod(MethodInvocationHelper.java:124)
at org.testng.internal.Invoker.invokeMethod(Invoker.java:583)
at org.testng.internal.Invoker.invokeTestMethod(Invoker.java:719)
at org.testng.internal.Invoker.invokeTestMethods(Invoker.java:989)
at org.testng.internal.TestMethodWorker.invokeTestMethods(TestMethodWorker.java:125)
at org.testng.internal.TestMethodWorker.run(TestMethodWorker.java:109)
at org.testng.TestRunner.privateRun(TestRunner.java:648)
at org.testng.TestRunner.run(TestRunner.java:505)
at org.testng.SuiteRunner.runTest(SuiteRunner.java:455)
at org.testng.SuiteRunner.runSequentially(SuiteRunner.java:450)
at org.testng.SuiteRunner.privateRun(SuiteRunner.java:415)
at org.testng.SuiteRunner.run(SuiteRunner.java:364)
at org.testng.SuiteRunnerWorker.runSuite(SuiteRunnerWorker.java:52)
at org.testng.SuiteRunnerWorker.run(SuiteRunnerWorker.java:84)
at org.testng.TestNG.runSuitesSequentially(TestNG.java:1208)
at org.testng.TestNG.runSuitesLocally(TestNG.java:1137)
at org.testng.TestNG.runSuites(TestNG.java:1049)
at org.testng.TestNG.run(TestNG.java:1017)
at org.apache.maven.surefire.testng.TestNGExecutor.run(TestNGExecutor.java:178)
at org.apache.maven.surefire.testng.TestNGXmlTestSuite.execute(TestNGXmlTestSuite.java:92)
at org.apache.maven.surefire.testng.TestNGProvider.invoke(TestNGProvider.java:96)
at sun.reflect.NativeMethodAccessorImpl.invoke0(Native Method)
at sun.reflect.NativeMethodAccessorImpl.invoke(NativeMethodAccessorImpl.java:62)
at sun.reflect.DelegatingMethodAccessorImpl.invoke(DelegatingMethodAccessorImpl.java:43)
at java.lang.reflect.Method.invoke(Method.java:498)
at org.apache.maven.surefire.util.ReflectionUtils.invokeMethodWithArray2(ReflectionUtils.java:208)
at org.apache.maven.surefire.booter.ProviderFactory$ProviderProxy.invoke(ProviderFactory.java:159)
at org.apache.maven.surefire.booter.ProviderFactory.invokeProvider(ProviderFactory.java:87)
at org.apache.maven.surefire.booter.ForkedBooter.runSuitesInProcess(ForkedBooter.java:153)
at org.apache.maven.surefire.booter.ForkedBooter.main(ForkedBooter.java:95)
]]>
            </full-stacktrace>
          </exception> <!-- org.openqa.selenium.NoSuchElementException -->
          <reporter-output>
          </reporter-output>
        </test-method> <!-- emptyWhoYouAreField -->
        <test-method status="PASS" signature="emptyWhoYouAreField()[pri:5, instance:uiTest.ExpertiseUser@49b0b76]" name="emptyWhoYouAreField" duration-ms="2081" started-at="2018-08-14T09:58:48Z" description="test case with empty second field" finished-at="2018-08-14T09:58:50Z">
          <reporter-output>
          </reporter-output>
        </test-method> <!-- emptyWhoYouAreField -->
        <test-method status="SKIP" signature="incorrectSecondField()[pri:6, instance:uiTest.ExpertiseUser@49b0b76]" name="incorrectSecondField" duration-ms="681" started-at="2018-08-14T09:58:51Z" description="test case with incorrect second field" finished-at="2018-08-14T09:58:51Z">
          <exception class="org.openqa.selenium.StaleElementReferenceException">
            <message>
              <![CDATA[stale element reference: element is not attached to the page document
  (Session info: headless chrome=68.0.3440.106)
  (Driver info: chromedriver=2.38.552522 (437e6fbedfa8762dec75e2c5b3ddb86763dc9dcb),platform=Linux 4.9.87-linuxkit-aufs x86_64) (WARNING: The server did not provide any stacktrace information)
Command duration or timeout: 0 milliseconds
For documentation on this error, please visit: http://seleniumhq.org/exceptions/stale_element_reference.html
Build info: version: '3.8.1', revision: '6e95a6684b', time: '2017-12-01T18:33:54.468Z'
System info: host: '20dddad52158', ip: '172.17.0.2', os.name: 'Linux', os.arch: 'amd64', os.version: '4.9.87-linuxkit-aufs', java.version: '1.8.0_171'
Driver info: org.openqa.selenium.chrome.ChromeDriver
Capabilities {acceptInsecureCerts: false, acceptSslCerts: false, applicationCacheEnabled: false, browserConnectionEnabled: false, browserName: chrome, chrome: {chromedriverVersion: 2.38.552522 (437e6fbedfa876..., userDataDir: /tmp/.org.chromium.Chromium...}, cssSelectorsEnabled: true, databaseEnabled: false, handlesAlerts: true, hasTouchScreen: false, javascriptEnabled: true, locationContextEnabled: true, mobileEmulationEnabled: false, nativeEvents: true, networkConnectionEnabled: false, pageLoadStrategy: normal, platform: LINUX, platformName: LINUX, rotatable: false, setWindowRect: true, takesHeapSnapshot: true, takesScreenshot: true, unexpectedAlertBehaviour: , unhandledPromptBehavior: , version: 68.0.3440.106, webStorageEnabled: true}
Session ID: 30bd05fa0f2eb8b5d60a4d59f1c4f0e1]]>
            </message>
            <full-stacktrace>
              <![CDATA[org.openqa.selenium.StaleElementReferenceException: stale element reference: element is not attached to the page document
  (Session info: headless chrome=68.0.3440.106)
  (Driver info: chromedriver=2.38.552522 (437e6fbedfa8762dec75e2c5b3ddb86763dc9dcb),platform=Linux 4.9.87-linuxkit-aufs x86_64) (WARNING: The server did not provide any stacktrace information)
Command duration or timeout: 0 milliseconds
For documentation on this error, please visit: http://seleniumhq.org/exceptions/stale_element_reference.html
Build info: version: '3.8.1', revision: '6e95a6684b', time: '2017-12-01T18:33:54.468Z'
System info: host: '20dddad52158', ip: '172.17.0.2', os.name: 'Linux', os.arch: 'amd64', os.version: '4.9.87-linuxkit-aufs', java.version: '1.8.0_171'
Driver info: org.openqa.selenium.chrome.ChromeDriver
Capabilities {acceptInsecureCerts: false, acceptSslCerts: false, applicationCacheEnabled: false, browserConnectionEnabled: false, browserName: chrome, chrome: {chromedriverVersion: 2.38.552522 (437e6fbedfa876..., userDataDir: /tmp/.org.chromium.Chromium...}, cssSelectorsEnabled: true, databaseEnabled: false, handlesAlerts: true, hasTouchScreen: false, javascriptEnabled: true, locationContextEnabled: true, mobileEmulationEnabled: false, nativeEvents: true, networkConnectionEnabled: false, pageLoadStrategy: normal, platform: LINUX, platformName: LINUX, rotatable: false, setWindowRect: true, takesHeapSnapshot: true, takesScreenshot: true, unexpectedAlertBehaviour: , unhandledPromptBehavior: , version: 68.0.3440.106, webStorageEnabled: true}
Session ID: 30bd05fa0f2eb8b5d60a4d59f1c4f0e1
at sun.reflect.NativeConstructorAccessorImpl.newInstance0(Native Method)
at sun.reflect.NativeConstructorAccessorImpl.newInstance(NativeConstructorAccessorImpl.java:62)
at sun.reflect.DelegatingConstructorAccessorImpl.newInstance(DelegatingConstructorAccessorImpl.java:45)
at java.lang.reflect.Constructor.newInstance(Constructor.java:423)
at org.openqa.selenium.remote.ErrorHandler.createThrowable(ErrorHandler.java:214)
at org.openqa.selenium.remote.ErrorHandler.throwIfResponseFailed(ErrorHandler.java:166)
at org.openqa.selenium.remote.http.JsonHttpResponseCodec.reconstructValue(JsonHttpResponseCodec.java:40)
at org.openqa.selenium.remote.http.AbstractHttpResponseCodec.decode(AbstractHttpResponseCodec.java:80)
at org.openqa.selenium.remote.http.AbstractHttpResponseCodec.decode(AbstractHttpResponseCodec.java:44)
at org.openqa.selenium.remote.HttpCommandExecutor.execute(HttpCommandExecutor.java:164)
at org.openqa.selenium.remote.service.DriverCommandExecutor.execute(DriverCommandExecutor.java:83)
at org.openqa.selenium.remote.RemoteWebDriver.execute(RemoteWebDriver.java:601)
at org.openqa.selenium.remote.RemoteWebElement.execute(RemoteWebElement.java:279)
at org.openqa.selenium.remote.RemoteWebElement.click(RemoteWebElement.java:83)
at sun.reflect.GeneratedMethodAccessor1.invoke(Unknown Source)
at sun.reflect.DelegatingMethodAccessorImpl.invoke(DelegatingMethodAccessorImpl.java:43)
at java.lang.reflect.Method.invoke(Method.java:498)
at org.openqa.selenium.support.pagefactory.internal.LocatingElementHandler.invoke(LocatingElementHandler.java:51)
at com.sun.proxy.$Proxy25.click(Unknown Source)
at mainPackage.ui.ExpertiseUserPage.incorrectSecondField(ExpertiseUserPage.java:182)
at uiTest.ExpertiseUser.incorrectSecondField(ExpertiseUser.java:52)
at sun.reflect.NativeMethodAccessorImpl.invoke0(Native Method)
at sun.reflect.NativeMethodAccessorImpl.invoke(NativeMethodAccessorImpl.java:62)
at sun.reflect.DelegatingMethodAccessorImpl.invoke(DelegatingMethodAccessorImpl.java:43)
at java.lang.reflect.Method.invoke(Method.java:498)
at org.testng.internal.MethodInvocationHelper.invokeMethod(MethodInvocationHelper.java:124)
at org.testng.internal.Invoker.invokeMethod(Invoker.java:583)
at org.testng.internal.Invoker.invokeTestMethod(Invoker.java:719)
at org.testng.internal.Invoker.invokeTestMethods(Invoker.java:989)
at org.testng.internal.TestMethodWorker.invokeTestMethods(TestMethodWorker.java:125)
at org.testng.internal.TestMethodWorker.run(TestMethodWorker.java:109)
at org.testng.TestRunner.privateRun(TestRunner.java:648)
at org.testng.TestRunner.run(TestRunner.java:505)
at org.testng.SuiteRunner.runTest(SuiteRunner.java:455)
at org.testng.SuiteRunner.runSequentially(SuiteRunner.java:450)
at org.testng.SuiteRunner.privateRun(SuiteRunner.java:415)
at org.testng.SuiteRunner.run(SuiteRunner.java:364)
at org.testng.SuiteRunnerWorker.runSuite(SuiteRunnerWorker.java:52)
at org.testng.SuiteRunnerWorker.run(SuiteRunnerWorker.java:84)
at org.testng.TestNG.runSuitesSequentially(TestNG.java:1208)
at org.testng.TestNG.runSuitesLocally(TestNG.java:1137)
at org.testng.TestNG.runSuites(TestNG.java:1049)
at org.testng.TestNG.run(TestNG.java:1017)
at org.apache.maven.surefire.testng.TestNGExecutor.run(TestNGExecutor.java:178)
at org.apache.maven.surefire.testng.TestNGXmlTestSuite.execute(TestNGXmlTestSuite.java:92)
at org.apache.maven.surefire.testng.TestNGProvider.invoke(TestNGProvider.java:96)
at sun.reflect.NativeMethodAccessorImpl.invoke0(Native Method)
at sun.reflect.NativeMethodAccessorImpl.invoke(NativeMethodAccessorImpl.java:62)
at sun.reflect.DelegatingMethodAccessorImpl.invoke(DelegatingMethodAccessorImpl.java:43)
at java.lang.reflect.Method.invoke(Method.java:498)
at org.apache.maven.surefire.util.ReflectionUtils.invokeMethodWithArray2(ReflectionUtils.java:208)
at org.apache.maven.surefire.booter.ProviderFactory$ProviderProxy.invoke(ProviderFactory.java:159)
at org.apache.maven.surefire.booter.ProviderFactory.invokeProvider(ProviderFactory.java:87)
at org.apache.maven.surefire.booter.ForkedBooter.runSuitesInProcess(ForkedBooter.java:153)
at org.apache.maven.surefire.booter.ForkedBooter.main(ForkedBooter.java:95)
]]>
            </full-stacktrace>
          </exception> <!-- org.openqa.selenium.StaleElementReferenceException -->
          <reporter-output>
          </reporter-output>
        </test-method> <!-- incorrectSecondField -->
        <test-method status="PASS" signature="incorrectSecondField()[pri:6, instance:uiTest.ExpertiseUser@49b0b76]" name="incorrectSecondField" duration-ms="2389" started-at="2018-08-14T09:58:51Z" description="test case with incorrect second field" finished-at="2018-08-14T09:58:54Z">
          <reporter-output>
          </reporter-output>
        </test-method> <!-- incorrectSecondField -->
        <test-method status="SKIP" signature="requisitesField()[pri:7, instance:uiTest.ExpertiseUser@49b0b76]" name="requisitesField" duration-ms="609" started-at="2018-08-14T09:58:54Z" description="test case with requisites field" finished-at="2018-08-14T09:58:55Z">
          <exception class="org.openqa.selenium.StaleElementReferenceException">
            <message>
              <![CDATA[stale element reference: element is not attached to the page document
  (Session info: headless chrome=68.0.3440.106)
  (Driver info: chromedriver=2.38.552522 (437e6fbedfa8762dec75e2c5b3ddb86763dc9dcb),platform=Linux 4.9.87-linuxkit-aufs x86_64) (WARNING: The server did not provide any stacktrace information)
Command duration or timeout: 0 milliseconds
For documentation on this error, please visit: http://seleniumhq.org/exceptions/stale_element_reference.html
Build info: version: '3.8.1', revision: '6e95a6684b', time: '2017-12-01T18:33:54.468Z'
System info: host: '20dddad52158', ip: '172.17.0.2', os.name: 'Linux', os.arch: 'amd64', os.version: '4.9.87-linuxkit-aufs', java.version: '1.8.0_171'
Driver info: org.openqa.selenium.chrome.ChromeDriver
Capabilities {acceptInsecureCerts: false, acceptSslCerts: false, applicationCacheEnabled: false, browserConnectionEnabled: false, browserName: chrome, chrome: {chromedriverVersion: 2.38.552522 (437e6fbedfa876..., userDataDir: /tmp/.org.chromium.Chromium...}, cssSelectorsEnabled: true, databaseEnabled: false, handlesAlerts: true, hasTouchScreen: false, javascriptEnabled: true, locationContextEnabled: true, mobileEmulationEnabled: false, nativeEvents: true, networkConnectionEnabled: false, pageLoadStrategy: normal, platform: LINUX, platformName: LINUX, rotatable: false, setWindowRect: true, takesHeapSnapshot: true, takesScreenshot: true, unexpectedAlertBehaviour: , unhandledPromptBehavior: , version: 68.0.3440.106, webStorageEnabled: true}
Session ID: 30bd05fa0f2eb8b5d60a4d59f1c4f0e1]]>
            </message>
            <full-stacktrace>
              <![CDATA[org.openqa.selenium.StaleElementReferenceException: stale element reference: element is not attached to the page document
  (Session info: headless chrome=68.0.3440.106)
  (Driver info: chromedriver=2.38.552522 (437e6fbedfa8762dec75e2c5b3ddb86763dc9dcb),platform=Linux 4.9.87-linuxkit-aufs x86_64) (WARNING: The server did not provide any stacktrace information)
Command duration or timeout: 0 milliseconds
For documentation on this error, please visit: http://seleniumhq.org/exceptions/stale_element_reference.html
Build info: version: '3.8.1', revision: '6e95a6684b', time: '2017-12-01T18:33:54.468Z'
System info: host: '20dddad52158', ip: '172.17.0.2', os.name: 'Linux', os.arch: 'amd64', os.version: '4.9.87-linuxkit-aufs', java.version: '1.8.0_171'
Driver info: org.openqa.selenium.chrome.ChromeDriver
Capabilities {acceptInsecureCerts: false, acceptSslCerts: false, applicationCacheEnabled: false, browserConnectionEnabled: false, browserName: chrome, chrome: {chromedriverVersion: 2.38.552522 (437e6fbedfa876..., userDataDir: /tmp/.org.chromium.Chromium...}, cssSelectorsEnabled: true, databaseEnabled: false, handlesAlerts: true, hasTouchScreen: false, javascriptEnabled: true, locationContextEnabled: true, mobileEmulationEnabled: false, nativeEvents: true, networkConnectionEnabled: false, pageLoadStrategy: normal, platform: LINUX, platformName: LINUX, rotatable: false, setWindowRect: true, takesHeapSnapshot: true, takesScreenshot: true, unexpectedAlertBehaviour: , unhandledPromptBehavior: , version: 68.0.3440.106, webStorageEnabled: true}
Session ID: 30bd05fa0f2eb8b5d60a4d59f1c4f0e1
at sun.reflect.NativeConstructorAccessorImpl.newInstance0(Native Method)
at sun.reflect.NativeConstructorAccessorImpl.newInstance(NativeConstructorAccessorImpl.java:62)
at sun.reflect.DelegatingConstructorAccessorImpl.newInstance(DelegatingConstructorAccessorImpl.java:45)
at java.lang.reflect.Constructor.newInstance(Constructor.java:423)
at org.openqa.selenium.remote.ErrorHandler.createThrowable(ErrorHandler.java:214)
at org.openqa.selenium.remote.ErrorHandler.throwIfResponseFailed(ErrorHandler.java:166)
at org.openqa.selenium.remote.http.JsonHttpResponseCodec.reconstructValue(JsonHttpResponseCodec.java:40)
at org.openqa.selenium.remote.http.AbstractHttpResponseCodec.decode(AbstractHttpResponseCodec.java:80)
at org.openqa.selenium.remote.http.AbstractHttpResponseCodec.decode(AbstractHttpResponseCodec.java:44)
at org.openqa.selenium.remote.HttpCommandExecutor.execute(HttpCommandExecutor.java:164)
at org.openqa.selenium.remote.service.DriverCommandExecutor.execute(DriverCommandExecutor.java:83)
at org.openqa.selenium.remote.RemoteWebDriver.execute(RemoteWebDriver.java:601)
at org.openqa.selenium.remote.RemoteWebElement.execute(RemoteWebElement.java:279)
at org.openqa.selenium.remote.RemoteWebElement.click(RemoteWebElement.java:83)
at sun.reflect.GeneratedMethodAccessor1.invoke(Unknown Source)
at sun.reflect.DelegatingMethodAccessorImpl.invoke(DelegatingMethodAccessorImpl.java:43)
at java.lang.reflect.Method.invoke(Method.java:498)
at org.openqa.selenium.support.pagefactory.internal.LocatingElementHandler.invoke(LocatingElementHandler.java:51)
at com.sun.proxy.$Proxy25.click(Unknown Source)
at mainPackage.ui.ExpertiseUserPage.requisitesField(ExpertiseUserPage.java:203)
at uiTest.ExpertiseUser.requisitesField(ExpertiseUser.java:57)
at sun.reflect.NativeMethodAccessorImpl.invoke0(Native Method)
at sun.reflect.NativeMethodAccessorImpl.invoke(NativeMethodAccessorImpl.java:62)
at sun.reflect.DelegatingMethodAccessorImpl.invoke(DelegatingMethodAccessorImpl.java:43)
at java.lang.reflect.Method.invoke(Method.java:498)
at org.testng.internal.MethodInvocationHelper.invokeMethod(MethodInvocationHelper.java:124)
at org.testng.internal.Invoker.invokeMethod(Invoker.java:583)
at org.testng.internal.Invoker.invokeTestMethod(Invoker.java:719)
at org.testng.internal.Invoker.invokeTestMethods(Invoker.java:989)
at org.testng.internal.TestMethodWorker.invokeTestMethods(TestMethodWorker.java:125)
at org.testng.internal.TestMethodWorker.run(TestMethodWorker.java:109)
at org.testng.TestRunner.privateRun(TestRunner.java:648)
at org.testng.TestRunner.run(TestRunner.java:505)
at org.testng.SuiteRunner.runTest(SuiteRunner.java:455)
at org.testng.SuiteRunner.runSequentially(SuiteRunner.java:450)
at org.testng.SuiteRunner.privateRun(SuiteRunner.java:415)
at org.testng.SuiteRunner.run(SuiteRunner.java:364)
at org.testng.SuiteRunnerWorker.runSuite(SuiteRunnerWorker.java:52)
at org.testng.SuiteRunnerWorker.run(SuiteRunnerWorker.java:84)
at org.testng.TestNG.runSuitesSequentially(TestNG.java:1208)
at org.testng.TestNG.runSuitesLocally(TestNG.java:1137)
at org.testng.TestNG.runSuites(TestNG.java:1049)
at org.testng.TestNG.run(TestNG.java:1017)
at org.apache.maven.surefire.testng.TestNGExecutor.run(TestNGExecutor.java:178)
at org.apache.maven.surefire.testng.TestNGXmlTestSuite.execute(TestNGXmlTestSuite.java:92)
at org.apache.maven.surefire.testng.TestNGProvider.invoke(TestNGProvider.java:96)
at sun.reflect.NativeMethodAccessorImpl.invoke0(Native Method)
at sun.reflect.NativeMethodAccessorImpl.invoke(NativeMethodAccessorImpl.java:62)
at sun.reflect.DelegatingMethodAccessorImpl.invoke(DelegatingMethodAccessorImpl.java:43)
at java.lang.reflect.Method.invoke(Method.java:498)
at org.apache.maven.surefire.util.ReflectionUtils.invokeMethodWithArray2(ReflectionUtils.java:208)
at org.apache.maven.surefire.booter.ProviderFactory$ProviderProxy.invoke(ProviderFactory.java:159)
at org.apache.maven.surefire.booter.ProviderFactory.invokeProvider(ProviderFactory.java:87)
at org.apache.maven.surefire.booter.ForkedBooter.runSuitesInProcess(ForkedBooter.java:153)
at org.apache.maven.surefire.booter.ForkedBooter.main(ForkedBooter.java:95)
]]>
            </full-stacktrace>
          </exception> <!-- org.openqa.selenium.StaleElementReferenceException -->
          <reporter-output>
          </reporter-output>
        </test-method> <!-- requisitesField -->
        <test-method status="PASS" signature="requisitesField()[pri:7, instance:uiTest.ExpertiseUser@49b0b76]" name="requisitesField" duration-ms="2278" started-at="2018-08-14T09:58:55Z" description="test case with requisites field" finished-at="2018-08-14T09:58:57Z">
          <reporter-output>
          </reporter-output>
        </test-method> <!-- requisitesField -->
        <test-method status="SKIP" signature="emptyRequisiteField()[pri:8, instance:uiTest.ExpertiseUser@49b0b76]" name="emptyRequisiteField" duration-ms="650" started-at="2018-08-14T09:58:57Z" description="test case with empty requisite field" finished-at="2018-08-14T09:58:58Z">
          <exception class="org.openqa.selenium.StaleElementReferenceException">
            <message>
              <![CDATA[stale element reference: element is not attached to the page document
  (Session info: headless chrome=68.0.3440.106)
  (Driver info: chromedriver=2.38.552522 (437e6fbedfa8762dec75e2c5b3ddb86763dc9dcb),platform=Linux 4.9.87-linuxkit-aufs x86_64) (WARNING: The server did not provide any stacktrace information)
Command duration or timeout: 0 milliseconds
For documentation on this error, please visit: http://seleniumhq.org/exceptions/stale_element_reference.html
Build info: version: '3.8.1', revision: '6e95a6684b', time: '2017-12-01T18:33:54.468Z'
System info: host: '20dddad52158', ip: '172.17.0.2', os.name: 'Linux', os.arch: 'amd64', os.version: '4.9.87-linuxkit-aufs', java.version: '1.8.0_171'
Driver info: org.openqa.selenium.chrome.ChromeDriver
Capabilities {acceptInsecureCerts: false, acceptSslCerts: false, applicationCacheEnabled: false, browserConnectionEnabled: false, browserName: chrome, chrome: {chromedriverVersion: 2.38.552522 (437e6fbedfa876..., userDataDir: /tmp/.org.chromium.Chromium...}, cssSelectorsEnabled: true, databaseEnabled: false, handlesAlerts: true, hasTouchScreen: false, javascriptEnabled: true, locationContextEnabled: true, mobileEmulationEnabled: false, nativeEvents: true, networkConnectionEnabled: false, pageLoadStrategy: normal, platform: LINUX, platformName: LINUX, rotatable: false, setWindowRect: true, takesHeapSnapshot: true, takesScreenshot: true, unexpectedAlertBehaviour: , unhandledPromptBehavior: , version: 68.0.3440.106, webStorageEnabled: true}
Session ID: 30bd05fa0f2eb8b5d60a4d59f1c4f0e1]]>
            </message>
            <full-stacktrace>
              <![CDATA[org.openqa.selenium.StaleElementReferenceException: stale element reference: element is not attached to the page document
  (Session info: headless chrome=68.0.3440.106)
  (Driver info: chromedriver=2.38.552522 (437e6fbedfa8762dec75e2c5b3ddb86763dc9dcb),platform=Linux 4.9.87-linuxkit-aufs x86_64) (WARNING: The server did not provide any stacktrace information)
Command duration or timeout: 0 milliseconds
For documentation on this error, please visit: http://seleniumhq.org/exceptions/stale_element_reference.html
Build info: version: '3.8.1', revision: '6e95a6684b', time: '2017-12-01T18:33:54.468Z'
System info: host: '20dddad52158', ip: '172.17.0.2', os.name: 'Linux', os.arch: 'amd64', os.version: '4.9.87-linuxkit-aufs', java.version: '1.8.0_171'
Driver info: org.openqa.selenium.chrome.ChromeDriver
Capabilities {acceptInsecureCerts: false, acceptSslCerts: false, applicationCacheEnabled: false, browserConnectionEnabled: false, browserName: chrome, chrome: {chromedriverVersion: 2.38.552522 (437e6fbedfa876..., userDataDir: /tmp/.org.chromium.Chromium...}, cssSelectorsEnabled: true, databaseEnabled: false, handlesAlerts: true, hasTouchScreen: false, javascriptEnabled: true, locationContextEnabled: true, mobileEmulationEnabled: false, nativeEvents: true, networkConnectionEnabled: false, pageLoadStrategy: normal, platform: LINUX, platformName: LINUX, rotatable: false, setWindowRect: true, takesHeapSnapshot: true, takesScreenshot: true, unexpectedAlertBehaviour: , unhandledPromptBehavior: , version: 68.0.3440.106, webStorageEnabled: true}
Session ID: 30bd05fa0f2eb8b5d60a4d59f1c4f0e1
at sun.reflect.NativeConstructorAccessorImpl.newInstance0(Native Method)
at sun.reflect.NativeConstructorAccessorImpl.newInstance(NativeConstructorAccessorImpl.java:62)
at sun.reflect.DelegatingConstructorAccessorImpl.newInstance(DelegatingConstructorAccessorImpl.java:45)
at java.lang.reflect.Constructor.newInstance(Constructor.java:423)
at org.openqa.selenium.remote.ErrorHandler.createThrowable(ErrorHandler.java:214)
at org.openqa.selenium.remote.ErrorHandler.throwIfResponseFailed(ErrorHandler.java:166)
at org.openqa.selenium.remote.http.JsonHttpResponseCodec.reconstructValue(JsonHttpResponseCodec.java:40)
at org.openqa.selenium.remote.http.AbstractHttpResponseCodec.decode(AbstractHttpResponseCodec.java:80)
at org.openqa.selenium.remote.http.AbstractHttpResponseCodec.decode(AbstractHttpResponseCodec.java:44)
at org.openqa.selenium.remote.HttpCommandExecutor.execute(HttpCommandExecutor.java:164)
at org.openqa.selenium.remote.service.DriverCommandExecutor.execute(DriverCommandExecutor.java:83)
at org.openqa.selenium.remote.RemoteWebDriver.execute(RemoteWebDriver.java:601)
at org.openqa.selenium.remote.RemoteWebElement.execute(RemoteWebElement.java:279)
at org.openqa.selenium.remote.RemoteWebElement.click(RemoteWebElement.java:83)
at sun.reflect.GeneratedMethodAccessor1.invoke(Unknown Source)
at sun.reflect.DelegatingMethodAccessorImpl.invoke(DelegatingMethodAccessorImpl.java:43)
at java.lang.reflect.Method.invoke(Method.java:498)
at org.openqa.selenium.support.pagefactory.internal.LocatingElementHandler.invoke(LocatingElementHandler.java:51)
at com.sun.proxy.$Proxy25.click(Unknown Source)
at mainPackage.ui.ExpertiseUserPage.emptyRequisiteField(ExpertiseUserPage.java:221)
at uiTest.ExpertiseUser.emptyRequisiteField(ExpertiseUser.java:62)
at sun.reflect.NativeMethodAccessorImpl.invoke0(Native Method)
at sun.reflect.NativeMethodAccessorImpl.invoke(NativeMethodAccessorImpl.java:62)
at sun.reflect.DelegatingMethodAccessorImpl.invoke(DelegatingMethodAccessorImpl.java:43)
at java.lang.reflect.Method.invoke(Method.java:498)
at org.testng.internal.MethodInvocationHelper.invokeMethod(MethodInvocationHelper.java:124)
at org.testng.internal.Invoker.invokeMethod(Invoker.java:583)
at org.testng.internal.Invoker.invokeTestMethod(Invoker.java:719)
at org.testng.internal.Invoker.invokeTestMethods(Invoker.java:989)
at org.testng.internal.TestMethodWorker.invokeTestMethods(TestMethodWorker.java:125)
at org.testng.internal.TestMethodWorker.run(TestMethodWorker.java:109)
at org.testng.TestRunner.privateRun(TestRunner.java:648)
at org.testng.TestRunner.run(TestRunner.java:505)
at org.testng.SuiteRunner.runTest(SuiteRunner.java:455)
at org.testng.SuiteRunner.runSequentially(SuiteRunner.java:450)
at org.testng.SuiteRunner.privateRun(SuiteRunner.java:415)
at org.testng.SuiteRunner.run(SuiteRunner.java:364)
at org.testng.SuiteRunnerWorker.runSuite(SuiteRunnerWorker.java:52)
at org.testng.SuiteRunnerWorker.run(SuiteRunnerWorker.java:84)
at org.testng.TestNG.runSuitesSequentially(TestNG.java:1208)
at org.testng.TestNG.runSuitesLocally(TestNG.java:1137)
at org.testng.TestNG.runSuites(TestNG.java:1049)
at org.testng.TestNG.run(TestNG.java:1017)
at org.apache.maven.surefire.testng.TestNGExecutor.run(TestNGExecutor.java:178)
at org.apache.maven.surefire.testng.TestNGXmlTestSuite.execute(TestNGXmlTestSuite.java:92)
at org.apache.maven.surefire.testng.TestNGProvider.invoke(TestNGProvider.java:96)
at sun.reflect.NativeMethodAccessorImpl.invoke0(Native Method)
at sun.reflect.NativeMethodAccessorImpl.invoke(NativeMethodAccessorImpl.java:62)
at sun.reflect.DelegatingMethodAccessorImpl.invoke(DelegatingMethodAccessorImpl.java:43)
at java.lang.reflect.Method.invoke(Method.java:498)
at org.apache.maven.surefire.util.ReflectionUtils.invokeMethodWithArray2(ReflectionUtils.java:208)
at org.apache.maven.surefire.booter.ProviderFactory$ProviderProxy.invoke(ProviderFactory.java:159)
at org.apache.maven.surefire.booter.ProviderFactory.invokeProvider(ProviderFactory.java:87)
at org.apache.maven.surefire.booter.ForkedBooter.runSuitesInProcess(ForkedBooter.java:153)
at org.apache.maven.surefire.booter.ForkedBooter.main(ForkedBooter.java:95)
]]>
            </full-stacktrace>
          </exception> <!-- org.openqa.selenium.StaleElementReferenceException -->
          <reporter-output>
          </reporter-output>
        </test-method> <!-- emptyRequisiteField -->
        <test-method status="PASS" signature="emptyRequisiteField()[pri:8, instance:uiTest.ExpertiseUser@49b0b76]" name="emptyRequisiteField" duration-ms="1759" started-at="2018-08-14T09:58:58Z" description="test case with empty requisite field" finished-at="2018-08-14T09:59:00Z">
          <reporter-output>
          </reporter-output>
        </test-method> <!-- emptyRequisiteField -->
        <test-method status="SKIP" signature="emptyAttachmentField()[pri:9, instance:uiTest.ExpertiseUser@49b0b76]" name="emptyAttachmentField" duration-ms="641" started-at="2018-08-14T09:59:00Z" description="test case with empty attachment field" finished-at="2018-08-14T09:59:01Z">
          <exception class="org.openqa.selenium.StaleElementReferenceException">
            <message>
              <![CDATA[stale element reference: element is not attached to the page document
  (Session info: headless chrome=68.0.3440.106)
  (Driver info: chromedriver=2.38.552522 (437e6fbedfa8762dec75e2c5b3ddb86763dc9dcb),platform=Linux 4.9.87-linuxkit-aufs x86_64) (WARNING: The server did not provide any stacktrace information)
Command duration or timeout: 0 milliseconds
For documentation on this error, please visit: http://seleniumhq.org/exceptions/stale_element_reference.html
Build info: version: '3.8.1', revision: '6e95a6684b', time: '2017-12-01T18:33:54.468Z'
System info: host: '20dddad52158', ip: '172.17.0.2', os.name: 'Linux', os.arch: 'amd64', os.version: '4.9.87-linuxkit-aufs', java.version: '1.8.0_171'
Driver info: org.openqa.selenium.chrome.ChromeDriver
Capabilities {acceptInsecureCerts: false, acceptSslCerts: false, applicationCacheEnabled: false, browserConnectionEnabled: false, browserName: chrome, chrome: {chromedriverVersion: 2.38.552522 (437e6fbedfa876..., userDataDir: /tmp/.org.chromium.Chromium...}, cssSelectorsEnabled: true, databaseEnabled: false, handlesAlerts: true, hasTouchScreen: false, javascriptEnabled: true, locationContextEnabled: true, mobileEmulationEnabled: false, nativeEvents: true, networkConnectionEnabled: false, pageLoadStrategy: normal, platform: LINUX, platformName: LINUX, rotatable: false, setWindowRect: true, takesHeapSnapshot: true, takesScreenshot: true, unexpectedAlertBehaviour: , unhandledPromptBehavior: , version: 68.0.3440.106, webStorageEnabled: true}
Session ID: 30bd05fa0f2eb8b5d60a4d59f1c4f0e1]]>
            </message>
            <full-stacktrace>
              <![CDATA[org.openqa.selenium.StaleElementReferenceException: stale element reference: element is not attached to the page document
  (Session info: headless chrome=68.0.3440.106)
  (Driver info: chromedriver=2.38.552522 (437e6fbedfa8762dec75e2c5b3ddb86763dc9dcb),platform=Linux 4.9.87-linuxkit-aufs x86_64) (WARNING: The server did not provide any stacktrace information)
Command duration or timeout: 0 milliseconds
For documentation on this error, please visit: http://seleniumhq.org/exceptions/stale_element_reference.html
Build info: version: '3.8.1', revision: '6e95a6684b', time: '2017-12-01T18:33:54.468Z'
System info: host: '20dddad52158', ip: '172.17.0.2', os.name: 'Linux', os.arch: 'amd64', os.version: '4.9.87-linuxkit-aufs', java.version: '1.8.0_171'
Driver info: org.openqa.selenium.chrome.ChromeDriver
Capabilities {acceptInsecureCerts: false, acceptSslCerts: false, applicationCacheEnabled: false, browserConnectionEnabled: false, browserName: chrome, chrome: {chromedriverVersion: 2.38.552522 (437e6fbedfa876..., userDataDir: /tmp/.org.chromium.Chromium...}, cssSelectorsEnabled: true, databaseEnabled: false, handlesAlerts: true, hasTouchScreen: false, javascriptEnabled: true, locationContextEnabled: true, mobileEmulationEnabled: false, nativeEvents: true, networkConnectionEnabled: false, pageLoadStrategy: normal, platform: LINUX, platformName: LINUX, rotatable: false, setWindowRect: true, takesHeapSnapshot: true, takesScreenshot: true, unexpectedAlertBehaviour: , unhandledPromptBehavior: , version: 68.0.3440.106, webStorageEnabled: true}
Session ID: 30bd05fa0f2eb8b5d60a4d59f1c4f0e1
at sun.reflect.NativeConstructorAccessorImpl.newInstance0(Native Method)
at sun.reflect.NativeConstructorAccessorImpl.newInstance(NativeConstructorAccessorImpl.java:62)
at sun.reflect.DelegatingConstructorAccessorImpl.newInstance(DelegatingConstructorAccessorImpl.java:45)
at java.lang.reflect.Constructor.newInstance(Constructor.java:423)
at org.openqa.selenium.remote.ErrorHandler.createThrowable(ErrorHandler.java:214)
at org.openqa.selenium.remote.ErrorHandler.throwIfResponseFailed(ErrorHandler.java:166)
at org.openqa.selenium.remote.http.JsonHttpResponseCodec.reconstructValue(JsonHttpResponseCodec.java:40)
at org.openqa.selenium.remote.http.AbstractHttpResponseCodec.decode(AbstractHttpResponseCodec.java:80)
at org.openqa.selenium.remote.http.AbstractHttpResponseCodec.decode(AbstractHttpResponseCodec.java:44)
at org.openqa.selenium.remote.HttpCommandExecutor.execute(HttpCommandExecutor.java:164)
at org.openqa.selenium.remote.service.DriverCommandExecutor.execute(DriverCommandExecutor.java:83)
at org.openqa.selenium.remote.RemoteWebDriver.execute(RemoteWebDriver.java:601)
at org.openqa.selenium.remote.RemoteWebElement.execute(RemoteWebElement.java:279)
at org.openqa.selenium.remote.RemoteWebElement.click(RemoteWebElement.java:83)
at sun.reflect.GeneratedMethodAccessor1.invoke(Unknown Source)
at sun.reflect.DelegatingMethodAccessorImpl.invoke(DelegatingMethodAccessorImpl.java:43)
at java.lang.reflect.Method.invoke(Method.java:498)
at org.openqa.selenium.support.pagefactory.internal.LocatingElementHandler.invoke(LocatingElementHandler.java:51)
at com.sun.proxy.$Proxy25.click(Unknown Source)
at mainPackage.ui.ExpertiseUserPage.emptyAttachmentField(ExpertiseUserPage.java:238)
at uiTest.ExpertiseUser.emptyAttachmentField(ExpertiseUser.java:67)
at sun.reflect.NativeMethodAccessorImpl.invoke0(Native Method)
at sun.reflect.NativeMethodAccessorImpl.invoke(NativeMethodAccessorImpl.java:62)
at sun.reflect.DelegatingMethodAccessorImpl.invoke(DelegatingMethodAccessorImpl.java:43)
at java.lang.reflect.Method.invoke(Method.java:498)
at org.testng.internal.MethodInvocationHelper.invokeMethod(MethodInvocationHelper.java:124)
at org.testng.internal.Invoker.invokeMethod(Invoker.java:583)
at org.testng.internal.Invoker.invokeTestMethod(Invoker.java:719)
at org.testng.internal.Invoker.invokeTestMethods(Invoker.java:989)
at org.testng.internal.TestMethodWorker.invokeTestMethods(TestMethodWorker.java:125)
at org.testng.internal.TestMethodWorker.run(TestMethodWorker.java:109)
at org.testng.TestRunner.privateRun(TestRunner.java:648)
at org.testng.TestRunner.run(TestRunner.java:505)
at org.testng.SuiteRunner.runTest(SuiteRunner.java:455)
at org.testng.SuiteRunner.runSequentially(SuiteRunner.java:450)
at org.testng.SuiteRunner.privateRun(SuiteRunner.java:415)
at org.testng.SuiteRunner.run(SuiteRunner.java:364)
at org.testng.SuiteRunnerWorker.runSuite(SuiteRunnerWorker.java:52)
at org.testng.SuiteRunnerWorker.run(SuiteRunnerWorker.java:84)
at org.testng.TestNG.runSuitesSequentially(TestNG.java:1208)
at org.testng.TestNG.runSuitesLocally(TestNG.java:1137)
at org.testng.TestNG.runSuites(TestNG.java:1049)
at org.testng.TestNG.run(TestNG.java:1017)
at org.apache.maven.surefire.testng.TestNGExecutor.run(TestNGExecutor.java:178)
at org.apache.maven.surefire.testng.TestNGXmlTestSuite.execute(TestNGXmlTestSuite.java:92)
at org.apache.maven.surefire.testng.TestNGProvider.invoke(TestNGProvider.java:96)
at sun.reflect.NativeMethodAccessorImpl.invoke0(Native Method)
at sun.reflect.NativeMethodAccessorImpl.invoke(NativeMethodAccessorImpl.java:62)
at sun.reflect.DelegatingMethodAccessorImpl.invoke(DelegatingMethodAccessorImpl.java:43)
at java.lang.reflect.Method.invoke(Method.java:498)
at org.apache.maven.surefire.util.ReflectionUtils.invokeMethodWithArray2(ReflectionUtils.java:208)
at org.apache.maven.surefire.booter.ProviderFactory$ProviderProxy.invoke(ProviderFactory.java:159)
at org.apache.maven.surefire.booter.ProviderFactory.invokeProvider(ProviderFactory.java:87)
at org.apache.maven.surefire.booter.ForkedBooter.runSuitesInProcess(ForkedBooter.java:153)
at org.apache.maven.surefire.booter.ForkedBooter.main(ForkedBooter.java:95)
]]>
            </full-stacktrace>
          </exception> <!-- org.openqa.selenium.StaleElementReferenceException -->
          <reporter-output>
          </reporter-output>
        </test-method> <!-- emptyAttachmentField -->
        <test-method status="PASS" signature="emptyAttachmentField()[pri:9, instance:uiTest.ExpertiseUser@49b0b76]" name="emptyAttachmentField" duration-ms="2282" started-at="2018-08-14T09:59:01Z" description="test case with empty attachment field" finished-at="2018-08-14T09:59:03Z">
          <reporter-output>
          </reporter-output>
        </test-method> <!-- emptyAttachmentField -->
        <test-method status="SKIP" signature="attachment21()[pri:10, instance:uiTest.ExpertiseUser@49b0b76]" name="attachment21" duration-ms="604" started-at="2018-08-14T09:59:03Z" description="test case with 21 attachments" finished-at="2018-08-14T09:59:04Z">
          <exception class="org.openqa.selenium.StaleElementReferenceException">
            <message>
              <![CDATA[stale element reference: element is not attached to the page document
  (Session info: headless chrome=68.0.3440.106)
  (Driver info: chromedriver=2.38.552522 (437e6fbedfa8762dec75e2c5b3ddb86763dc9dcb),platform=Linux 4.9.87-linuxkit-aufs x86_64) (WARNING: The server did not provide any stacktrace information)
Command duration or timeout: 0 milliseconds
For documentation on this error, please visit: http://seleniumhq.org/exceptions/stale_element_reference.html
Build info: version: '3.8.1', revision: '6e95a6684b', time: '2017-12-01T18:33:54.468Z'
System info: host: '20dddad52158', ip: '172.17.0.2', os.name: 'Linux', os.arch: 'amd64', os.version: '4.9.87-linuxkit-aufs', java.version: '1.8.0_171'
Driver info: org.openqa.selenium.chrome.ChromeDriver
Capabilities {acceptInsecureCerts: false, acceptSslCerts: false, applicationCacheEnabled: false, browserConnectionEnabled: false, browserName: chrome, chrome: {chromedriverVersion: 2.38.552522 (437e6fbedfa876..., userDataDir: /tmp/.org.chromium.Chromium...}, cssSelectorsEnabled: true, databaseEnabled: false, handlesAlerts: true, hasTouchScreen: false, javascriptEnabled: true, locationContextEnabled: true, mobileEmulationEnabled: false, nativeEvents: true, networkConnectionEnabled: false, pageLoadStrategy: normal, platform: LINUX, platformName: LINUX, rotatable: false, setWindowRect: true, takesHeapSnapshot: true, takesScreenshot: true, unexpectedAlertBehaviour: , unhandledPromptBehavior: , version: 68.0.3440.106, webStorageEnabled: true}
Session ID: 30bd05fa0f2eb8b5d60a4d59f1c4f0e1]]>
            </message>
            <full-stacktrace>
              <![CDATA[org.openqa.selenium.StaleElementReferenceException: stale element reference: element is not attached to the page document
  (Session info: headless chrome=68.0.3440.106)
  (Driver info: chromedriver=2.38.552522 (437e6fbedfa8762dec75e2c5b3ddb86763dc9dcb),platform=Linux 4.9.87-linuxkit-aufs x86_64) (WARNING: The server did not provide any stacktrace information)
Command duration or timeout: 0 milliseconds
For documentation on this error, please visit: http://seleniumhq.org/exceptions/stale_element_reference.html
Build info: version: '3.8.1', revision: '6e95a6684b', time: '2017-12-01T18:33:54.468Z'
System info: host: '20dddad52158', ip: '172.17.0.2', os.name: 'Linux', os.arch: 'amd64', os.version: '4.9.87-linuxkit-aufs', java.version: '1.8.0_171'
Driver info: org.openqa.selenium.chrome.ChromeDriver
Capabilities {acceptInsecureCerts: false, acceptSslCerts: false, applicationCacheEnabled: false, browserConnectionEnabled: false, browserName: chrome, chrome: {chromedriverVersion: 2.38.552522 (437e6fbedfa876..., userDataDir: /tmp/.org.chromium.Chromium...}, cssSelectorsEnabled: true, databaseEnabled: false, handlesAlerts: true, hasTouchScreen: false, javascriptEnabled: true, locationContextEnabled: true, mobileEmulationEnabled: false, nativeEvents: true, networkConnectionEnabled: false, pageLoadStrategy: normal, platform: LINUX, platformName: LINUX, rotatable: false, setWindowRect: true, takesHeapSnapshot: true, takesScreenshot: true, unexpectedAlertBehaviour: , unhandledPromptBehavior: , version: 68.0.3440.106, webStorageEnabled: true}
Session ID: 30bd05fa0f2eb8b5d60a4d59f1c4f0e1
at sun.reflect.NativeConstructorAccessorImpl.newInstance0(Native Method)
at sun.reflect.NativeConstructorAccessorImpl.newInstance(NativeConstructorAccessorImpl.java:62)
at sun.reflect.DelegatingConstructorAccessorImpl.newInstance(DelegatingConstructorAccessorImpl.java:45)
at java.lang.reflect.Constructor.newInstance(Constructor.java:423)
at org.openqa.selenium.remote.ErrorHandler.createThrowable(ErrorHandler.java:214)
at org.openqa.selenium.remote.ErrorHandler.throwIfResponseFailed(ErrorHandler.java:166)
at org.openqa.selenium.remote.http.JsonHttpResponseCodec.reconstructValue(JsonHttpResponseCodec.java:40)
at org.openqa.selenium.remote.http.AbstractHttpResponseCodec.decode(AbstractHttpResponseCodec.java:80)
at org.openqa.selenium.remote.http.AbstractHttpResponseCodec.decode(AbstractHttpResponseCodec.java:44)
at org.openqa.selenium.remote.HttpCommandExecutor.execute(HttpCommandExecutor.java:164)
at org.openqa.selenium.remote.service.DriverCommandExecutor.execute(DriverCommandExecutor.java:83)
at org.openqa.selenium.remote.RemoteWebDriver.execute(RemoteWebDriver.java:601)
at org.openqa.selenium.remote.RemoteWebElement.execute(RemoteWebElement.java:279)
at org.openqa.selenium.remote.RemoteWebElement.click(RemoteWebElement.java:83)
at sun.reflect.GeneratedMethodAccessor1.invoke(Unknown Source)
at sun.reflect.DelegatingMethodAccessorImpl.invoke(DelegatingMethodAccessorImpl.java:43)
at java.lang.reflect.Method.invoke(Method.java:498)
at org.openqa.selenium.support.pagefactory.internal.LocatingElementHandler.invoke(LocatingElementHandler.java:51)
at com.sun.proxy.$Proxy25.click(Unknown Source)
at mainPackage.ui.ExpertiseUserPage.attachment21(ExpertiseUserPage.java:254)
at uiTest.ExpertiseUser.attachment21(ExpertiseUser.java:72)
at sun.reflect.NativeMethodAccessorImpl.invoke0(Native Method)
at sun.reflect.NativeMethodAccessorImpl.invoke(NativeMethodAccessorImpl.java:62)
at sun.reflect.DelegatingMethodAccessorImpl.invoke(DelegatingMethodAccessorImpl.java:43)
at java.lang.reflect.Method.invoke(Method.java:498)
at org.testng.internal.MethodInvocationHelper.invokeMethod(MethodInvocationHelper.java:124)
at org.testng.internal.Invoker.invokeMethod(Invoker.java:583)
at org.testng.internal.Invoker.invokeTestMethod(Invoker.java:719)
at org.testng.internal.Invoker.invokeTestMethods(Invoker.java:989)
at org.testng.internal.TestMethodWorker.invokeTestMethods(TestMethodWorker.java:125)
at org.testng.internal.TestMethodWorker.run(TestMethodWorker.java:109)
at org.testng.TestRunner.privateRun(TestRunner.java:648)
at org.testng.TestRunner.run(TestRunner.java:505)
at org.testng.SuiteRunner.runTest(SuiteRunner.java:455)
at org.testng.SuiteRunner.runSequentially(SuiteRunner.java:450)
at org.testng.SuiteRunner.privateRun(SuiteRunner.java:415)
at org.testng.SuiteRunner.run(SuiteRunner.java:364)
at org.testng.SuiteRunnerWorker.runSuite(SuiteRunnerWorker.java:52)
at org.testng.SuiteRunnerWorker.run(SuiteRunnerWorker.java:84)
at org.testng.TestNG.runSuitesSequentially(TestNG.java:1208)
at org.testng.TestNG.runSuitesLocally(TestNG.java:1137)
at org.testng.TestNG.runSuites(TestNG.java:1049)
at org.testng.TestNG.run(TestNG.java:1017)
at org.apache.maven.surefire.testng.TestNGExecutor.run(TestNGExecutor.java:178)
at org.apache.maven.surefire.testng.TestNGXmlTestSuite.execute(TestNGXmlTestSuite.java:92)
at org.apache.maven.surefire.testng.TestNGProvider.invoke(TestNGProvider.java:96)
at sun.reflect.NativeMethodAccessorImpl.invoke0(Native Method)
at sun.reflect.NativeMethodAccessorImpl.invoke(NativeMethodAccessorImpl.java:62)
at sun.reflect.DelegatingMethodAccessorImpl.invoke(DelegatingMethodAccessorImpl.java:43)
at java.lang.reflect.Method.invoke(Method.java:498)
at org.apache.maven.surefire.util.ReflectionUtils.invokeMethodWithArray2(ReflectionUtils.java:208)
at org.apache.maven.surefire.booter.ProviderFactory$ProviderProxy.invoke(ProviderFactory.java:159)
at org.apache.maven.surefire.booter.ProviderFactory.invokeProvider(ProviderFactory.java:87)
at org.apache.maven.surefire.booter.ForkedBooter.runSuitesInProcess(ForkedBooter.java:153)
at org.apache.maven.surefire.booter.ForkedBooter.main(ForkedBooter.java:95)
]]>
            </full-stacktrace>
          </exception> <!-- org.openqa.selenium.StaleElementReferenceException -->
          <reporter-output>
          </reporter-output>
        </test-method> <!-- attachment21 -->
        <test-method status="PASS" signature="attachment21()[pri:10, instance:uiTest.ExpertiseUser@49b0b76]" name="attachment21" duration-ms="3726" started-at="2018-08-14T09:59:04Z" description="test case with 21 attachments" finished-at="2018-08-14T09:59:08Z">
          <reporter-output>
          </reporter-output>
        </test-method> <!-- attachment21 -->
        <test-method status="SKIP" signature="fileMoreThen50MB()[pri:11, instance:uiTest.ExpertiseUser@49b0b76]" name="fileMoreThen50MB" duration-ms="613" started-at="2018-08-14T09:59:08Z" description="test case with file more than 50 MB" finished-at="2018-08-14T09:59:09Z">
          <exception class="org.openqa.selenium.StaleElementReferenceException">
            <message>
              <![CDATA[stale element reference: element is not attached to the page document
  (Session info: headless chrome=68.0.3440.106)
  (Driver info: chromedriver=2.38.552522 (437e6fbedfa8762dec75e2c5b3ddb86763dc9dcb),platform=Linux 4.9.87-linuxkit-aufs x86_64) (WARNING: The server did not provide any stacktrace information)
Command duration or timeout: 0 milliseconds
For documentation on this error, please visit: http://seleniumhq.org/exceptions/stale_element_reference.html
Build info: version: '3.8.1', revision: '6e95a6684b', time: '2017-12-01T18:33:54.468Z'
System info: host: '20dddad52158', ip: '172.17.0.2', os.name: 'Linux', os.arch: 'amd64', os.version: '4.9.87-linuxkit-aufs', java.version: '1.8.0_171'
Driver info: org.openqa.selenium.chrome.ChromeDriver
Capabilities {acceptInsecureCerts: false, acceptSslCerts: false, applicationCacheEnabled: false, browserConnectionEnabled: false, browserName: chrome, chrome: {chromedriverVersion: 2.38.552522 (437e6fbedfa876..., userDataDir: /tmp/.org.chromium.Chromium...}, cssSelectorsEnabled: true, databaseEnabled: false, handlesAlerts: true, hasTouchScreen: false, javascriptEnabled: true, locationContextEnabled: true, mobileEmulationEnabled: false, nativeEvents: true, networkConnectionEnabled: false, pageLoadStrategy: normal, platform: LINUX, platformName: LINUX, rotatable: false, setWindowRect: true, takesHeapSnapshot: true, takesScreenshot: true, unexpectedAlertBehaviour: , unhandledPromptBehavior: , version: 68.0.3440.106, webStorageEnabled: true}
Session ID: 30bd05fa0f2eb8b5d60a4d59f1c4f0e1]]>
            </message>
            <full-stacktrace>
              <![CDATA[org.openqa.selenium.StaleElementReferenceException: stale element reference: element is not attached to the page document
  (Session info: headless chrome=68.0.3440.106)
  (Driver info: chromedriver=2.38.552522 (437e6fbedfa8762dec75e2c5b3ddb86763dc9dcb),platform=Linux 4.9.87-linuxkit-aufs x86_64) (WARNING: The server did not provide any stacktrace information)
Command duration or timeout: 0 milliseconds
For documentation on this error, please visit: http://seleniumhq.org/exceptions/stale_element_reference.html
Build info: version: '3.8.1', revision: '6e95a6684b', time: '2017-12-01T18:33:54.468Z'
System info: host: '20dddad52158', ip: '172.17.0.2', os.name: 'Linux', os.arch: 'amd64', os.version: '4.9.87-linuxkit-aufs', java.version: '1.8.0_171'
Driver info: org.openqa.selenium.chrome.ChromeDriver
Capabilities {acceptInsecureCerts: false, acceptSslCerts: false, applicationCacheEnabled: false, browserConnectionEnabled: false, browserName: chrome, chrome: {chromedriverVersion: 2.38.552522 (437e6fbedfa876..., userDataDir: /tmp/.org.chromium.Chromium...}, cssSelectorsEnabled: true, databaseEnabled: false, handlesAlerts: true, hasTouchScreen: false, javascriptEnabled: true, locationContextEnabled: true, mobileEmulationEnabled: false, nativeEvents: true, networkConnectionEnabled: false, pageLoadStrategy: normal, platform: LINUX, platformName: LINUX, rotatable: false, setWindowRect: true, takesHeapSnapshot: true, takesScreenshot: true, unexpectedAlertBehaviour: , unhandledPromptBehavior: , version: 68.0.3440.106, webStorageEnabled: true}
Session ID: 30bd05fa0f2eb8b5d60a4d59f1c4f0e1
at sun.reflect.NativeConstructorAccessorImpl.newInstance0(Native Method)
at sun.reflect.NativeConstructorAccessorImpl.newInstance(NativeConstructorAccessorImpl.java:62)
at sun.reflect.DelegatingConstructorAccessorImpl.newInstance(DelegatingConstructorAccessorImpl.java:45)
at java.lang.reflect.Constructor.newInstance(Constructor.java:423)
at org.openqa.selenium.remote.ErrorHandler.createThrowable(ErrorHandler.java:214)
at org.openqa.selenium.remote.ErrorHandler.throwIfResponseFailed(ErrorHandler.java:166)
at org.openqa.selenium.remote.http.JsonHttpResponseCodec.reconstructValue(JsonHttpResponseCodec.java:40)
at org.openqa.selenium.remote.http.AbstractHttpResponseCodec.decode(AbstractHttpResponseCodec.java:80)
at org.openqa.selenium.remote.http.AbstractHttpResponseCodec.decode(AbstractHttpResponseCodec.java:44)
at org.openqa.selenium.remote.HttpCommandExecutor.execute(HttpCommandExecutor.java:164)
at org.openqa.selenium.remote.service.DriverCommandExecutor.execute(DriverCommandExecutor.java:83)
at org.openqa.selenium.remote.RemoteWebDriver.execute(RemoteWebDriver.java:601)
at org.openqa.selenium.remote.RemoteWebElement.execute(RemoteWebElement.java:279)
at org.openqa.selenium.remote.RemoteWebElement.click(RemoteWebElement.java:83)
at sun.reflect.GeneratedMethodAccessor1.invoke(Unknown Source)
at sun.reflect.DelegatingMethodAccessorImpl.invoke(DelegatingMethodAccessorImpl.java:43)
at java.lang.reflect.Method.invoke(Method.java:498)
at org.openqa.selenium.support.pagefactory.internal.LocatingElementHandler.invoke(LocatingElementHandler.java:51)
at com.sun.proxy.$Proxy25.click(Unknown Source)
at mainPackage.ui.ExpertiseUserPage.fileMoreThen50MB(ExpertiseUserPage.java:276)
at uiTest.ExpertiseUser.fileMoreThen50MB(ExpertiseUser.java:76)
at sun.reflect.NativeMethodAccessorImpl.invoke0(Native Method)
at sun.reflect.NativeMethodAccessorImpl.invoke(NativeMethodAccessorImpl.java:62)
at sun.reflect.DelegatingMethodAccessorImpl.invoke(DelegatingMethodAccessorImpl.java:43)
at java.lang.reflect.Method.invoke(Method.java:498)
at org.testng.internal.MethodInvocationHelper.invokeMethod(MethodInvocationHelper.java:124)
at org.testng.internal.Invoker.invokeMethod(Invoker.java:583)
at org.testng.internal.Invoker.invokeTestMethod(Invoker.java:719)
at org.testng.internal.Invoker.invokeTestMethods(Invoker.java:989)
at org.testng.internal.TestMethodWorker.invokeTestMethods(TestMethodWorker.java:125)
at org.testng.internal.TestMethodWorker.run(TestMethodWorker.java:109)
at org.testng.TestRunner.privateRun(TestRunner.java:648)
at org.testng.TestRunner.run(TestRunner.java:505)
at org.testng.SuiteRunner.runTest(SuiteRunner.java:455)
at org.testng.SuiteRunner.runSequentially(SuiteRunner.java:450)
at org.testng.SuiteRunner.privateRun(SuiteRunner.java:415)
at org.testng.SuiteRunner.run(SuiteRunner.java:364)
at org.testng.SuiteRunnerWorker.runSuite(SuiteRunnerWorker.java:52)
at org.testng.SuiteRunnerWorker.run(SuiteRunnerWorker.java:84)
at org.testng.TestNG.runSuitesSequentially(TestNG.java:1208)
at org.testng.TestNG.runSuitesLocally(TestNG.java:1137)
at org.testng.TestNG.runSuites(TestNG.java:1049)
at org.testng.TestNG.run(TestNG.java:1017)
at org.apache.maven.surefire.testng.TestNGExecutor.run(TestNGExecutor.java:178)
at org.apache.maven.surefire.testng.TestNGXmlTestSuite.execute(TestNGXmlTestSuite.java:92)
at org.apache.maven.surefire.testng.TestNGProvider.invoke(TestNGProvider.java:96)
at sun.reflect.NativeMethodAccessorImpl.invoke0(Native Method)
at sun.reflect.NativeMethodAccessorImpl.invoke(NativeMethodAccessorImpl.java:62)
at sun.reflect.DelegatingMethodAccessorImpl.invoke(DelegatingMethodAccessorImpl.java:43)
at java.lang.reflect.Method.invoke(Method.java:498)
at org.apache.maven.surefire.util.ReflectionUtils.invokeMethodWithArray2(ReflectionUtils.java:208)
at org.apache.maven.surefire.booter.ProviderFactory$ProviderProxy.invoke(ProviderFactory.java:159)
at org.apache.maven.surefire.booter.ProviderFactory.invokeProvider(ProviderFactory.java:87)
at org.apache.maven.surefire.booter.ForkedBooter.runSuitesInProcess(ForkedBooter.java:153)
at org.apache.maven.surefire.booter.ForkedBooter.main(ForkedBooter.java:95)
]]>
            </full-stacktrace>
          </exception> <!-- org.openqa.selenium.StaleElementReferenceException -->
          <reporter-output>
          </reporter-output>
        </test-method> <!-- fileMoreThen50MB -->
        <test-method status="PASS" signature="fileMoreThen50MB()[pri:11, instance:uiTest.ExpertiseUser@49b0b76]" name="fileMoreThen50MB" duration-ms="2481" started-at="2018-08-14T09:59:09Z" description="test case with file more than 50 MB" finished-at="2018-08-14T09:59:11Z">
          <reporter-output>
          </reporter-output>
        </test-method> <!-- fileMoreThen50MB -->
        <test-method status="SKIP" signature="deleteOneOfUploudedFiles()[pri:12, instance:uiTest.ExpertiseUser@49b0b76]" name="deleteOneOfUploudedFiles" duration-ms="642" started-at="2018-08-14T09:59:11Z" description="test case with delete One Of Uploaded Files" finished-at="2018-08-14T09:59:12Z">
          <exception class="org.openqa.selenium.StaleElementReferenceException">
            <message>
              <![CDATA[stale element reference: element is not attached to the page document
  (Session info: headless chrome=68.0.3440.106)
  (Driver info: chromedriver=2.38.552522 (437e6fbedfa8762dec75e2c5b3ddb86763dc9dcb),platform=Linux 4.9.87-linuxkit-aufs x86_64) (WARNING: The server did not provide any stacktrace information)
Command duration or timeout: 0 milliseconds
For documentation on this error, please visit: http://seleniumhq.org/exceptions/stale_element_reference.html
Build info: version: '3.8.1', revision: '6e95a6684b', time: '2017-12-01T18:33:54.468Z'
System info: host: '20dddad52158', ip: '172.17.0.2', os.name: 'Linux', os.arch: 'amd64', os.version: '4.9.87-linuxkit-aufs', java.version: '1.8.0_171'
Driver info: org.openqa.selenium.chrome.ChromeDriver
Capabilities {acceptInsecureCerts: false, acceptSslCerts: false, applicationCacheEnabled: false, browserConnectionEnabled: false, browserName: chrome, chrome: {chromedriverVersion: 2.38.552522 (437e6fbedfa876..., userDataDir: /tmp/.org.chromium.Chromium...}, cssSelectorsEnabled: true, databaseEnabled: false, handlesAlerts: true, hasTouchScreen: false, javascriptEnabled: true, locationContextEnabled: true, mobileEmulationEnabled: false, nativeEvents: true, networkConnectionEnabled: false, pageLoadStrategy: normal, platform: LINUX, platformName: LINUX, rotatable: false, setWindowRect: true, takesHeapSnapshot: true, takesScreenshot: true, unexpectedAlertBehaviour: , unhandledPromptBehavior: , version: 68.0.3440.106, webStorageEnabled: true}
Session ID: 30bd05fa0f2eb8b5d60a4d59f1c4f0e1]]>
            </message>
            <full-stacktrace>
              <![CDATA[org.openqa.selenium.StaleElementReferenceException: stale element reference: element is not attached to the page document
  (Session info: headless chrome=68.0.3440.106)
  (Driver info: chromedriver=2.38.552522 (437e6fbedfa8762dec75e2c5b3ddb86763dc9dcb),platform=Linux 4.9.87-linuxkit-aufs x86_64) (WARNING: The server did not provide any stacktrace information)
Command duration or timeout: 0 milliseconds
For documentation on this error, please visit: http://seleniumhq.org/exceptions/stale_element_reference.html
Build info: version: '3.8.1', revision: '6e95a6684b', time: '2017-12-01T18:33:54.468Z'
System info: host: '20dddad52158', ip: '172.17.0.2', os.name: 'Linux', os.arch: 'amd64', os.version: '4.9.87-linuxkit-aufs', java.version: '1.8.0_171'
Driver info: org.openqa.selenium.chrome.ChromeDriver
Capabilities {acceptInsecureCerts: false, acceptSslCerts: false, applicationCacheEnabled: false, browserConnectionEnabled: false, browserName: chrome, chrome: {chromedriverVersion: 2.38.552522 (437e6fbedfa876..., userDataDir: /tmp/.org.chromium.Chromium...}, cssSelectorsEnabled: true, databaseEnabled: false, handlesAlerts: true, hasTouchScreen: false, javascriptEnabled: true, locationContextEnabled: true, mobileEmulationEnabled: false, nativeEvents: true, networkConnectionEnabled: false, pageLoadStrategy: normal, platform: LINUX, platformName: LINUX, rotatable: false, setWindowRect: true, takesHeapSnapshot: true, takesScreenshot: true, unexpectedAlertBehaviour: , unhandledPromptBehavior: , version: 68.0.3440.106, webStorageEnabled: true}
Session ID: 30bd05fa0f2eb8b5d60a4d59f1c4f0e1
at sun.reflect.NativeConstructorAccessorImpl.newInstance0(Native Method)
at sun.reflect.NativeConstructorAccessorImpl.newInstance(NativeConstructorAccessorImpl.java:62)
at sun.reflect.DelegatingConstructorAccessorImpl.newInstance(DelegatingConstructorAccessorImpl.java:45)
at java.lang.reflect.Constructor.newInstance(Constructor.java:423)
at org.openqa.selenium.remote.ErrorHandler.createThrowable(ErrorHandler.java:214)
at org.openqa.selenium.remote.ErrorHandler.throwIfResponseFailed(ErrorHandler.java:166)
at org.openqa.selenium.remote.http.JsonHttpResponseCodec.reconstructValue(JsonHttpResponseCodec.java:40)
at org.openqa.selenium.remote.http.AbstractHttpResponseCodec.decode(AbstractHttpResponseCodec.java:80)
at org.openqa.selenium.remote.http.AbstractHttpResponseCodec.decode(AbstractHttpResponseCodec.java:44)
at org.openqa.selenium.remote.HttpCommandExecutor.execute(HttpCommandExecutor.java:164)
at org.openqa.selenium.remote.service.DriverCommandExecutor.execute(DriverCommandExecutor.java:83)
at org.openqa.selenium.remote.RemoteWebDriver.execute(RemoteWebDriver.java:601)
at org.openqa.selenium.remote.RemoteWebElement.execute(RemoteWebElement.java:279)
at org.openqa.selenium.remote.RemoteWebElement.click(RemoteWebElement.java:83)
at sun.reflect.GeneratedMethodAccessor1.invoke(Unknown Source)
at sun.reflect.DelegatingMethodAccessorImpl.invoke(DelegatingMethodAccessorImpl.java:43)
at java.lang.reflect.Method.invoke(Method.java:498)
at org.openqa.selenium.support.pagefactory.internal.LocatingElementHandler.invoke(LocatingElementHandler.java:51)
at com.sun.proxy.$Proxy25.click(Unknown Source)
at mainPackage.ui.ExpertiseUserPage.deleteOneOfUploadedFiles(ExpertiseUserPage.java:296)
at uiTest.ExpertiseUser.deleteOneOfUploudedFiles(ExpertiseUser.java:81)
at sun.reflect.NativeMethodAccessorImpl.invoke0(Native Method)
at sun.reflect.NativeMethodAccessorImpl.invoke(NativeMethodAccessorImpl.java:62)
at sun.reflect.DelegatingMethodAccessorImpl.invoke(DelegatingMethodAccessorImpl.java:43)
at java.lang.reflect.Method.invoke(Method.java:498)
at org.testng.internal.MethodInvocationHelper.invokeMethod(MethodInvocationHelper.java:124)
at org.testng.internal.Invoker.invokeMethod(Invoker.java:583)
at org.testng.internal.Invoker.invokeTestMethod(Invoker.java:719)
at org.testng.internal.Invoker.invokeTestMethods(Invoker.java:989)
at org.testng.internal.TestMethodWorker.invokeTestMethods(TestMethodWorker.java:125)
at org.testng.internal.TestMethodWorker.run(TestMethodWorker.java:109)
at org.testng.TestRunner.privateRun(TestRunner.java:648)
at org.testng.TestRunner.run(TestRunner.java:505)
at org.testng.SuiteRunner.runTest(SuiteRunner.java:455)
at org.testng.SuiteRunner.runSequentially(SuiteRunner.java:450)
at org.testng.SuiteRunner.privateRun(SuiteRunner.java:415)
at org.testng.SuiteRunner.run(SuiteRunner.java:364)
at org.testng.SuiteRunnerWorker.runSuite(SuiteRunnerWorker.java:52)
at org.testng.SuiteRunnerWorker.run(SuiteRunnerWorker.java:84)
at org.testng.TestNG.runSuitesSequentially(TestNG.java:1208)
at org.testng.TestNG.runSuitesLocally(TestNG.java:1137)
at org.testng.TestNG.runSuites(TestNG.java:1049)
at org.testng.TestNG.run(TestNG.java:1017)
at org.apache.maven.surefire.testng.TestNGExecutor.run(TestNGExecutor.java:178)
at org.apache.maven.surefire.testng.TestNGXmlTestSuite.execute(TestNGXmlTestSuite.java:92)
at org.apache.maven.surefire.testng.TestNGProvider.invoke(TestNGProvider.java:96)
at sun.reflect.NativeMethodAccessorImpl.invoke0(Native Method)
at sun.reflect.NativeMethodAccessorImpl.invoke(NativeMethodAccessorImpl.java:62)
at sun.reflect.DelegatingMethodAccessorImpl.invoke(DelegatingMethodAccessorImpl.java:43)
at java.lang.reflect.Method.invoke(Method.java:498)
at org.apache.maven.surefire.util.ReflectionUtils.invokeMethodWithArray2(ReflectionUtils.java:208)
at org.apache.maven.surefire.booter.ProviderFactory$ProviderProxy.invoke(ProviderFactory.java:159)
at org.apache.maven.surefire.booter.ProviderFactory.invokeProvider(ProviderFactory.java:87)
at org.apache.maven.surefire.booter.ForkedBooter.runSuitesInProcess(ForkedBooter.java:153)
at org.apache.maven.surefire.booter.ForkedBooter.main(ForkedBooter.java:95)
]]>
            </full-stacktrace>
          </exception> <!-- org.openqa.selenium.StaleElementReferenceException -->
          <reporter-output>
          </reporter-output>
        </test-method> <!-- deleteOneOfUploudedFiles -->
        <test-method status="PASS" signature="deleteOneOfUploudedFiles()[pri:12, instance:uiTest.ExpertiseUser@49b0b76]" name="deleteOneOfUploudedFiles" duration-ms="3116" started-at="2018-08-14T09:59:12Z" description="test case with delete One Of Uploaded Files" finished-at="2018-08-14T09:59:15Z">
          <reporter-output>
          </reporter-output>
        </test-method> <!-- deleteOneOfUploudedFiles -->
        <test-method status="PASS" signature="reestablishUploadedFiles()[pri:13, instance:uiTest.ExpertiseUser@49b0b76]" name="reestablishUploadedFiles" duration-ms="3174" started-at="2018-08-14T09:59:16Z" description="test case with reestablish Uploaded Files" finished-at="2018-08-14T09:59:19Z">
          <reporter-output>
          </reporter-output>
        </test-method> <!-- reestablishUploadedFiles -->
        <test-method status="SKIP" signature="haveNotMoney()[pri:15, instance:uiTest.ExpertiseUser@49b0b76]" name="haveNotMoney" duration-ms="5188" started-at="2018-08-14T09:59:19Z" description="test case have not money" finished-at="2018-08-14T09:59:24Z">
          <exception class="org.openqa.selenium.NoSuchElementException">
            <message>
              <![CDATA[no such element: Unable to locate element: {"method":"css selector","selector":"#front64fbd75d07ec519ac1c34bbf3c93e41b"}
  (Session info: headless chrome=68.0.3440.106)
  (Driver info: chromedriver=2.38.552522 (437e6fbedfa8762dec75e2c5b3ddb86763dc9dcb),platform=Linux 4.9.87-linuxkit-aufs x86_64) (WARNING: The server did not provide any stacktrace information)
Command duration or timeout: 0 milliseconds
For documentation on this error, please visit: http://seleniumhq.org/exceptions/no_such_element.html
Build info: version: '3.8.1', revision: '6e95a6684b', time: '2017-12-01T18:33:54.468Z'
System info: host: '20dddad52158', ip: '172.17.0.2', os.name: 'Linux', os.arch: 'amd64', os.version: '4.9.87-linuxkit-aufs', java.version: '1.8.0_171'
Driver info: org.openqa.selenium.chrome.ChromeDriver
Capabilities {acceptInsecureCerts: false, acceptSslCerts: false, applicationCacheEnabled: false, browserConnectionEnabled: false, browserName: chrome, chrome: {chromedriverVersion: 2.38.552522 (437e6fbedfa876..., userDataDir: /tmp/.org.chromium.Chromium...}, cssSelectorsEnabled: true, databaseEnabled: false, handlesAlerts: true, hasTouchScreen: false, javascriptEnabled: true, locationContextEnabled: true, mobileEmulationEnabled: false, nativeEvents: true, networkConnectionEnabled: false, pageLoadStrategy: normal, platform: LINUX, platformName: LINUX, rotatable: false, setWindowRect: true, takesHeapSnapshot: true, takesScreenshot: true, unexpectedAlertBehaviour: , unhandledPromptBehavior: , version: 68.0.3440.106, webStorageEnabled: true}
Session ID: 30bd05fa0f2eb8b5d60a4d59f1c4f0e1
*** Element info: {Using=css selector, value=#front64fbd75d07ec519ac1c34bbf3c93e41b}]]>
            </message>
            <full-stacktrace>
              <![CDATA[org.openqa.selenium.NoSuchElementException: no such element: Unable to locate element: {"method":"css selector","selector":"#front64fbd75d07ec519ac1c34bbf3c93e41b"}
  (Session info: headless chrome=68.0.3440.106)
  (Driver info: chromedriver=2.38.552522 (437e6fbedfa8762dec75e2c5b3ddb86763dc9dcb),platform=Linux 4.9.87-linuxkit-aufs x86_64) (WARNING: The server did not provide any stacktrace information)
Command duration or timeout: 0 milliseconds
For documentation on this error, please visit: http://seleniumhq.org/exceptions/no_such_element.html
Build info: version: '3.8.1', revision: '6e95a6684b', time: '2017-12-01T18:33:54.468Z'
System info: host: '20dddad52158', ip: '172.17.0.2', os.name: 'Linux', os.arch: 'amd64', os.version: '4.9.87-linuxkit-aufs', java.version: '1.8.0_171'
Driver info: org.openqa.selenium.chrome.ChromeDriver
Capabilities {acceptInsecureCerts: false, acceptSslCerts: false, applicationCacheEnabled: false, browserConnectionEnabled: false, browserName: chrome, chrome: {chromedriverVersion: 2.38.552522 (437e6fbedfa876..., userDataDir: /tmp/.org.chromium.Chromium...}, cssSelectorsEnabled: true, databaseEnabled: false, handlesAlerts: true, hasTouchScreen: false, javascriptEnabled: true, locationContextEnabled: true, mobileEmulationEnabled: false, nativeEvents: true, networkConnectionEnabled: false, pageLoadStrategy: normal, platform: LINUX, platformName: LINUX, rotatable: false, setWindowRect: true, takesHeapSnapshot: true, takesScreenshot: true, unexpectedAlertBehaviour: , unhandledPromptBehavior: , version: 68.0.3440.106, webStorageEnabled: true}
Session ID: 30bd05fa0f2eb8b5d60a4d59f1c4f0e1
*** Element info: {Using=css selector, value=#front64fbd75d07ec519ac1c34bbf3c93e41b}
at sun.reflect.NativeConstructorAccessorImpl.newInstance0(Native Method)
at sun.reflect.NativeConstructorAccessorImpl.newInstance(NativeConstructorAccessorImpl.java:62)
at sun.reflect.DelegatingConstructorAccessorImpl.newInstance(DelegatingConstructorAccessorImpl.java:45)
at java.lang.reflect.Constructor.newInstance(Constructor.java:423)
at org.openqa.selenium.remote.ErrorHandler.createThrowable(ErrorHandler.java:214)
at org.openqa.selenium.remote.ErrorHandler.throwIfResponseFailed(ErrorHandler.java:166)
at org.openqa.selenium.remote.http.JsonHttpResponseCodec.reconstructValue(JsonHttpResponseCodec.java:40)
at org.openqa.selenium.remote.http.AbstractHttpResponseCodec.decode(AbstractHttpResponseCodec.java:80)
at org.openqa.selenium.remote.http.AbstractHttpResponseCodec.decode(AbstractHttpResponseCodec.java:44)
at org.openqa.selenium.remote.HttpCommandExecutor.execute(HttpCommandExecutor.java:164)
at org.openqa.selenium.remote.service.DriverCommandExecutor.execute(DriverCommandExecutor.java:83)
at org.openqa.selenium.remote.RemoteWebDriver.execute(RemoteWebDriver.java:601)
at org.openqa.selenium.remote.RemoteWebDriver.findElement(RemoteWebDriver.java:371)
at org.openqa.selenium.remote.RemoteWebDriver.findElementByCssSelector(RemoteWebDriver.java:465)
at org.openqa.selenium.By$ByCssSelector.findElement(By.java:430)
at org.openqa.selenium.remote.RemoteWebDriver.findElement(RemoteWebDriver.java:363)
at org.openqa.selenium.support.pagefactory.DefaultElementLocator.findElement(DefaultElementLocator.java:69)
at org.openqa.selenium.support.pagefactory.internal.LocatingElementHandler.invoke(LocatingElementHandler.java:38)
at com.sun.proxy.$Proxy25.click(Unknown Source)
at mainPackage.ui.ExpertiseUserPage.haveNotMoney(ExpertiseUserPage.java:355)
at uiTest.ExpertiseUser.haveNotMoney(ExpertiseUser.java:91)
at sun.reflect.NativeMethodAccessorImpl.invoke0(Native Method)
at sun.reflect.NativeMethodAccessorImpl.invoke(NativeMethodAccessorImpl.java:62)
at sun.reflect.DelegatingMethodAccessorImpl.invoke(DelegatingMethodAccessorImpl.java:43)
at java.lang.reflect.Method.invoke(Method.java:498)
at org.testng.internal.MethodInvocationHelper.invokeMethod(MethodInvocationHelper.java:124)
at org.testng.internal.Invoker.invokeMethod(Invoker.java:583)
at org.testng.internal.Invoker.invokeTestMethod(Invoker.java:719)
at org.testng.internal.Invoker.invokeTestMethods(Invoker.java:989)
at org.testng.internal.TestMethodWorker.invokeTestMethods(TestMethodWorker.java:125)
at org.testng.internal.TestMethodWorker.run(TestMethodWorker.java:109)
at org.testng.TestRunner.privateRun(TestRunner.java:648)
at org.testng.TestRunner.run(TestRunner.java:505)
at org.testng.SuiteRunner.runTest(SuiteRunner.java:455)
at org.testng.SuiteRunner.runSequentially(SuiteRunner.java:450)
at org.testng.SuiteRunner.privateRun(SuiteRunner.java:415)
at org.testng.SuiteRunner.run(SuiteRunner.java:364)
at org.testng.SuiteRunnerWorker.runSuite(SuiteRunnerWorker.java:52)
at org.testng.SuiteRunnerWorker.run(SuiteRunnerWorker.java:84)
at org.testng.TestNG.runSuitesSequentially(TestNG.java:1208)
at org.testng.TestNG.runSuitesLocally(TestNG.java:1137)
at org.testng.TestNG.runSuites(TestNG.java:1049)
at org.testng.TestNG.run(TestNG.java:1017)
at org.apache.maven.surefire.testng.TestNGExecutor.run(TestNGExecutor.java:178)
at org.apache.maven.surefire.testng.TestNGXmlTestSuite.execute(TestNGXmlTestSuite.java:92)
at org.apache.maven.surefire.testng.TestNGProvider.invoke(TestNGProvider.java:96)
at sun.reflect.NativeMethodAccessorImpl.invoke0(Native Method)
at sun.reflect.NativeMethodAccessorImpl.invoke(NativeMethodAccessorImpl.java:62)
at sun.reflect.DelegatingMethodAccessorImpl.invoke(DelegatingMethodAccessorImpl.java:43)
at java.lang.reflect.Method.invoke(Method.java:498)
at org.apache.maven.surefire.util.ReflectionUtils.invokeMethodWithArray2(ReflectionUtils.java:208)
at org.apache.maven.surefire.booter.ProviderFactory$ProviderProxy.invoke(ProviderFactory.java:159)
at org.apache.maven.surefire.booter.ProviderFactory.invokeProvider(ProviderFactory.java:87)
at org.apache.maven.surefire.booter.ForkedBooter.runSuitesInProcess(ForkedBooter.java:153)
at org.apache.maven.surefire.booter.ForkedBooter.main(ForkedBooter.java:95)
]]>
            </full-stacktrace>
          </exception> <!-- org.openqa.selenium.NoSuchElementException -->
          <reporter-output>
          </reporter-output>
        </test-method> <!-- haveNotMoney -->
        <test-method status="FAIL" signature="haveNotMoney()[pri:15, instance:uiTest.ExpertiseUser@49b0b76]" name="haveNotMoney" duration-ms="987" started-at="2018-08-14T09:59:24Z" description="test case have not money" finished-at="2018-08-14T09:59:25Z">
          <exception class="org.openqa.selenium.WebDriverException">
            <message>
              <![CDATA[unknown error: Element <button id="front64fbd75d07ec519ac1c34bbf3c93e41b" tabindex="-1" type="button" disabled="" style="border: 10px; box-sizing: border-box; display: inline-block; font-family: Open-Sans; -webkit-tap-highlight-color: rgba(0, 0, 0, 0); cursor: default; text-decoration: none; margin: 0px; padding: 0px; outline: none; font-size: inherit; font-weight: inherit; position: absolute; height: 32px; width: 100%; border-radius: 2px; transition: all 450ms cubic-bezier(0.23, 1, 0.32, 1) 0ms; background-color: rgb(34, 37, 53); text-align: center;">...</button> is not clickable at point (1339, 28). Other element would receive the click: <span class="Locker"></span>
  (Session info: headless chrome=68.0.3440.106)
  (Driver info: chromedriver=2.38.552522 (437e6fbedfa8762dec75e2c5b3ddb86763dc9dcb),platform=Linux 4.9.87-linuxkit-aufs x86_64) (WARNING: The server did not provide any stacktrace information)
Command duration or timeout: 0 milliseconds
Build info: version: '3.8.1', revision: '6e95a6684b', time: '2017-12-01T18:33:54.468Z'
System info: host: '20dddad52158', ip: '172.17.0.2', os.name: 'Linux', os.arch: 'amd64', os.version: '4.9.87-linuxkit-aufs', java.version: '1.8.0_171'
Driver info: org.openqa.selenium.chrome.ChromeDriver
Capabilities {acceptInsecureCerts: false, acceptSslCerts: false, applicationCacheEnabled: false, browserConnectionEnabled: false, browserName: chrome, chrome: {chromedriverVersion: 2.38.552522 (437e6fbedfa876..., userDataDir: /tmp/.org.chromium.Chromium...}, cssSelectorsEnabled: true, databaseEnabled: false, handlesAlerts: true, hasTouchScreen: false, javascriptEnabled: true, locationContextEnabled: true, mobileEmulationEnabled: false, nativeEvents: true, networkConnectionEnabled: false, pageLoadStrategy: normal, platform: LINUX, platformName: LINUX, rotatable: false, setWindowRect: true, takesHeapSnapshot: true, takesScreenshot: true, unexpectedAlertBehaviour: , unhandledPromptBehavior: , version: 68.0.3440.106, webStorageEnabled: true}
Session ID: 30bd05fa0f2eb8b5d60a4d59f1c4f0e1]]>
            </message>
            <full-stacktrace>
              <![CDATA[org.openqa.selenium.WebDriverException: unknown error: Element <button id="front64fbd75d07ec519ac1c34bbf3c93e41b" tabindex="-1" type="button" disabled="" style="border: 10px; box-sizing: border-box; display: inline-block; font-family: Open-Sans; -webkit-tap-highlight-color: rgba(0, 0, 0, 0); cursor: default; text-decoration: none; margin: 0px; padding: 0px; outline: none; font-size: inherit; font-weight: inherit; position: absolute; height: 32px; width: 100%; border-radius: 2px; transition: all 450ms cubic-bezier(0.23, 1, 0.32, 1) 0ms; background-color: rgb(34, 37, 53); text-align: center;">...</button> is not clickable at point (1339, 28). Other element would receive the click: <span class="Locker"></span>
  (Session info: headless chrome=68.0.3440.106)
  (Driver info: chromedriver=2.38.552522 (437e6fbedfa8762dec75e2c5b3ddb86763dc9dcb),platform=Linux 4.9.87-linuxkit-aufs x86_64) (WARNING: The server did not provide any stacktrace information)
Command duration or timeout: 0 milliseconds
Build info: version: '3.8.1', revision: '6e95a6684b', time: '2017-12-01T18:33:54.468Z'
System info: host: '20dddad52158', ip: '172.17.0.2', os.name: 'Linux', os.arch: 'amd64', os.version: '4.9.87-linuxkit-aufs', java.version: '1.8.0_171'
Driver info: org.openqa.selenium.chrome.ChromeDriver
Capabilities {acceptInsecureCerts: false, acceptSslCerts: false, applicationCacheEnabled: false, browserConnectionEnabled: false, browserName: chrome, chrome: {chromedriverVersion: 2.38.552522 (437e6fbedfa876..., userDataDir: /tmp/.org.chromium.Chromium...}, cssSelectorsEnabled: true, databaseEnabled: false, handlesAlerts: true, hasTouchScreen: false, javascriptEnabled: true, locationContextEnabled: true, mobileEmulationEnabled: false, nativeEvents: true, networkConnectionEnabled: false, pageLoadStrategy: normal, platform: LINUX, platformName: LINUX, rotatable: false, setWindowRect: true, takesHeapSnapshot: true, takesScreenshot: true, unexpectedAlertBehaviour: , unhandledPromptBehavior: , version: 68.0.3440.106, webStorageEnabled: true}
Session ID: 30bd05fa0f2eb8b5d60a4d59f1c4f0e1
at sun.reflect.NativeConstructorAccessorImpl.newInstance0(Native Method)
at sun.reflect.NativeConstructorAccessorImpl.newInstance(NativeConstructorAccessorImpl.java:62)
at sun.reflect.DelegatingConstructorAccessorImpl.newInstance(DelegatingConstructorAccessorImpl.java:45)
at java.lang.reflect.Constructor.newInstance(Constructor.java:423)
at org.openqa.selenium.remote.ErrorHandler.createThrowable(ErrorHandler.java:214)
at org.openqa.selenium.remote.ErrorHandler.throwIfResponseFailed(ErrorHandler.java:166)
at org.openqa.selenium.remote.http.JsonHttpResponseCodec.reconstructValue(JsonHttpResponseCodec.java:40)
at org.openqa.selenium.remote.http.AbstractHttpResponseCodec.decode(AbstractHttpResponseCodec.java:80)
at org.openqa.selenium.remote.http.AbstractHttpResponseCodec.decode(AbstractHttpResponseCodec.java:44)
at org.openqa.selenium.remote.HttpCommandExecutor.execute(HttpCommandExecutor.java:164)
at org.openqa.selenium.remote.service.DriverCommandExecutor.execute(DriverCommandExecutor.java:83)
at org.openqa.selenium.remote.RemoteWebDriver.execute(RemoteWebDriver.java:601)
at org.openqa.selenium.remote.RemoteWebElement.execute(RemoteWebElement.java:279)
at org.openqa.selenium.remote.RemoteWebElement.click(RemoteWebElement.java:83)
at sun.reflect.GeneratedMethodAccessor1.invoke(Unknown Source)
at sun.reflect.DelegatingMethodAccessorImpl.invoke(DelegatingMethodAccessorImpl.java:43)
at java.lang.reflect.Method.invoke(Method.java:498)
at org.openqa.selenium.support.pagefactory.internal.LocatingElementHandler.invoke(LocatingElementHandler.java:51)
at com.sun.proxy.$Proxy25.click(Unknown Source)
at mainPackage.ui.ExpertiseUserPage.haveNotMoney(ExpertiseUserPage.java:355)
at uiTest.ExpertiseUser.haveNotMoney(ExpertiseUser.java:91)
at sun.reflect.NativeMethodAccessorImpl.invoke0(Native Method)
at sun.reflect.NativeMethodAccessorImpl.invoke(NativeMethodAccessorImpl.java:62)
at sun.reflect.DelegatingMethodAccessorImpl.invoke(DelegatingMethodAccessorImpl.java:43)
at java.lang.reflect.Method.invoke(Method.java:498)
at org.testng.internal.MethodInvocationHelper.invokeMethod(MethodInvocationHelper.java:124)
at org.testng.internal.Invoker.invokeMethod(Invoker.java:583)
at org.testng.internal.Invoker.retryFailed(Invoker.java:839)
at org.testng.internal.Invoker.invokeTestMethods(Invoker.java:1010)
at org.testng.internal.TestMethodWorker.invokeTestMethods(TestMethodWorker.java:125)
at org.testng.internal.TestMethodWorker.run(TestMethodWorker.java:109)
at org.testng.TestRunner.privateRun(TestRunner.java:648)
at org.testng.TestRunner.run(TestRunner.java:505)
at org.testng.SuiteRunner.runTest(SuiteRunner.java:455)
at org.testng.SuiteRunner.runSequentially(SuiteRunner.java:450)
at org.testng.SuiteRunner.privateRun(SuiteRunner.java:415)
at org.testng.SuiteRunner.run(SuiteRunner.java:364)
at org.testng.SuiteRunnerWorker.runSuite(SuiteRunnerWorker.java:52)
at org.testng.SuiteRunnerWorker.run(SuiteRunnerWorker.java:84)
at org.testng.TestNG.runSuitesSequentially(TestNG.java:1208)
at org.testng.TestNG.runSuitesLocally(TestNG.java:1137)
at org.testng.TestNG.runSuites(TestNG.java:1049)
at org.testng.TestNG.run(TestNG.java:1017)
at org.apache.maven.surefire.testng.TestNGExecutor.run(TestNGExecutor.java:178)
at org.apache.maven.surefire.testng.TestNGXmlTestSuite.execute(TestNGXmlTestSuite.java:92)
at org.apache.maven.surefire.testng.TestNGProvider.invoke(TestNGProvider.java:96)
at sun.reflect.NativeMethodAccessorImpl.invoke0(Native Method)
at sun.reflect.NativeMethodAccessorImpl.invoke(NativeMethodAccessorImpl.java:62)
at sun.reflect.DelegatingMethodAccessorImpl.invoke(DelegatingMethodAccessorImpl.java:43)
at java.lang.reflect.Method.invoke(Method.java:498)
at org.apache.maven.surefire.util.ReflectionUtils.invokeMethodWithArray2(ReflectionUtils.java:208)
at org.apache.maven.surefire.booter.ProviderFactory$ProviderProxy.invoke(ProviderFactory.java:159)
at org.apache.maven.surefire.booter.ProviderFactory.invokeProvider(ProviderFactory.java:87)
at org.apache.maven.surefire.booter.ForkedBooter.runSuitesInProcess(ForkedBooter.java:153)
at org.apache.maven.surefire.booter.ForkedBooter.main(ForkedBooter.java:95)
]]>
            </full-stacktrace>
          </exception> <!-- org.openqa.selenium.WebDriverException -->
          <reporter-output>
          </reporter-output>
        </test-method> <!-- haveNotMoney -->
        <test-method status="PASS" signature="emptyAllField()[pri:16, instance:uiTest.ExpertiseUser@49b0b76]" name="emptyAllField" duration-ms="3530" started-at="2018-08-14T09:59:26Z" description="test case with empty all fields" finished-at="2018-08-14T09:59:29Z">
          <reporter-output>
          </reporter-output>
        </test-method> <!-- emptyAllField -->
        <test-method status="PASS" signature="finish()[pri:0, instance:uiTest.ExpertiseUser@49b0b76]" name="finish" is-config="true" duration-ms="87" started-at="2018-08-14T09:59:29Z" finished-at="2018-08-14T09:59:30Z">
          <reporter-output>
          </reporter-output>
        </test-method> <!-- finish -->
      </class> <!-- uiTest.ExpertiseUser -->
    </test> <!-- ExpertiseUser -->
  </suite> <!-- Sanity Suite -->
</testng-results>
