<?xml version="1.0" encoding="UTF-8"?>
<!-- Generated by org.testng.reporters.JUnitXMLReporter -->
<testsuite hostname="20dddad52158" ignored="0" name="ExpertiseUser" tests="24" failures="1" timestamp="14 Aug 2018 09:59:30 GMT" time="61.903" errors="0">
  <testcase name="login" time="4.227" classname="uiTest.ExpertiseUser"/>
  <testcase name="validData" time="3.672" classname="uiTest.ExpertiseUser"/>
  <testcase name="doubleAttachment" time="3.373" classname="uiTest.ExpertiseUser"/>
  <testcase name="emptyTypeField" time="2.913" classname="uiTest.ExpertiseUser"/>
  <testcase name="emptyWhoYouAreField" time="4.772" classname="uiTest.ExpertiseUser">
    <skipped/>
  </testcase> <!-- emptyWhoYouAreField -->
  <testcase name="emptyWhoYouAreField" time="2.081" classname="uiTest.ExpertiseUser"/>
  <testcase name="incorrectSecondField" time="0.681" classname="uiTest.ExpertiseUser">
    <skipped/>
  </testcase> <!-- incorrectSecondField -->
  <testcase name="incorrectSecondField" time="2.389" classname="uiTest.ExpertiseUser"/>
  <testcase name="requisitesField" time="0.609" classname="uiTest.ExpertiseUser">
    <skipped/>
  </testcase> <!-- requisitesField -->
  <testcase name="requisitesField" time="2.278" classname="uiTest.ExpertiseUser"/>
  <testcase name="emptyRequisiteField" time="0.65" classname="uiTest.ExpertiseUser">
    <skipped/>
  </testcase> <!-- emptyRequisiteField -->
  <testcase name="emptyRequisiteField" time="1.759" classname="uiTest.ExpertiseUser"/>
  <testcase name="emptyAttachmentField" time="0.641" classname="uiTest.ExpertiseUser">
    <skipped/>
  </testcase> <!-- emptyAttachmentField -->
  <testcase name="emptyAttachmentField" time="2.282" classname="uiTest.ExpertiseUser"/>
  <testcase name="attachment21" time="0.604" classname="uiTest.ExpertiseUser">
    <skipped/>
  </testcase> <!-- attachment21 -->
  <testcase name="attachment21" time="3.726" classname="uiTest.ExpertiseUser"/>
  <testcase name="fileMoreThen50MB" time="0.613" classname="uiTest.ExpertiseUser">
    <skipped/>
  </testcase> <!-- fileMoreThen50MB -->
  <testcase name="fileMoreThen50MB" time="2.481" classname="uiTest.ExpertiseUser"/>
  <testcase name="deleteOneOfUploudedFiles" time="0.642" classname="uiTest.ExpertiseUser">
    <skipped/>
  </testcase> <!-- deleteOneOfUploudedFiles -->
  <testcase name="deleteOneOfUploudedFiles" time="3.116" classname="uiTest.ExpertiseUser"/>
  <testcase name="reestablishUploadedFiles" time="3.174" classname="uiTest.ExpertiseUser"/>
  <testcase name="haveNotMoney" time="5.188" classname="uiTest.ExpertiseUser">
    <skipped/>
  </testcase> <!-- haveNotMoney -->
  <testcase name="haveNotMoney" time="0.987" classname="uiTest.ExpertiseUser">
    <failure type="org.openqa.selenium.WebDriverException" message="unknown error: Element &amp;lt;button id=&amp;quot;front64fbd75d07ec519ac1c34bbf3c93e41b&amp;quot; tabindex=&amp;quot;-1&amp;quot; type=&amp;quot;button&amp;quot; disabled=&amp;quot;&amp;quot; style=&amp;quot;border: 10px; box-sizing: border-box; display: inline-block; font-family: Open-Sans; -webkit-tap-highlight-color: rgba(0, 0, 0, 0); cursor: default; text-decoration: none; margin: 0px; padding: 0px; outline: none; font-size: inherit; font-weight: inherit; position: absolute; height: 32px; width: 100%; border-radius: 2px; transition: all 450ms cubic-bezier(0.23, 1, 0.32, 1) 0ms; background-color: rgb(34, 37, 53); text-align: center;&amp;quot;&amp;gt;...&amp;lt;/button&amp;gt; is not clickable at point (1339, 28). Other element would receive the click: &amp;lt;span class=&amp;quot;Locker&amp;quot;&amp;gt;&amp;lt;/span&amp;gt;
  (Session info: headless chrome=68.0.3440.106)
  (Driver info: chromedriver=2.38.552522 (437e6fbedfa8762dec75e2c5b3ddb86763dc9dcb),platform=Linux 4.9.87-linuxkit-aufs x86_64) (WARNING: The server did not provide any stacktrace information)
Command duration or timeout: 0 milliseconds
Build info: version: &amp;apos;3.8.1&amp;apos;, revision: &amp;apos;6e95a6684b&amp;apos;, time: &amp;apos;2017-12-01T18:33:54.468Z&amp;apos;
System info: host: &amp;apos;20dddad52158&amp;apos;, ip: &amp;apos;172.17.0.2&amp;apos;, os.name: &amp;apos;Linux&amp;apos;, os.arch: &amp;apos;amd64&amp;apos;, os.version: &amp;apos;4.9.87-linuxkit-aufs&amp;apos;, java.version: &amp;apos;1.8.0_171&amp;apos;
Driver info: org.openqa.selenium.chrome.ChromeDriver
Capabilities {acceptInsecureCerts: false, acceptSslCerts: false, applicationCacheEnabled: false, browserConnectionEnabled: false, browserName: chrome, chrome: {chromedriverVersion: 2.38.552522 (437e6fbedfa876..., userDataDir: /tmp/.org.chromium.Chromium...}, cssSelectorsEnabled: true, databaseEnabled: false, handlesAlerts: true, hasTouchScreen: false, javascriptEnabled: true, locationContextEnabled: true, mobileEmulationEnabled: false, nativeEvents: true, networkConnectionEnabled: false, pageLoadStrategy: normal, platform: LINUX, platformName: LINUX, rotatable: false, setWindowRect: true, takesHeapSnapshot: true, takesScreenshot: true, unexpectedAlertBehaviour: , unhandledPromptBehavior: , version: 68.0.3440.106, webStorageEnabled: true}
Session ID: 30bd05fa0f2eb8b5d60a4d59f1c4f0e1">
      <![CDATA[org.openqa.selenium.WebDriverException: unknown error: Element <button id="front64fbd75d07ec519ac1c34bbf3c93e41b" tabindex="-1" type="button" disabled="" style="border: 10px; box-sizing: border-box; display: inline-block; font-family: Open-Sans; -webkit-tap-highlight-color: rgba(0, 0, 0, 0); cursor: default; text-decoration: none; margin: 0px; padding: 0px; outline: none; font-size: inherit; font-weight: inherit; position: absolute; height: 32px; width: 100%; border-radius: 2px; transition: all 450ms cubic-bezier(0.23, 1, 0.32, 1) 0ms; background-color: rgb(34, 37, 53); text-align: center;">...</button> is not clickable at point (1339, 28). Other element would receive the click: <span class="Locker"></span>
  (Session info: headless chrome=68.0.3440.106)
  (Driver info: chromedriver=2.38.552522 (437e6fbedfa8762dec75e2c5b3ddb86763dc9dcb),platform=Linux 4.9.87-linuxkit-aufs x86_64) (WARNING: The server did not provide any stacktrace information)
Command duration or timeout: 0 milliseconds
Build info: version: '3.8.1', revision: '6e95a6684b', time: '2017-12-01T18:33:54.468Z'
System info: host: '20dddad52158', ip: '172.17.0.2', os.name: 'Linux', os.arch: 'amd64', os.version: '4.9.87-linuxkit-aufs', java.version: '1.8.0_171'
Driver info: org.openqa.selenium.chrome.ChromeDriver
Capabilities {acceptInsecureCerts: false, acceptSslCerts: false, applicationCacheEnabled: false, browserConnectionEnabled: false, browserName: chrome, chrome: {chromedriverVersion: 2.38.552522 (437e6fbedfa876..., userDataDir: /tmp/.org.chromium.Chromium...}, cssSelectorsEnabled: true, databaseEnabled: false, handlesAlerts: true, hasTouchScreen: false, javascriptEnabled: true, locationContextEnabled: true, mobileEmulationEnabled: false, nativeEvents: true, networkConnectionEnabled: false, pageLoadStrategy: normal, platform: LINUX, platformName: LINUX, rotatable: false, setWindowRect: true, takesHeapSnapshot: true, takesScreenshot: true, unexpectedAlertBehaviour: , unhandledPromptBehavior: , version: 68.0.3440.106, webStorageEnabled: true}
Session ID: 30bd05fa0f2eb8b5d60a4d59f1c4f0e1
at org.openqa.selenium.remote.ErrorHandler.createThrowable(ErrorHandler.java:214)
at org.openqa.selenium.remote.ErrorHandler.throwIfResponseFailed(ErrorHandler.java:166)
at org.openqa.selenium.remote.http.JsonHttpResponseCodec.reconstructValue(JsonHttpResponseCodec.java:40)
at org.openqa.selenium.remote.http.AbstractHttpResponseCodec.decode(AbstractHttpResponseCodec.java:80)
at org.openqa.selenium.remote.http.AbstractHttpResponseCodec.decode(AbstractHttpResponseCodec.java:44)
at org.openqa.selenium.remote.HttpCommandExecutor.execute(HttpCommandExecutor.java:164)
at org.openqa.selenium.remote.service.DriverCommandExecutor.execute(DriverCommandExecutor.java:83)
at org.openqa.selenium.remote.RemoteWebDriver.execute(RemoteWebDriver.java:601)
at org.openqa.selenium.remote.RemoteWebElement.execute(RemoteWebElement.java:279)
at org.openqa.selenium.remote.RemoteWebElement.click(RemoteWebElement.java:83)
at org.openqa.selenium.support.pagefactory.internal.LocatingElementHandler.invoke(LocatingElementHandler.java:51)
at com.sun.proxy.$Proxy25.click(Unknown Source)
at mainPackage.ui.ExpertiseUserPage.haveNotMoney(ExpertiseUserPage.java:355)
at uiTest.ExpertiseUser.haveNotMoney(ExpertiseUser.java:91)
... Removed 41 stack frames]]>
    </failure>
  </testcase> <!-- haveNotMoney -->
  <testcase name="emptyAllField" time="3.53" classname="uiTest.ExpertiseUser"/>
</testsuite> <!-- ExpertiseUser -->
