<?xml version="1.0" encoding="UTF-8"?>
<!-- Generated by org.testng.reporters.JUnitReportReporter -->
<testsuite skipped="9" hostname="20dddad52158" name="uiTest.ExpertiseUser" tests="24" failures="0" timestamp="14 Aug 2018 09:59:30 GMT" time="56.388" errors="1">
  <testcase name="login" time="4.227" classname="uiTest.ExpertiseUser"/>
  <testcase name="validData" time="3.672" classname="uiTest.ExpertiseUser"/>
  <testcase name="doubleAttachment" time="3.373" classname="uiTest.ExpertiseUser"/>
  <testcase name="emptyTypeField" time="2.913" classname="uiTest.ExpertiseUser"/>
  <testcase name="emptyWhoYouAreField" time="2.081" classname="uiTest.ExpertiseUser"/>
  <testcase name="emptyWhoYouAreField" time="4.772" classname="uiTest.ExpertiseUser">
    <skipped/>
  </testcase> <!-- emptyWhoYouAreField -->
  <testcase name="incorrectSecondField" time="2.389" classname="uiTest.ExpertiseUser"/>
  <testcase name="incorrectSecondField" time="0.681" classname="uiTest.ExpertiseUser">
    <skipped/>
  </testcase> <!-- incorrectSecondField -->
  <testcase name="requisitesField" time="0.609" classname="uiTest.ExpertiseUser">
    <skipped/>
  </testcase> <!-- requisitesField -->
  <testcase name="requisitesField" time="2.278" classname="uiTest.ExpertiseUser"/>
  <testcase name="emptyRequisiteField" time="0.650" classname="uiTest.ExpertiseUser">
    <skipped/>
  </testcase> <!-- emptyRequisiteField -->
  <testcase name="emptyRequisiteField" time="1.759" classname="uiTest.ExpertiseUser"/>
  <testcase name="emptyAttachmentField" time="0.641" classname="uiTest.ExpertiseUser">
    <skipped/>
  </testcase> <!-- emptyAttachmentField -->
  <testcase name="emptyAttachmentField" time="2.282" classname="uiTest.ExpertiseUser"/>
  <testcase name="attachment21" time="3.726" classname="uiTest.ExpertiseUser"/>
  <testcase name="attachment21" time="0.604" classname="uiTest.ExpertiseUser">
    <skipped/>
  </testcase> <!-- attachment21 -->
  <testcase name="fileMoreThen50MB" time="0.613" classname="uiTest.ExpertiseUser">
    <skipped/>
  </testcase> <!-- fileMoreThen50MB -->
  <testcase name="fileMoreThen50MB" time="2.481" classname="uiTest.ExpertiseUser"/>
  <testcase name="deleteOneOfUploudedFiles" time="3.116" classname="uiTest.ExpertiseUser"/>
  <testcase name="deleteOneOfUploudedFiles" time="0.642" classname="uiTest.ExpertiseUser">
    <skipped/>
  </testcase> <!-- deleteOneOfUploudedFiles -->
  <testcase name="reestablishUploadedFiles" time="3.174" classname="uiTest.ExpertiseUser"/>
  <testcase name="haveNotMoney" time="5.188" classname="uiTest.ExpertiseUser">
    <skipped/>
  </testcase> <!-- haveNotMoney -->
  <testcase name="haveNotMoney" time="0.987" classname="uiTest.ExpertiseUser">
    <error type="org.openqa.selenium.WebDriverException" message="unknown error: Element &lt;button id=&quot;front64fbd75d07ec519ac1c34bbf3c93e41b&quot; tabindex=&quot;-1&quot; type=&quot;button&quot; disabled=&quot;&quot; style=&quot;border: 10px; box-sizing: border-box; display: inline-block; font-family: Open-Sans; -webkit-tap-highlight-color: rgba(0, 0, 0, 0); cursor: default; text-decoration: none; margin: 0px; padding: 0px; outline: none; font-size: inherit; font-weight: inherit; position: absolute; height: 32px; width: 100%; border-radius: 2px; transition: all 450ms cubic-bezier(0.23, 1, 0.32, 1) 0ms; background-color: rgb(34, 37, 53); text-align: center;&quot;&gt;...&lt;/button&gt; is not clickable at point (1339, 28). Other element would receive the click: &lt;span class=&quot;Locker&quot;&gt;&lt;/span&gt;
  (Session info: headless chrome=68.0.3440.106)
  (Driver info: chromedriver=2.38.552522 (437e6fbedfa8762dec75e2c5b3ddb86763dc9dcb),platform=Linux 4.9.87-linuxkit-aufs x86_64) (WARNING: The server did not provide any stacktrace information)
Command duration or timeout: 0 milliseconds
Build info: version: &#039;3.8.1&#039;, revision: &#039;6e95a6684b&#039;, time: &#039;2017-12-01T18:33:54.468Z&#039;
System info: host: &#039;20dddad52158&#039;, ip: &#039;172.17.0.2&#039;, os.name: &#039;Linux&#039;, os.arch: &#039;amd64&#039;, os.version: &#039;4.9.87-linuxkit-aufs&#039;, java.version: &#039;1.8.0_171&#039;
Driver info: org.openqa.selenium.chrome.ChromeDriver
Capabilities {acceptInsecureCerts: false, acceptSslCerts: false, applicationCacheEnabled: false, browserConnectionEnabled: false, browserName: chrome, chrome: {chromedriverVersion: 2.38.552522 (437e6fbedfa876..., userDataDir: /tmp/.org.chromium.Chromium...}, cssSelectorsEnabled: true, databaseEnabled: false, handlesAlerts: true, hasTouchScreen: false, javascriptEnabled: true, locationContextEnabled: true, mobileEmulationEnabled: false, nativeEvents: true, networkConnectionEnabled: false, pageLoadStrategy: normal, platform: LINUX, platformName: LINUX, rotatable: false, setWindowRect: true, takesHeapSnapshot: true, takesScreenshot: true, unexpectedAlertBehaviour: , unhandledPromptBehavior: , version: 68.0.3440.106, webStorageEnabled: true}
Session ID: 30bd05fa0f2eb8b5d60a4d59f1c4f0e1">
      <![CDATA[org.openqa.selenium.WebDriverException: unknown error: Element <button id="front64fbd75d07ec519ac1c34bbf3c93e41b" tabindex="-1" type="button" disabled="" style="border: 10px; box-sizing: border-box; display: inline-block; font-family: Open-Sans; -webkit-tap-highlight-color: rgba(0, 0, 0, 0); cursor: default; text-decoration: none; margin: 0px; padding: 0px; outline: none; font-size: inherit; font-weight: inherit; position: absolute; height: 32px; width: 100%; border-radius: 2px; transition: all 450ms cubic-bezier(0.23, 1, 0.32, 1) 0ms; background-color: rgb(34, 37, 53); text-align: center;">...</button> is not clickable at point (1339, 28). Other element would receive the click: <span class="Locker"></span>
  (Session info: headless chrome=68.0.3440.106)
  (Driver info: chromedriver=2.38.552522 (437e6fbedfa8762dec75e2c5b3ddb86763dc9dcb),platform=Linux 4.9.87-linuxkit-aufs x86_64) (WARNING: The server did not provide any stacktrace information)
Command duration or timeout: 0 milliseconds
Build info: version: '3.8.1', revision: '6e95a6684b', time: '2017-12-01T18:33:54.468Z'
System info: host: '20dddad52158', ip: '172.17.0.2', os.name: 'Linux', os.arch: 'amd64', os.version: '4.9.87-linuxkit-aufs', java.version: '1.8.0_171'
Driver info: org.openqa.selenium.chrome.ChromeDriver
Capabilities {acceptInsecureCerts: false, acceptSslCerts: false, applicationCacheEnabled: false, browserConnectionEnabled: false, browserName: chrome, chrome: {chromedriverVersion: 2.38.552522 (437e6fbedfa876..., userDataDir: /tmp/.org.chromium.Chromium...}, cssSelectorsEnabled: true, databaseEnabled: false, handlesAlerts: true, hasTouchScreen: false, javascriptEnabled: true, locationContextEnabled: true, mobileEmulationEnabled: false, nativeEvents: true, networkConnectionEnabled: false, pageLoadStrategy: normal, platform: LINUX, platformName: LINUX, rotatable: false, setWindowRect: true, takesHeapSnapshot: true, takesScreenshot: true, unexpectedAlertBehaviour: , unhandledPromptBehavior: , version: 68.0.3440.106, webStorageEnabled: true}
Session ID: 30bd05fa0f2eb8b5d60a4d59f1c4f0e1
at sun.reflect.NativeConstructorAccessorImpl.newInstance0(Native Method)
at sun.reflect.NativeConstructorAccessorImpl.newInstance(NativeConstructorAccessorImpl.java:62)
at sun.reflect.DelegatingConstructorAccessorImpl.newInstance(DelegatingConstructorAccessorImpl.java:45)
at java.lang.reflect.Constructor.newInstance(Constructor.java:423)
at org.openqa.selenium.remote.ErrorHandler.createThrowable(ErrorHandler.java:214)
at org.openqa.selenium.remote.ErrorHandler.throwIfResponseFailed(ErrorHandler.java:166)
at org.openqa.selenium.remote.http.JsonHttpResponseCodec.reconstructValue(JsonHttpResponseCodec.java:40)
at org.openqa.selenium.remote.http.AbstractHttpResponseCodec.decode(AbstractHttpResponseCodec.java:80)
at org.openqa.selenium.remote.http.AbstractHttpResponseCodec.decode(AbstractHttpResponseCodec.java:44)
at org.openqa.selenium.remote.HttpCommandExecutor.execute(HttpCommandExecutor.java:164)
at org.openqa.selenium.remote.service.DriverCommandExecutor.execute(DriverCommandExecutor.java:83)
at org.openqa.selenium.remote.RemoteWebDriver.execute(RemoteWebDriver.java:601)
at org.openqa.selenium.remote.RemoteWebElement.execute(RemoteWebElement.java:279)
at org.openqa.selenium.remote.RemoteWebElement.click(RemoteWebElement.java:83)
at sun.reflect.GeneratedMethodAccessor1.invoke(Unknown Source)
at sun.reflect.DelegatingMethodAccessorImpl.invoke(DelegatingMethodAccessorImpl.java:43)
at java.lang.reflect.Method.invoke(Method.java:498)
at org.openqa.selenium.support.pagefactory.internal.LocatingElementHandler.invoke(LocatingElementHandler.java:51)
at com.sun.proxy.$Proxy25.click(Unknown Source)
at mainPackage.ui.ExpertiseUserPage.haveNotMoney(ExpertiseUserPage.java:355)
at uiTest.ExpertiseUser.haveNotMoney(ExpertiseUser.java:91)
at sun.reflect.NativeMethodAccessorImpl.invoke0(Native Method)
at sun.reflect.NativeMethodAccessorImpl.invoke(NativeMethodAccessorImpl.java:62)
at sun.reflect.DelegatingMethodAccessorImpl.invoke(DelegatingMethodAccessorImpl.java:43)
at java.lang.reflect.Method.invoke(Method.java:498)
at org.testng.internal.MethodInvocationHelper.invokeMethod(MethodInvocationHelper.java:124)
at org.testng.internal.Invoker.invokeMethod(Invoker.java:583)
at org.testng.internal.Invoker.retryFailed(Invoker.java:839)
at org.testng.internal.Invoker.invokeTestMethods(Invoker.java:1010)
at org.testng.internal.TestMethodWorker.invokeTestMethods(TestMethodWorker.java:125)
at org.testng.internal.TestMethodWorker.run(TestMethodWorker.java:109)
at org.testng.TestRunner.privateRun(TestRunner.java:648)
at org.testng.TestRunner.run(TestRunner.java:505)
at org.testng.SuiteRunner.runTest(SuiteRunner.java:455)
at org.testng.SuiteRunner.runSequentially(SuiteRunner.java:450)
at org.testng.SuiteRunner.privateRun(SuiteRunner.java:415)
at org.testng.SuiteRunner.run(SuiteRunner.java:364)
at org.testng.SuiteRunnerWorker.runSuite(SuiteRunnerWorker.java:52)
at org.testng.SuiteRunnerWorker.run(SuiteRunnerWorker.java:84)
at org.testng.TestNG.runSuitesSequentially(TestNG.java:1208)
at org.testng.TestNG.runSuitesLocally(TestNG.java:1137)
at org.testng.TestNG.runSuites(TestNG.java:1049)
at org.testng.TestNG.run(TestNG.java:1017)
at org.apache.maven.surefire.testng.TestNGExecutor.run(TestNGExecutor.java:178)
at org.apache.maven.surefire.testng.TestNGXmlTestSuite.execute(TestNGXmlTestSuite.java:92)
at org.apache.maven.surefire.testng.TestNGProvider.invoke(TestNGProvider.java:96)
at sun.reflect.NativeMethodAccessorImpl.invoke0(Native Method)
at sun.reflect.NativeMethodAccessorImpl.invoke(NativeMethodAccessorImpl.java:62)
at sun.reflect.DelegatingMethodAccessorImpl.invoke(DelegatingMethodAccessorImpl.java:43)
at java.lang.reflect.Method.invoke(Method.java:498)
at org.apache.maven.surefire.util.ReflectionUtils.invokeMethodWithArray2(ReflectionUtils.java:208)
at org.apache.maven.surefire.booter.ProviderFactory$ProviderProxy.invoke(ProviderFactory.java:159)
at org.apache.maven.surefire.booter.ProviderFactory.invokeProvider(ProviderFactory.java:87)
at org.apache.maven.surefire.booter.ForkedBooter.runSuitesInProcess(ForkedBooter.java:153)
at org.apache.maven.surefire.booter.ForkedBooter.main(ForkedBooter.java:95)
]]>
    </error>
  </testcase> <!-- haveNotMoney -->
  <testcase name="emptyAllField" time="3.530" classname="uiTest.ExpertiseUser"/>
</testsuite> <!-- uiTest.ExpertiseUser -->
